[ 2016-10-10T10:17:32+08:00 ] 127.0.0.1 /ftms/index.php/static/js/header.js
INFO: [ app_init ] --START--
INFO: Run Behavior\BuildLiteBehavior [ RunTime:0.000060s ]
INFO: [ app_init ] --END-- [ RunTime:0.003649s ]
ERR: æ— æ³•åŠ è½½æ¨¡å—:Static

[ 2016-10-10T10:17:32+08:00 ] 127.0.0.1 /ftms/index.php/static/js/jquery-1.8.3.min.js
INFO: [ app_init ] --START--
INFO: Run Behavior\BuildLiteBehavior [ RunTime:0.000059s ]
INFO: [ app_init ] --END-- [ RunTime:0.001314s ]
ERR: æ— æ³•åŠ è½½æ¨¡å—:Static

[ 2016-10-10T10:17:32+08:00 ] 127.0.0.1 /ftms/index.php/static/js/header.js
INFO: [ app_init ] --START--
INFO: Run Behavior\BuildLiteBehavior [ RunTime:0.000059s ]
INFO: [ app_init ] --END-- [ RunTime:0.001287s ]
ERR: æ— æ³•åŠ è½½æ¨¡å—:Static

[ 2016-10-10T10:18:06+08:00 ] 127.0.0.1 /ftms/index.php/ftms/static/js/header.js
INFO: [ app_init ] --START--
INFO: Run Behavior\BuildLiteBehavior [ RunTime:0.000057s ]
INFO: [ app_init ] --END-- [ RunTime:0.000836s ]
ERR: æ— æ³•åŠ è½½æ¨¡å—:Ftms

[ 2016-10-10T10:18:06+08:00 ] 127.0.0.1 /ftms/index.php/ftms/static/js/jquery-1.8.3.min.js
INFO: [ app_init ] --START--
INFO: Run Behavior\BuildLiteBehavior [ RunTime:0.000063s ]
INFO: [ app_init ] --END-- [ RunTime:0.001055s ]
ERR: æ— æ³•åŠ è½½æ¨¡å—:Ftms

[ 2016-10-10T10:18:06+08:00 ] 127.0.0.1 /ftms/index.php/ftms/static/js/header.js
INFO: [ app_init ] --START--
INFO: Run Behavior\BuildLiteBehavior [ RunTime:0.000048s ]
INFO: [ app_init ] --END-- [ RunTime:0.000771s ]
ERR: æ— æ³•åŠ è½½æ¨¡å—:Ftms

[ 2016-10-10T10:18:08+08:00 ] 127.0.0.1 /ftms/index.php/ftms/static/js/header.js
INFO: [ app_init ] --START--
INFO: Run Behavior\BuildLiteBehavior [ RunTime:0.000052s ]
INFO: [ app_init ] --END-- [ RunTime:0.001262s ]
ERR: æ— æ³•åŠ è½½æ¨¡å—:Ftms

[ 2016-10-10T10:18:08+08:00 ] 127.0.0.1 /ftms/index.php/ftms/static/js/jquery-1.8.3.min.js
INFO: [ app_init ] --START--
INFO: Run Behavior\BuildLiteBehavior [ RunTime:0.000028s ]
INFO: [ app_init ] --END-- [ RunTime:0.000664s ]
ERR: æ— æ³•åŠ è½½æ¨¡å—:Ftms

[ 2016-10-10T10:18:08+08:00 ] 127.0.0.1 /ftms/index.php/ftms/static/js/header.js
INFO: [ app_init ] --START--
INFO: Run Behavior\BuildLiteBehavior [ RunTime:0.000028s ]
INFO: [ app_init ] --END-- [ RunTime:0.000743s ]
ERR: æ— æ³•åŠ è½½æ¨¡å—:Ftms

[ 2016-10-10T10:20:00+08:00 ] 127.0.0.1 /ftms/index.php/ftms/static/js/jquery-1.8.3.min.js
INFO: [ app_init ] --START--
INFO: Run Behavior\BuildLiteBehavior [ RunTime:0.000050s ]
INFO: [ app_init ] --END-- [ RunTime:0.001369s ]
ERR: æ— æ³•åŠ è½½æ¨¡å—:Ftms

[ 2016-10-10T10:20:00+08:00 ] 127.0.0.1 /ftms/index.php/ftms/static/js/header.js
INFO: [ app_init ] --START--
INFO: Run Behavior\BuildLiteBehavior [ RunTime:0.000093s ]
INFO: [ app_init ] --END-- [ RunTime:0.001987s ]
ERR: æ— æ³•åŠ è½½æ¨¡å—:Ftms

[ 2016-10-10T10:23:59+08:00 ] 127.0.0.1 /ftms/index.php/ftms/static/js/header.js
INFO: [ app_init ] --START--
INFO: Run Behavior\BuildLiteBehavior [ RunTime:0.000051s ]
INFO: [ app_init ] --END-- [ RunTime:0.001272s ]
ERR: æ— æ³•åŠ è½½æ¨¡å—:Ftms

[ 2016-10-10T10:23:59+08:00 ] 127.0.0.1 /ftms/index.php/ftms/static/js/jquery-1.8.3.min.js
INFO: [ app_init ] --START--
INFO: Run Behavior\BuildLiteBehavior [ RunTime:0.000061s ]
INFO: [ app_init ] --END-- [ RunTime:0.013181s ]
ERR: æ— æ³•åŠ è½½æ¨¡å—:Ftms

[ 2016-10-10T10:23:59+08:00 ] 127.0.0.1 /ftms/index.php/ftms/static/js/header.js
INFO: [ app_init ] --START--
INFO: Run Behavior\BuildLiteBehavior [ RunTime:0.000061s ]
INFO: [ app_init ] --END-- [ RunTime:0.002871s ]
ERR: æ— æ³•åŠ è½½æ¨¡å—:Ftms

[ 2016-10-10T10:24:27+08:00 ] 127.0.0.1 /ftms/index.php/ftms/static/js/jquery-1.8.3.min.js
INFO: [ app_init ] --START--
INFO: Run Behavior\BuildLiteBehavior [ RunTime:0.000052s ]
INFO: [ app_init ] --END-- [ RunTime:0.001311s ]
ERR: æ— æ³•åŠ è½½æ¨¡å—:Ftms

[ 2016-10-10T10:24:27+08:00 ] 127.0.0.1 /ftms/index.php/ftms/static/js/header.js
INFO: [ app_init ] --START--
INFO: Run Behavior\BuildLiteBehavior [ RunTime:0.000050s ]
INFO: [ app_init ] --END-- [ RunTime:0.001248s ]
ERR: æ— æ³•åŠ è½½æ¨¡å—:Ftms

[ 2016-10-10T10:24:27+08:00 ] 127.0.0.1 /ftms/index.php/ftms/static/js/header.js
INFO: [ app_init ] --START--
INFO: Run Behavior\BuildLiteBehavior [ RunTime:0.000029s ]
INFO: [ app_init ] --END-- [ RunTime:0.000637s ]
ERR: æ— æ³•åŠ è½½æ¨¡å—:Ftms

[ 2016-10-10T10:24:32+08:00 ] 127.0.0.1 /ftms/index.php/ftms/static/js/jquery-1.8.3.min.js
INFO: [ app_init ] --START--
INFO: Run Behavior\BuildLiteBehavior [ RunTime:0.000062s ]
INFO: [ app_init ] --END-- [ RunTime:0.001199s ]
ERR: æ— æ³•åŠ è½½æ¨¡å—:Ftms

[ 2016-10-10T10:24:32+08:00 ] 127.0.0.1 /ftms/index.php/ftms/static/js/header.js
INFO: [ app_init ] --START--
INFO: Run Behavior\BuildLiteBehavior [ RunTime:0.000069s ]
INFO: [ app_init ] --END-- [ RunTime:0.002946s ]
ERR: æ— æ³•åŠ è½½æ¨¡å—:Ftms

[ 2016-10-10T10:25:02+08:00 ] 127.0.0.1 /ftms/index.php/ftms/static/js/jquery-1.8.3.min.js
INFO: [ app_init ] --START--
INFO: Run Behavior\BuildLiteBehavior [ RunTime:0.000080s ]
INFO: [ app_init ] --END-- [ RunTime:0.002804s ]
ERR: æ— æ³•åŠ è½½æ¨¡å—:Ftms

[ 2016-10-10T10:25:02+08:00 ] 127.0.0.1 /ftms/index.php/ftms/static/js/header.js
INFO: [ app_init ] --START--
INFO: Run Behavior\BuildLiteBehavior [ RunTime:0.000057s ]
INFO: [ app_init ] --END-- [ RunTime:0.001284s ]
ERR: æ— æ³•åŠ è½½æ¨¡å—:Ftms

[ 2016-10-10T10:25:14+08:00 ] 127.0.0.1 /ftms/index.php/ftms/static/js/jquery-1.8.3.min.js
INFO: [ app_init ] --START--
INFO: Run Behavior\BuildLiteBehavior [ RunTime:0.000051s ]
INFO: [ app_init ] --END-- [ RunTime:0.001094s ]
ERR: æ— æ³•åŠ è½½æ¨¡å—:Ftms

[ 2016-10-10T10:25:14+08:00 ] 127.0.0.1 /ftms/index.php/ftms/static/js/header.js
INFO: [ app_init ] --START--
INFO: Run Behavior\BuildLiteBehavior [ RunTime:0.000050s ]
INFO: [ app_init ] --END-- [ RunTime:0.001195s ]
ERR: æ— æ³•åŠ è½½æ¨¡å—:Ftms

[ 2016-10-10T10:26:43+08:00 ] 127.0.0.1 /ftms/index.php/ftms/static/js/jquery-1.8.3.min.js
INFO: [ app_init ] --START--
INFO: Run Behavior\BuildLiteBehavior [ RunTime:0.000045s ]
INFO: [ app_init ] --END-- [ RunTime:0.000956s ]
ERR: æ— æ³•åŠ è½½æ¨¡å—:Ftms

[ 2016-10-10T10:26:43+08:00 ] 127.0.0.1 /ftms/index.php/ftms/static/js/header.js
INFO: [ app_init ] --START--
INFO: Run Behavior\BuildLiteBehavior [ RunTime:0.000053s ]
INFO: [ app_init ] --END-- [ RunTime:0.003544s ]
ERR: æ— æ³•åŠ è½½æ¨¡å—:Ftms

[ 2016-10-10T10:27:27+08:00 ] 127.0.0.1 /ftms/index.php/ftms/static/js/header.js
INFO: [ app_init ] --START--
INFO: Run Behavior\BuildLiteBehavior [ RunTime:0.000049s ]
INFO: [ app_init ] --END-- [ RunTime:0.000996s ]
ERR: æ— æ³•åŠ è½½æ¨¡å—:Ftms

[ 2016-10-10T10:27:27+08:00 ] 127.0.0.1 /ftms/index.php/ftms/static/js/jquery-1.8.3.min.js
INFO: [ app_init ] --START--
INFO: Run Behavior\BuildLiteBehavior [ RunTime:0.000038s ]
INFO: [ app_init ] --END-- [ RunTime:0.000779s ]
ERR: æ— æ³•åŠ è½½æ¨¡å—:Ftms

[ 2016-10-10T10:27:27+08:00 ] 127.0.0.1 /ftms/index.php/ftms/static/js/header.js
INFO: [ app_init ] --START--
INFO: Run Behavior\BuildLiteBehavior [ RunTime:0.000031s ]
INFO: [ app_init ] --END-- [ RunTime:0.000733s ]
ERR: æ— æ³•åŠ è½½æ¨¡å—:Ftms

[ 2016-10-10T10:27:31+08:00 ] 127.0.0.1 /ftms/index.php/ftms/static/js/jquery-1.8.3.min.js
INFO: [ app_init ] --START--
INFO: Run Behavior\BuildLiteBehavior [ RunTime:0.000054s ]
INFO: [ app_init ] --END-- [ RunTime:0.001175s ]
ERR: æ— æ³•åŠ è½½æ¨¡å—:Ftms

[ 2016-10-10T10:27:31+08:00 ] 127.0.0.1 /ftms/index.php/ftms/static/js/header.js
INFO: [ app_init ] --START--
INFO: Run Behavior\BuildLiteBehavior [ RunTime:0.000055s ]
INFO: [ app_init ] --END-- [ RunTime:0.001185s ]
ERR: æ— æ³•åŠ è½½æ¨¡å—:Ftms

[ 2016-10-10T10:27:34+08:00 ] 127.0.0.1 /ftms/index.php/ftms/static/js/header.js
INFO: [ app_init ] --START--
INFO: Run Behavior\BuildLiteBehavior [ RunTime:0.000054s ]
INFO: [ app_init ] --END-- [ RunTime:0.001195s ]
ERR: æ— æ³•åŠ è½½æ¨¡å—:Ftms

—:Ftms

[ 2016-10-10T10:27:34+08:00 ] 127.0.0.1 /ftms/index.php/ftms/static/js/header.js
INFO: [ app_init ] --START--
INFO: Run Behavior\BuildLiteBehavior [ RunTime:0.000028s ]
INFO: [ app_init ] --END-- [ RunTime:0.000647s ]
ERR: æ— æ³•åŠ è½½æ¨¡å—:Ftms

[ 2016-10-10T10:27:37+08:00 ] 127.0.0.1 /ftms/index.php/ftms/static/js/jquery-1.8.3.min.js
INFO: [ app_init ] --START--
INFO: Run Behavior\BuildLiteBehavior [ RunTime:0.000056s ]
INFO: [ app_init ] --END-- [ RunTime:0.001183s ]
ERR: æ— æ³•åŠ è½½æ¨¡å—:Ftms

[ 2016-10-10T10:27:37+08:00 ] 127.0.0.1 /ftms/index.php/ftms/static/js/header.js
INFO: [ app_init ] --START--
INFO: Run Behavior\BuildLiteBehavior [ RunTime:0.000052s ]
INFO: [ app_init ] --END-- [ RunTime:0.001136s ]
ERR: æ— æ³•åŠ è½½æ¨¡å—:Ftms

[ 2016-10-10T10:27:38+08:00 ] 127.0.0.1 /ftms/index.php/ftms/static/js/header.js
INFO: [ app_init ] --START--
INFO: Run Behavior\BuildLiteBehavior [ RunTime:0.000055s ]
INFO: [ app_init ] --END-- [ RunTime:0.001563s ]
ERR: æ— æ³•åŠ è½½æ¨¡å—:Ftms

[ 2016-10-10T10:32:26+08:00 ] 127.0.0.1 /ftms/index.php/ftms/static/js/jquery-1.8.3.min.js
INFO: [ app_init ] --START--
INFO: Run Behavior\BuildLiteBehavior [ RunTime:0.000056s ]
INFO: [ app_init ] --END-- [ RunTime:0.001721s ]
ERR: æ— æ³•åŠ è½½æ¨¡å—:Ftms

[ 2016-10-10T10:32:26+08:00 ] 127.0.0.1 /ftms/index.php/ftms/static/js/header.js
INFO: [ app_init ] --START--
INFO: Run Behavior\BuildLiteBehavior [ RunTime:0.000073s ]
INFO: [ app_init ] --END-- [ RunTime:0.004326s ]
ERR: æ— æ³•åŠ è½½æ¨¡å—:Ftms

[ 2016-10-10T10:33:03+08:00 ] 127.0.0.1 /ftms/index.php/ftms/static/js/header.js
INFO: [ app_init ] --START--
INFO: Run Behavior\BuildLiteBehavior [ RunTime:0.000062s ]
INFO: [ app_init ] --END-- [ RunTime:0.001296s ]
ERR: æ— æ³•åŠ è½½æ¨¡å—:Ftms

[ 2016-10-10T10:33:03+08:00 ] 127.0.0.1 /ftms/index.php/ftms/static/js/jquery-1.8.3.min.js
INFO: [ app_init ] --START--
INFO: Run Behavior\BuildLiteBehavior [ RunTime:0.000056s ]
INFO: [ app_init ] --END-- [ RunTime:0.001277s ]
ERR: æ— æ³•åŠ è½½æ¨¡å—:Ftms

[ 2016-10-10T10:33:03+08:00 ] 127.0.0.1 /ftms/index.php/ftms/static/js/header.js
INFO: [ app_init ] --START--
INFO: Run Behavior\BuildLiteBehavior [ RunTime:0.000054s ]
INFO: [ app_init ] --END-- [ RunTime:0.001321s ]
ERR: æ— æ³•åŠ è½½æ¨¡å—:Ftms

[ 2016-10-10T10:33:39+08:00 ] 127.0.0.1 /ftms/index.php/ftms/static/js/header.js
INFO: [ app_init ] --START--
INFO: Run Behavior\BuildLiteBehavior [ RunTime:0.000058s ]
INFO: [ app_init ] --END-- [ RunTime:0.001391s ]
ERR: æ— æ³•åŠ è½½æ¨¡å—:Ftms

[ 2016-10-10T10:33:39+08:00 ] 127.0.0.1 /ftms/index.php/ftms/static/js/jquery-1.8.3.min.js
INFO: [ app_init ] --START--
INFO: Run Behavior\BuildLiteBehavior [ RunTime:0.000051s ]
INFO: [ app_init ] --END-- [ RunTime:0.008082s ]
ERR: æ— æ³•åŠ è½½æ¨¡å—:Ftms

[ 2016-10-10T10:33:39+08:00 ] 127.0.0.1 /ftms/index.php/ftms/static/js/header.js
INFO: [ app_init ] --START--
INFO: Run Behavior\BuildLiteBehavior [ RunTime:0.000047s ]
INFO: [ app_init ] --END-- [ RunTime:0.001075s ]
ERR: æ— æ³•åŠ è½½æ¨¡å—:Ftms

[ 2016-10-10T11:04:00+08:00 ] 127.0.0.1 /ftms/index.php/ftms/static/js/header.js
INFO: [ app_init ] --START--
INFO: Run Behavior\BuildLiteBehavior [ RunTime:0.000058s ]
INFO: [ app_init ] --END-- [ RunTime:0.001980s ]
ERR: æ— æ³•åŠ è½½æ¨¡å—:Ftms

—:Ftms

[ 2016-10-10T11:04:00+08:00 ] 127.0.0.1 /ftms/index.php/ftms/static/js/header.js
INFO: [ app_init ] --START--
INFO: Run Behavior\BuildLiteBehavior [ RunTime:0.000057s ]
INFO: [ app_init ] --END-- [ RunTime:0.001509s ]
ERR: æ— æ³•åŠ è½½æ¨¡å—:Ftms

[ 2016-10-10T11:04:21+08:00 ] 127.0.0.1 /ftms/index.php/ftms/static/js/jquery-1.8.3.min.js
INFO: [ app_init ] --START--
INFO: Run Behavior\BuildLiteBehavior [ RunTime:0.000056s ]
INFO: [ app_init ] --END-- [ RunTime:0.001647s ]
ERR: æ— æ³•åŠ è½½æ¨¡å—:Ftms

[ 2016-10-10T11:04:21+08:00 ] 127.0.0.1 /ftms/index.php/ftms/static/js/header.js
INFO: [ app_init ] --START--
INFO: Run Behavior\BuildLiteBehavior [ RunTime:0.000045s ]
INFO: [ app_init ] --END-- [ RunTime:0.001394s ]
ERR: æ— æ³•åŠ è½½æ¨¡å—:Ftms

[ 2016-10-10T11:04:21+08:00 ] 127.0.0.1 /ftms/index.php/ftms/static/js/header.js
INFO: [ app_init ] --START--
INFO: Run Behavior\BuildLiteBehavior [ RunTime:0.000051s ]
INFO: [ app_init ] --END-- [ RunTime:0.001828s ]
ERR: æ— æ³•åŠ è½½æ¨¡å—:Ftms

[ 2016-10-10T11:04:25+08:00 ] 127.0.0.1 /ftms/index.php/ftms/static/js/jquery-1.8.3.min.js
INFO: [ app_init ] --START--
INFO: Run Behavior\BuildLiteBehavior [ RunTime:0.000070s ]
INFO: [ app_init ] --END-- [ RunTime:0.001550s ]
ERR: æ— æ³•åŠ è½½æ¨¡å—:Ftms

[ 2016-10-10T11:04:25+08:00 ] 127.0.0.1 /ftms/index.php/ftms/static/js/header.js
INFO: [ app_init ] --START--
INFO: Run Behavior\BuildLiteBehavior [ RunTime:0.000035s ]
INFO: [ app_init ] --END-- [ RunTime:0.001023s ]
ERR: æ— æ³•åŠ è½½æ¨¡å—:Ftms

[ 2016-10-10T11:04:31+08:00 ] 127.0.0.1 /ftms/index.php/ftms/static/js/jquery-1.8.3.min.js
INFO: [ app_init ] --START--
INFO: Run Behavior\BuildLiteBehavior [ RunTime:0.000058s ]
INFO: [ app_init ] --END-- [ RunTime:0.003259s ]
ERR: æ— æ³•åŠ è½½æ¨¡å—:Ftms

[ 2016-10-10T11:04:31+08:00 ] 127.0.0.1 /ftms/index.php/ftms/static/js/header.js
INFO: [ app_init ] --START--
INFO: Run Behavior\BuildLiteBehavior [ RunTime:0.000060s ]
INFO: [ app_init ] --END-- [ RunTime:0.003039s ]
ERR: æ— æ³•åŠ è½½æ¨¡å—:Ftms

[ 2016-10-10T11:04:31+08:00 ] 127.0.0.1 /ftms/index.php/ftms/static/js/header.js
INFO: [ app_init ] --START--
INFO: Run Behavior\BuildLiteBehavior [ RunTime:0.000030s ]
INFO: [ app_init ] --END-- [ RunTime:0.000708s ]
ERR: æ— æ³•åŠ è½½æ¨¡å—:Ftms

[ 2016-10-10T11:07:27+08:00 ] 127.0.0.1 /ftms/index.php/ftms/static/js/jquery-1.8.3.min.js
INFO: [ app_init ] --START--
INFO: Run Behavior\BuildLiteBehavior [ RunTime:0.000053s ]
INFO: [ app_init ] --END-- [ RunTime:0.001254s ]
ERR: æ— æ³•åŠ è½½æ¨¡å—:Ftms

[ 2016-10-10T11:07:27+08:00 ] 127.0.0.1 /ftms/index.php/ftms/static/js/header.js
INFO: [ app_init ] --START--
INFO: Run Behavior\BuildLiteBehavior [ RunTime:0.000068s ]
INFO: [ app_init ] --END-- [ RunTime:0.002171s ]
ERR: æ— æ³•åŠ è½½æ¨¡å—:Ftms

[ 2016-10-10T11:19:41+08:00 ] 127.0.0.1 /ftms/index.php/ftms/static/js/jquery-1.8.3.min.js
INFO: [ app_init ] --START--
INFO: Run Behavior\BuildLiteBehavior [ RunTime:0.000051s ]
INFO: [ app_init ] --END-- [ RunTime:0.001644s ]
ERR: æ— æ³•åŠ è½½æ¨¡å—:Ftms

[ 2016-10-10T11:19:41+08:00 ] 127.0.0.1 /ftms/index.php/ftms/static/js/header.js
INFO: [ app_init ] --START--
INFO: Run Behavior\BuildLiteBehavior [ RunTime:0.000058s ]
INFO: [ app_init ] --END-- [ RunTime:0.005213s ]
ERR: æ— æ³•åŠ è½½æ¨¡å—:Ftms

[ 2016-10-10T11:19:41+08:00 ] 127.0.0.1 /ftms/index.php/ftms/static/js/header.js
INFO: [ app_init ] --START--
INFO: Run Behavior\BuildLiteBehavior [ RunTime:0.000029s ]
INFO: [ app_init ] --END-- [ RunTime:0.000724s ]
ERR: æ— æ³•åŠ è½½æ¨¡å—:Ftms

[ 2016-10-10T11:26:23+08:00 ] 127.0.0.1 /ftms/index.php/ftms/static/js/jquery-1.8.3.min.js
INFO: [ app_init ] --START--
INFO: Run Behavior\BuildLiteBehavior [ RunTime:0.000050s ]
INFO: [ app_init ] --END-- [ RunTime:0.001139s ]
ERR: æ— æ³•åŠ è½½æ¨¡å—:Ftms

[ 2016-10-10T11:26:23+08:00 ] 127.0.0.1 /ftms/index.php/ftms/static/js/header.js
INFO: [ app_init ] --START--
INFO: Run Behavior\BuildLiteBehavior [ RunTime:0.000051s ]
INFO: [ app_init ] --END-- [ RunTime:0.002073s ]
ERR: æ— æ³•åŠ è½½æ¨¡å—:Ftms

[ 2016-10-10T11:26:26+08:00 ] 127.0.0.1 /ftms/index.php/ftms/static/js/header.js
INFO: [ app_init ] --START--
INFO: Run Behavior\BuildLiteBehavior [ RunTime:0.000061s ]
INFO: [ app_init ] --END-- [ RunTime:0.001429s ]
ERR: æ— æ³•åŠ è½½æ¨¡å—:Ftms

[ 2016-10-10T11:26:26+08:00 ] 127.0.0.1 /ftms/index.php/ftms/static/js/jquery-1.8.3.min.js
INFO: [ app_init ] --START--
INFO: Run Behavior\BuildLiteBehavior [ RunTime:0.000050s ]
INFO: [ app_init ] --END-- [ RunTime:0.001179s ]
ERR: æ— æ³•åŠ è½½æ¨¡å—:Ftms

[ 2016-10-10T11:26:26+08:00 ] 127.0.0.1 /ftms/index.php/ftms/static/js/header.js
INFO: [ app_init ] --START--
INFO: Run Behavior\BuildLiteBehavior [ RunTime:0.000069s ]
INFO: [ app_init ] --END-- [ RunTime:0.001911s ]
ERR: æ— æ³•åŠ è½½æ¨¡å—:Ftms

[ 2016-10-10T11:49:03+08:00 ] 127.0.0.1 /ftms/index.php/ftms/static/js/header.js
INFO: [ app_init ] --START--
INFO: Run Behavior\BuildLiteBehavior [ RunTime:0.000055s ]
INFO: [ app_init ] --END-- [ RunTime:0.001442s ]
ERR: æ— æ³•åŠ è½½æ¨¡å—:Ftms

[ 2016-10-10T11:49:03+08:00 ] 127.0.0.1 /ftms/index.php/ftms/static/js/jquery-1.8.3.min.js
INFO: [ app_init ] --START--
INFO: Run Behavior\BuildLiteBehavior [ RunTime:0.000059s ]
INFO: [ app_init ] --END-- [ RunTime:0.001099s ]
ERR: æ— æ³•åŠ è½½æ¨¡å—:Ftms

[ 2016-10-10T11:49:03+08:00 ] 127.0.0.1 /ftms/index.php/ftms/static/js/header.js
INFO: [ app_init ] --START--
INFO: Run Behavior\BuildLiteBehavior [ RunTime:0.000048s ]
INFO: [ app_init ] --END-- [ RunTime:0.001469s ]
ERR: æ— æ³•åŠ è½½æ¨¡å—:Ftms

[ 2016-10-10T11:59:41+08:00 ] 127.0.0.1 /ftms/index.php/ftms/static/js/jquery-1.8.3.min.js
INFO: [ app_init ] --START--
INFO: Run Behavior\BuildLiteBehavior [ RunTime:0.000047s ]
INFO: [ app_init ] --END-- [ RunTime:0.001491s ]
ERR: æ— æ³•åŠ è½½æ¨¡å—:Ftms

[ 2016-10-10T11:59:42+08:00 ] 127.0.0.1 /ftms/index.php/ftms/static/js/header.js
INFO: [ app_init ] --START--
INFO: Run Behavior\BuildLiteBehavior [ RunTime:0.000046s ]
INFO: [ app_init ] --END-- [ RunTime:0.001168s ]
ERR: æ— æ³•åŠ è½½æ¨¡å—:Ftms

[ 2016-10-10T11:59:46+08:00 ] 127.0.0.1 /ftms/index.php/ftms/static/js/jquery-1.8.3.min.js
INFO: [ app_init ] --START--
INFO: Run Behavior\BuildLiteBehavior [ RunTime:0.000055s ]
INFO: [ app_init ] --END-- [ RunTime:0.001224s ]
ERR: æ— æ³•åŠ è½½æ¨¡å—:Ftms

[ 2016-10-10T11:59:46+08:00 ] 127.0.0.1 /ftms/index.php/ftms/static/js/header.js
INFO: [ app_init ] --START--
INFO: Run Behavior\BuildLiteBehavior [ RunTime:0.000048s ]
INFO: [ app_init ] --END-- [ RunTime:0.001524s ]
ERR: æ— æ³•åŠ è½½æ¨¡å—:Ftms

[ 2016-10-10T11:59:46+08:00 ] 127.0.0.1 /ftms/index.php/ftms/static/js/header.js
INFO: [ app_init ] --START--
INFO: Run Behavior\BuildLiteBehavior [ RunTime:0.000029s ]
INFO: [ app_init ] --END-- [ RunTime:0.000706s ]
ERR: æ— æ³•åŠ è½½æ¨¡å—:Ftms

[ 2016-10-10T11:59:50+08:00 ] 127.0.0.1 /ftms/index.php/ftms/static/js/jquery-1.8.3.min.js
INFO: [ app_init ] --START--
INFO: Run Behavior\BuildLiteBehavior [ RunTime:0.000049s ]
INFO: [ app_init ] --END-- [ RunTime:0.001188s ]
ERR: æ— æ³•åŠ è½½æ¨¡å—:Ftms

[ 2016-10-10T11:59:50+08:00 ] 127.0.0.1 /ftms/index.php/ftms/static/js/header.js
INFO: [ app_init ] --START--
INFO: Run Behavior\BuildLiteBehavior [ RunTime:0.000048s ]
INFO: [ app_init ] --END-- [ RunTime:0.001106s ]
ERR: æ— æ³•åŠ è½½æ¨¡å—:Ftms

[ 2016-10-10T11:59:50+08:00 ] 127.0.0.1 /ftms/index.php/ftms/static/js/header.js
INFO: [ app_init ] --START--
INFO: Run Behavior\BuildLiteBehavior [ RunTime:0.000030s ]
INFO: [ app_init ] --END-- [ RunTime:0.000714s ]
ERR: æ— æ³•åŠ è½½æ¨¡å—:Ftms

[ 2016-10-10T12:54:33+08:00 ] 127.0.0.1 /ftms/index.php/ftms/static/js/jquery-1.8.3.min.js
INFO: [ app_init ] --START--
INFO: Run Behavior\BuildLiteBehavior [ RunTime:0.000073s ]
INFO: [ app_init ] --END-- [ RunTime:0.001443s ]
ERR: æ— æ³•åŠ è½½æ¨¡å—:Ftms

[ 2016-10-10T12:54:33+08:00 ] 127.0.0.1 /ftms/index.php/ftms/static/js/header.js
INFO: [ app_init ] --START--
INFO: Run Behavior\BuildLiteBehavior [ RunTime:0.000060s ]
INFO: [ app_init ] --END-- [ RunTime:0.001405s ]
ERR: æ— æ³•åŠ è½½æ¨¡å—:Ftms

[ 2016-10-10T12:54:34+08:00 ] 127.0.0.1 /ftms/index.php/ftms/static/js/header.js
INFO: [ app_init ] --START--
INFO: Run Behavior\BuildLiteBehavior [ RunTime:0.000027s ]
INFO: [ app_init ] --END-- [ RunTime:0.000738s ]
ERR: æ— æ³•åŠ è½½æ¨¡å—:Ftms

[ 2016-10-10T12:54:39+08:00 ] 127.0.0.1 /ftms/index.php/ftms/static/js/jquery-1.8.3.min.js
INFO: [ app_init ] --START--
INFO: Run Behavior\BuildLiteBehavior [ RunTime:0.000058s ]
INFO: [ app_init ] --END-- [ RunTime:0.001325s ]
ERR: æ— æ³•åŠ è½½æ¨¡å—:Ftms

[ 2016-10-10T12:54:40+08:00 ] 127.0.0.1 /ftms/index.php/ftms/static/js/header.js
INFO: [ app_init ] --START--
INFO: Run Behavior\BuildLiteBehavior [ RunTime:0.000223s ]
INFO: [ app_init ] --END-- [ RunTime:0.002016s ]
ERR: æ— æ³•åŠ è½½æ¨¡å—:Ftms

[ 2016-10-10T12:54:43+08:00 ] 127.0.0.1 /ftms/index.php/ftms/static/js/jquery-1.8.3.min.js
INFO: [ app_init ] --START--
INFO: Run Behavior\BuildLiteBehavior [ RunTime:0.000050s ]
INFO: [ app_init ] --END-- [ RunTime:0.001052s ]
ERR: æ— æ³•åŠ è½½æ¨¡å—:Ftms

[ 2016-10-10T12:54:43+08:00 ] 127.0.0.1 /ftms/index.php/ftms/static/js/header.js
INFO: [ app_init ] --START--
INFO: Run Behavior\BuildLiteBehavior [ RunTime:0.000055s ]
INFO: [ app_init ] --END-- [ RunTime:0.001341s ]
ERR: æ— æ³•åŠ è½½æ¨¡å—:Ftms

[ 2016-10-10T12:54:43+08:00 ] 127.0.0.1 /ftms/index.php/ftms/static/js/header.js
INFO: [ app_init ] --START--
INFO: Run Behavior\BuildLiteBehavior [ RunTime:0.000302s ]
INFO: [ app_init ] --END-- [ RunTime:0.002078s ]
ERR: æ— æ³•åŠ è½½æ¨¡å—:Ftms

[ 2016-10-10T13:29:41+08:00 ] 127.0.0.1 /ftms/index.php/ftms/static/js/jquery-1.8.3.min.js
INFO: [ app_init ] --START--
INFO: Run Behavior\BuildLiteBehavior [ RunTime:0.000047s ]
INFO: [ app_init ] --END-- [ RunTime:0.001076s ]
ERR: æ— æ³•åŠ è½½æ¨¡å—:Ftms

[ 2016-10-10T13:29:41+08:00 ] 127.0.0.1 /ftms/index.php/ftms/static/js/header.js
INFO: [ app_init ] --START--
INFO: Run Behavior\BuildLiteBehavior [ RunTime:0.000033s ]
INFO: [ app_init ] --END-- [ RunTime:0.001472s ]
ERR: æ— æ³•åŠ è½½æ¨¡å—:Ftms

[ 2016-10-10T13:57:27+08:00 ] 127.0.0.1 /ftms/index.php/ftms/static/js/jquery-1.8.3.min.js
INFO: [ app_init ] --START--
INFO: Run Behavior\BuildLiteBehavior [ RunTime:0.000063s ]
INFO: [ app_init ] --END-- [ RunTime:0.001503s ]
ERR: æ— æ³•åŠ è½½æ¨¡å—:Ftms

[ 2016-10-10T13:57:28+08:00 ] 127.0.0.1 /ftms/index.php/ftms/static/js/header.js
INFO: [ app_init ] --START--
INFO: Run Behavior\BuildLiteBehavior [ RunTime:0.000030s ]
INFO: [ app_init ] --END-- [ RunTime:0.000765s ]
ERR: æ— æ³•åŠ è½½æ¨¡å—:Ftms

[ 2016-10-10T15:16:46+08:00 ] 127.0.0.1 /ftms/index.php/ftms/static/js/jquery-1.8.3.min.js
INFO: [ app_init ] --START--
INFO: Run Behavior\BuildLiteBehavior [ RunTime:0.000053s ]
INFO: [ app_init ] --END-- [ RunTime:0.001527s ]
ERR: æ— æ³•åŠ è½½æ¨¡å—:Ftms

[ 2016-10-10T15:16:46+08:00 ] 127.0.0.1 /ftms/index.php/ftms/static/js/header.js
INFO: [ app_init ] --START--
INFO: Run Behavior\BuildLiteBehavior [ RunTime:0.000072s ]
INFO: [ app_init ] --END-- [ RunTime:0.001490s ]
ERR: æ— æ³•åŠ è½½æ¨¡å—:Ftms

[ 2016-10-10T15:16:46+08:00 ] 127.0.0.1 /ftms/index.php/ftms/static/js/header.js
INFO: [ app_init ] --START--
INFO: Run Behavior\BuildLiteBehavior [ RunTime:0.000035s ]
INFO: [ app_init ] --END-- [ RunTime:0.000986s ]
ERR: æ— æ³•åŠ è½½æ¨¡å—:Ftms

[ 2016-10-10T15:25:40+08:00 ] 127.0.0.1 /ftms/index.php/ftms/static/js/jquery-1.8.3.min.js
INFO: [ app_init ] --START--
INFO: Run Behavior\BuildLiteBehavior [ RunTime:0.000049s ]
INFO: [ app_init ] --END-- [ RunTime:0.001199s ]
ERR: æ— æ³•åŠ è½½æ¨¡å—:Ftms

[ 2016-10-10T15:25:40+08:00 ] 127.0.0.1 /ftms/index.php/ftms/static/js/header.js
INFO: [ app_init ] --START--
INFO: Run Behavior\BuildLiteBehavior [ RunTime:0.000053s ]
INFO: [ app_init ] --END-- [ RunTime:0.001252s ]
ERR: æ— æ³•åŠ è½½æ¨¡å—:Ftms

[ 2016-10-10T15:25:40+08:00 ] 127.0.0.1 /ftms/index.php/ftms/static/js/header.js
INFO: [ app_init ] --START--
INFO: Run Behavior\BuildLiteBehavior [ RunTime:0.000062s ]
INFO: [ app_init ] --END-- [ RunTime:0.001381s ]
ERR: æ— æ³•åŠ è½½æ¨¡å—:Ftms

[ 2016-10-10T15:28:30+08:00 ] 127.0.0.1 /ftms/index.php/ftms/static/js/jquery-1.8.3.min.js
INFO: [ app_init ] --START--
INFO: Run Behavior\BuildLiteBehavior [ RunTime:0.000051s ]
INFO: [ app_init ] --END-- [ RunTime:0.001102s ]
ERR: æ— æ³•åŠ è½½æ¨¡å—:Ftms

[ 2016-10-10T15:28:30+08:00 ] 127.0.0.1 /ftms/index.php/ftms/static/js/header.js
INFO: [ app_init ] --START--
INFO: Run Behavior\BuildLiteBehavior [ RunTime:0.000049s ]
INFO: [ app_init ] --END-- [ RunTime:0.001329s ]
ERR: æ— æ³•åŠ è½½æ¨¡å—:Ftms

[ 2016-10-10T15:28:30+08:00 ] 127.0.0.1 /ftms/index.php/ftms/static/js/header.js
INFO: [ app_init ] --START--
INFO: Run Behavior\BuildLiteBehavior [ RunTime:0.000031s ]
INFO: [ app_init ] --END-- [ RunTime:0.000737s ]
ERR: æ— æ³•åŠ è½½æ¨¡å—:Ftms

[ 2016-10-10T15:28:36+08:00 ] 127.0.0.1 /ftms/index.php/ftms/static/js/jquery-1.8.3.min.js
INFO: [ app_init ] --START--
INFO: Run Behavior\BuildLiteBehavior [ RunTime:0.000069s ]
INFO: [ app_init ] --END-- [ RunTime:0.001232s ]
ERR: æ— æ³•åŠ è½½æ¨¡å—:Ftms

[ 2016-10-10T15:28:36+08:00 ] 127.0.0.1 /ftms/index.php/ftms/static/js/header.js
INFO: [ app_init ] --START--
INFO: Run Behavior\BuildLiteBehavior [ RunTime:0.000056s ]
INFO: [ app_init ] --END-- [ RunTime:0.001405s ]
ERR: æ— æ³•åŠ è½½æ¨¡å—:Ftms

[ 2016-10-10T15:28:37+08:00 ] 127.0.0.1 /ftms/index.php/ftms/static/js/header.js
INFO: [ app_init ] --START--
INFO: Run Behavior\BuildLiteBehavior [ RunTime:0.000053s ]
INFO: [ app_init ] --END-- [ RunTime:0.001515s ]
ERR: æ— æ³•åŠ è½½æ¨¡å—:Ftms

[ 2016-10-10T15:34:18+08:00 ] 127.0.0.1 /ftms/index.php/ftms/static/js/jquery-1.8.3.min.js
INFO: [ app_init ] --START--
INFO: Run Behavior\BuildLiteBehavior [ RunTime:0.000051s ]
INFO: [ app_init ] --END-- [ RunTime:0.001418s ]
ERR: æ— æ³•åŠ è½½æ¨¡å—:Ftms

[ 2016-10-10T15:34:18+08:00 ] 127.0.0.1 /ftms/index.php/ftms/static/js/header.js
INFO: [ app_init ] --START--
INFO: Run Behavior\BuildLiteBehavior [ RunTime:0.000046s ]
INFO: [ app_init ] --END-- [ RunTime:0.001165s ]
ERR: æ— æ³•åŠ è½½æ¨¡å—:Ftms

[ 2016-10-10T15:34:18+08:00 ] 127.0.0.1 /ftms/index.php/ftms/static/js/header.js
INFO: [ app_init ] --START--
INFO: Run Behavior\BuildLiteBehavior [ RunTime:0.000043s ]
INFO: [ app_init ] --END-- [ RunTime:0.000991s ]
ERR: æ— æ³•åŠ è½½æ¨¡å—:Ftms

[ 2016-10-10T15:34:43+08:00 ] 127.0.0.1 /ftms/index.php/ftms/static/js/jquery-1.8.3.min.js
INFO: [ app_init ] --START--
INFO: Run Behavior\BuildLiteBehavior [ RunTime:0.000052s ]
INFO: [ app_init ] --END-- [ RunTime:0.001296s ]
ERR: æ— æ³•åŠ è½½æ¨¡å—:Ftms

[ 2016-10-10T15:34:43+08:00 ] 127.0.0.1 /ftms/index.php/ftms/static/js/header.js
INFO: [ app_init ] --START--
INFO: Run Behavior\BuildLiteBehavior [ RunTime:0.000038s ]
INFO: [ app_init ] --END-- [ RunTime:0.000954s ]
ERR: æ— æ³•åŠ è½½æ¨¡å—:Ftms

[ 2016-10-10T15:34:43+08:00 ] 127.0.0.1 /ftms/index.php/ftms/static/js/header.js
INFO: [ app_init ] --START--
INFO: Run Behavior\BuildLiteBehavior [ RunTime:0.000031s ]
INFO: [ app_init ] --END-- [ RunTime:0.000735s ]
ERR: æ— æ³•åŠ è½½æ¨¡å—:Ftms

[ 2016-10-10T17:20:52+08:00 ] 127.0.0.1 /ftms/index.php/ftms/static/js/jquery-1.8.3.min.js
INFO: [ app_init ] --START--
INFO: Run Behavior\BuildLiteBehavior [ RunTime:0.000050s ]
INFO: [ app_init ] --END-- [ RunTime:0.001112s ]
ERR: æ— æ³•åŠ è½½æ¨¡å—:Ftms

[ 2016-10-10T17:20:52+08:00 ] 127.0.0.1 /ftms/index.php/ftms/static/js/header.js
INFO: [ app_init ] --START--
INFO: Run Behavior\BuildLiteBehavior [ RunTime:0.000060s ]
INFO: [ app_init ] --END-- [ RunTime:0.001937s ]
ERR: æ— æ³•åŠ è½½æ¨¡å—:Ftms

[ 2016-10-10T17:20:52+08:00 ] 127.0.0.1 /ftms/index.php/ftms/static/js/header.js
INFO: [ app_init ] --START--
INFO: Run Behavior\BuildLiteBehavior [ RunTime:0.000047s ]
INFO: [ app_init ] --END-- [ RunTime:0.001070s ]
ERR: æ— æ³•åŠ è½½æ¨¡å—:Ftms

[ 2016-10-10T17:21:04+08:00 ] 127.0.0.1 /ftms/index.php/ftms/static/js/jquery-1.8.3.min.js
INFO: [ app_init ] --START--
INFO: Run Behavior\BuildLiteBehavior [ RunTime:0.000051s ]
INFO: [ app_init ] --END-- [ RunTime:0.001208s ]
ERR: æ— æ³•åŠ è½½æ¨¡å—:Ftms

[ 2016-10-10T17:21:04+08:00 ] 127.0.0.1 /ftms/index.php/ftms/static/js/header.js
INFO: [ app_init ] --START--
INFO: Run Behavior\BuildLiteBehavior [ RunTime:0.000034s ]
INFO: [ app_init ] --END-- [ RunTime:0.001034s ]
ERR: æ— æ³•åŠ è½½æ¨¡å—:Ftms

[ 2016-10-10T17:21:04+08:00 ] 127.0.0.1 /ftms/index.php/ftms/static/js/header.js
INFO: [ app_init ] --START--
INFO: Run Behavior\BuildLiteBehavior [ RunTime:0.000049s ]
INFO: [ app_init ] --END-- [ RunTime:0.001069s ]
ERR: æ— æ³•åŠ è½½æ¨¡å—:Ftms

[ 2016-10-10T17:21:26+08:00 ] 127.0.0.1 /ftms/index.php/ftms/static/js/jquery-1.8.3.min.js
INFO: [ app_init ] --START--
INFO: Run Behavior\BuildLiteBehavior [ RunTime:0.000053s ]
INFO: [ app_init ] --END-- [ RunTime:0.001827s ]
ERR: æ— æ³•åŠ è½½æ¨¡å—:Ftms

[ 2016-10-10T17:21:27+08:00 ] 127.0.0.1 /ftms/index.php/ftms/static/js/header.js
INFO: [ app_init ] --START--
INFO: Run Behavior\BuildLiteBehavior [ RunTime:0.000035s ]
INFO: [ app_init ] --END-- [ RunTime:0.001074s ]
ERR: æ— æ³•åŠ è½½æ¨¡å—:Ftms

[ 2016-10-10T17:21:27+08:00 ] 127.0.0.1 /ftms/index.php/ftms/static/js/header.js
INFO: [ app_init ] --START--
INFO: Run Behavior\BuildLiteBehavior [ RunTime:0.000062s ]
INFO: [ app_init ] --END-- [ RunTime:0.001588s ]
ERR: æ— æ³•åŠ è½½æ¨¡å—:Ftms

