[ 2016-09-12T10:09:09+08:00 ] ::1 /Project/ftms/index.php/admin
INFO: [ app_init ] --START--
INFO: Run Behavior\BuildLiteBehavior [ RunTime:0.000034s ]
INFO: [ app_init ] --END-- [ RunTime:0.001292s ]
INFO: [ app_begin ] --START--
INFO: Run Behavior\ReadHtmlCacheBehavior [ RunTime:0.001006s ]
INFO: [ app_begin ] --END-- [ RunTime:0.001155s ]
INFO: [ view_parse ] --START--
INFO: [ template_filter ] --START--
INFO: Run Behavior\ContentReplaceBehavior [ RunTime:0.000086s ]
INFO: [ template_filter ] --END-- [ RunTime:0.000205s ]
INFO: Run Behavior\ParseTemplateBehavior [ RunTime:0.010401s ]
INFO: [ view_parse ] --END-- [ RunTime:0.010544s ]
INFO: [ view_filter ] --START--
INFO: Run Behavior\WriteHtmlCacheBehavior [ RunTime:0.000967s ]
INFO: Run Behavior\TokenBuildBehavior [ RunTime:0.001840s ]
INFO: [ view_filter ] --END-- [ RunTime:0.003017s ]

[ 2016-09-12T10:09:12+08:00 ] ::1 /Project/ftms/index.php/Admin/Login/login.html
INFO: [ app_init ] --START--
INFO: Run Behavior\BuildLiteBehavior [ RunTime:0.000028s ]
INFO: [ app_init ] --END-- [ RunTime:0.000865s ]
INFO: [ app_begin ] --START--
INFO: Run Behavior\ReadHtmlCacheBehavior [ RunTime:0.000918s ]
INFO: [ app_begin ] --END-- [ RunTime:0.001043s ]
INFO: [ view_parse ] --START--
INFO: [ template_filter ] --START--
INFO: Run Behavior\ContentReplaceBehavior [ RunTime:0.000110s ]
INFO: [ template_filter ] --END-- [ RunTime:0.000238s ]
INFO: Run Behavior\ParseTemplateBehavior [ RunTime:0.010638s ]
INFO: [ view_parse ] --END-- [ RunTime:0.010763s ]
INFO: [ view_filter ] --START--
INFO: Run Behavior\WriteHtmlCacheBehavior [ RunTime:0.000934s ]
INFO: Run Behavior\TokenBuildBehavior [ RunTime:0.001215s ]
INFO: [ view_filter ] --END-- [ RunTime:0.002329s ]
INFO: [ app_end ] --START--
INFO: Run Behavior\ShowPageTraceBehavior [ RunTime:0.001128s ]
INFO: [ app_end ] --END-- [ RunTime:0.001245s ]

[ 2016-09-12T10:09:15+08:00 ] ::1 /Project/ftms/index.php/Admin/Login/validation_login.html
INFO: [ app_init ] --START--
INFO: Run Behavior\BuildLiteBehavior [ RunTime:0.000057s ]
INFO: [ app_init ] --END-- [ RunTime:0.001769s ]
INFO: [ app_begin ] --START--
INFO: Run Behavior\ReadHtmlCacheBehavior [ RunTime:0.001540s ]
INFO: [ app_begin ] --END-- [ RunTime:0.001784s ]
ERR: SQLSTATE[HY000] [1045] Access denied for user 'root'@'localhost' (using password: NO)

[ 2016-09-12T10:10:19+08:00 ] ::1 /Project/ftms/index.php/Admin/
INFO: [ app_init ] --START--
INFO: Run Behavior\BuildLiteBehavior [ RunTime:0.000027s ]
INFO: [ app_init ] --END-- [ RunTime:0.000874s ]
INFO: [ app_begin ] --START--
INFO: Run Behavior\ReadHtmlCacheBehavior [ RunTime:0.001352s ]
INFO: [ app_begin ] --END-- [ RunTime:0.001570s ]
INFO: [ view_parse ] --START--
INFO: [ template_filter ] --START--
INFO: Run Behavior\ContentReplaceBehavior [ RunTime:0.000177s ]
INFO: [ template_filter ] --END-- [ RunTime:0.000479s ]
INFO: Run Behavior\ParseTemplateBehavior [ RunTime:0.010801s ]
INFO: [ view_parse ] --END-- [ RunTime:0.010988s ]
INFO: [ view_filter ] --START--
INFO: Run Behavior\WriteHtmlCacheBehavior [ RunTime:0.001456s ]
INFO: Run Behavior\TokenBuildBehavior [ RunTime:0.001585s ]
INFO: [ view_filter ] --END-- [ RunTime:0.003420s ]

[ 2016-09-12T10:10:22+08:00 ] ::1 /Project/ftms/index.php/Admin/Login/login.html
INFO: [ app_init ] --START--
INFO: Run Behavior\BuildLiteBehavior [ RunTime:0.000050s ]
INFO: [ app_init ] --END-- [ RunTime:0.001493s ]
INFO: [ app_begin ] --START--
INFO: Run Behavior\ReadHtmlCacheBehavior [ RunTime:0.001582s ]
INFO: [ app_begin ] --END-- [ RunTime:0.001821s ]
INFO: [ view_parse ] --START--
INFO: [ template_filter ] --START--
INFO: Run Behavior\ContentReplaceBehavior [ RunTime:0.000109s ]
INFO: [ template_filter ] --END-- [ RunTime:0.000237s ]
INFO: Run Behavior\ParseTemplateBehavior [ RunTime:0.012630s ]
INFO: [ view_parse ] --END-- [ RunTime:0.012801s ]
INFO: [ view_filter ] --START--
INFO: Run Behavior\WriteHtmlCacheBehavior [ RunTime:0.000927s ]
INFO: Run Behavior\TokenBuildBehavior [ RunTime:0.001189s ]
INFO: [ view_filter ] --END-- [ RunTime:0.002301s ]
INFO: [ app_end ] --START--
INFO: Run Behavior\ShowPageTraceBehavior [ RunTime:0.001115s ]
INFO: [ app_end ] --END-- [ RunTime:0.001232s ]

[ 2016-09-12T10:10:24+08:00 ] ::1 /Project/ftms/index.php/Admin/Login/validation_login.html
INFO: [ app_init ] --START--
INFO: Run Behavior\BuildLiteBehavior [ RunTime:0.000035s ]
INFO: [ app_init ] --END-- [ RunTime:0.000971s ]
INFO: [ app_begin ] --START--
INFO: Run Behavior\ReadHtmlCacheBehavior [ RunTime:0.000988s ]
INFO: [ app_begin ] --END-- [ RunTime:0.001141s ]
ERR: SQLSTATE[HY000] [1045] Access denied for user 'root'@'localhost' (using password: NO)

[ 2016-09-12T10:11:46+08:00 ] ::1 /Project/ftms/index.php/Admin/Login/validation_login.html
INFO: [ app_init ] --START--
INFO: Run Behavior\BuildLiteBehavior [ RunTime:0.000027s ]
INFO: [ app_init ] --END-- [ RunTime:0.000932s ]
INFO: [ app_begin ] --START--
INFO: Run Behavior\ReadHtmlCacheBehavior [ RunTime:0.001320s ]
INFO: [ app_begin ] --END-- [ RunTime:0.001486s ]
ERR: SQLSTATE[HY000] [1045] Access denied for user 'root'@'localhost' (using password: NO)

[ 2016-09-12T10:12:51+08:00 ] ::1 /Project/ftms/index.php/Admin/index/index
INFO: [ app_init ] --START--
INFO: Run Behavior\BuildLiteBehavior [ RunTime:0.000028s ]
INFO: [ app_init ] --END-- [ RunTime:0.000865s ]
INFO: [ app_begin ] --START--
INFO: Run Behavior\ReadHtmlCacheBehavior [ RunTime:0.002166s ]
INFO: [ app_begin ] --END-- [ RunTime:0.002415s ]
INFO: [ view_parse ] --START--
INFO: [ template_filter ] --START--
INFO: Run Behavior\ContentReplaceBehavior [ RunTime:0.000085s ]
INFO: [ template_filter ] --END-- [ RunTime:0.000208s ]
INFO: Run Behavior\ParseTemplateBehavior [ RunTime:0.010482s ]
INFO: [ view_parse ] --END-- [ RunTime:0.010743s ]
INFO: [ view_filter ] --START--
INFO: Run Behavior\WriteHtmlCacheBehavior [ RunTime:0.001683s ]
INFO: Run Behavior\TokenBuildBehavior [ RunTime:0.001505s ]
INFO: [ view_filter ] --END-- [ RunTime:0.003481s ]

[ 2016-09-12T10:12:54+08:00 ] ::1 /Project/ftms/index.php/Admin/Login/login.html
INFO: [ app_init ] --START--
INFO: Run Behavior\BuildLiteBehavior [ RunTime:0.000053s ]
INFO: [ app_init ] --END-- [ RunTime:0.001251s ]
INFO: [ app_begin ] --START--
INFO: Run Behavior\ReadHtmlCacheBehavior [ RunTime:0.000900s ]
INFO: [ app_begin ] --END-- [ RunTime:0.001028s ]
INFO: [ view_parse ] --START--
INFO: [ template_filter ] --START--
INFO: Run Behavior\ContentReplaceBehavior [ RunTime:0.000106s ]
INFO: [ template_filter ] --END-- [ RunTime:0.000233s ]
INFO: Run Behavior\ParseTemplateBehavior [ RunTime:0.009491s ]
INFO: [ view_parse ] --END-- [ RunTime:0.009627s ]
INFO: [ view_filter ] --START--
INFO: Run Behavior\WriteHtmlCacheBehavior [ RunTime:0.001096s ]
INFO: Run Behavior\TokenBuildBehavior [ RunTime:0.001694s ]
INFO: [ view_filter ] --END-- [ RunTime:0.003012s ]
INFO: [ app_end ] --START--
INFO: Run Behavior\ShowPageTraceBehavior [ RunTime:0.001276s ]
INFO: [ app_end ] --END-- [ RunTime:0.001421s ]

[ 2016-09-12T10:12:58+08:00 ] ::1 /Project/ftms/index.php/Admin/Login/validation_login.html
INFO: [ app_init ] --START--
INFO: Run Behavior\BuildLiteBehavior [ RunTime:0.000037s ]
INFO: [ app_init ] --END-- [ RunTime:0.001809s ]
INFO: [ app_begin ] --START--
INFO: Run Behavior\ReadHtmlCacheBehavior [ RunTime:0.001110s ]
INFO: [ app_begin ] --END-- [ RunTime:0.001263s ]
ERR: SQLSTATE[HY000] [1045] Access denied for user 'root'@'localhost' (using password: NO)

[ 2016-09-12T10:15:14+08:00 ] ::1 /Project/ftms/index.php/Admin/Login/validation_login.html
INFO: [ app_init ] --START--
INFO: Run Behavior\BuildLiteBehavior [ RunTime:0.000033s ]
INFO: [ app_init ] --END-- [ RunTime:0.001083s ]
INFO: [ app_begin ] --START--
INFO: Run Behavior\ReadHtmlCacheBehavior [ RunTime:0.001735s ]
INFO: [ app_begin ] --END-- [ RunTime:0.001958s ]
ERR: SQLSTATE[HY000] [1045] Access denied for user 'root'@'localhost' (using password: NO)

[ 2016-09-12T10:15:24+08:00 ] ::1 /Project/ftms/index.php/Admin/
INFO: [ app_init ] --START--
INFO: Run Behavior\BuildLiteBehavior [ RunTime:0.000032s ]
INFO: [ app_init ] --END-- [ RunTime:0.001210s ]
INFO: [ app_begin ] --START--
INFO: Run Behavior\ReadHtmlCacheBehavior [ RunTime:0.001414s ]
INFO: [ app_begin ] --END-- [ RunTime:0.001619s ]
INFO: [ view_parse ] --START--
INFO: [ template_filter ] --START--
INFO: Run Behavior\ContentReplaceBehavior [ RunTime:0.000094s ]
INFO: [ template_filter ] --END-- [ RunTime:0.000226s ]
INFO: Run Behavior\ParseTemplateBehavior [ RunTime:0.012416s ]
INFO: [ view_parse ] --END-- [ RunTime:0.012556s ]
INFO: [ view_filter ] --START--
INFO: Run Behavior\WriteHtmlCacheBehavior [ RunTime:0.000938s ]
INFO: Run Behavior\TokenBuildBehavior [ RunTime:0.001081s ]
INFO: [ view_filter ] --END-- [ RunTime:0.002199s ]

[ 2016-09-12T10:15:27+08:00 ] ::1 /Project/ftms/index.php/Admin/Login/login.html
INFO: [ app_init ] --START--
INFO: Run Behavior\BuildLiteBehavior [ RunTime:0.000039s ]
INFO: [ app_init ] --END-- [ RunTime:0.001224s ]
INFO: [ app_begin ] --START--
INFO: Run Behavior\ReadHtmlCacheBehavior [ RunTime:0.001202s ]
INFO: [ app_begin ] --END-- [ RunTime:0.001382s ]
INFO: [ view_parse ] --START--
INFO: [ template_filter ] --START--
INFO: Run Behavior\ContentReplaceBehavior [ RunTime:0.000155s ]
INFO: [ template_filter ] --END-- [ RunTime:0.000331s ]
INFO: Run Behavior\ParseTemplateBehavior [ RunTime:0.012932s ]
INFO: [ view_parse ] --END-- [ RunTime:0.013112s ]
INFO: [ view_filter ] --START--
INFO: Run Behavior\WriteHtmlCacheBehavior [ RunTime:0.001372s ]
INFO: Run Behavior\TokenBuildBehavior [ RunTime:0.001604s ]
INFO: [ view_filter ] --END-- [ RunTime:0.003242s ]
INFO: [ app_end ] --START--
INFO: Run Behavior\ShowPageTraceBehavior [ RunTime:0.001540s ]
INFO: [ app_end ] --END-- [ RunTime:0.001711s ]

[ 2016-09-12T10:16:07+08:00 ] ::1 /Project/ftms/index.php/Admin/Login/login.html
INFO: [ app_init ] --START--
INFO: Run Behavior\BuildLiteBehavior [ RunTime:0.000034s ]
INFO: [ app_init ] --END-- [ RunTime:0.001152s ]
INFO: [ app_begin ] --START--
INFO: Run Behavior\ReadHtmlCacheBehavior [ RunTime:0.001125s ]
INFO: [ app_begin ] --END-- [ RunTime:0.001274s ]
INFO: [ view_parse ] --START--
INFO: [ template_filter ] --START--
INFO: Run Behavior\ContentReplaceBehavior [ RunTime:0.000127s ]
INFO: [ template_filter ] --END-- [ RunTime:0.000273s ]
INFO: Run Behavior\ParseTemplateBehavior [ RunTime:0.013815s ]
INFO: [ view_parse ] --END-- [ RunTime:0.013960s ]
INFO: [ view_filter ] --START--
INFO: Run Behavior\WriteHtmlCacheBehavior [ RunTime:0.001063s ]
INFO: Run Behavior\TokenBuildBehavior [ RunTime:0.001320s ]
INFO: [ view_filter ] --END-- [ RunTime:0.002593s ]
INFO: [ app_end ] --START--
INFO: Run Behavior\ShowPageTraceBehavior [ RunTime:0.002266s ]
INFO: [ app_end ] --END-- [ RunTime:0.002472s ]

[ 2016-09-12T10:16:08+08:00 ] ::1 /Project/ftms/index.php/Admin/Login/validation_login.html
INFO: [ app_init ] --START--
INFO: Run Behavior\BuildLiteBehavior [ RunTime:0.000027s ]
INFO: [ app_init ] --END-- [ RunTime:0.000841s ]
INFO: [ app_begin ] --START--
INFO: Run Behavior\ReadHtmlCacheBehavior [ RunTime:0.000863s ]
INFO: [ app_begin ] --END-- [ RunTime:0.001036s ]
ERR: SQLSTATE[HY000] [1045] Access denied for user 'root'@'localhost' (using password: NO)

[ 2016-09-12T10:16:37+08:00 ] ::1 /Project/ftms/index.php/Admin/Login/validation_login.html
INFO: [ app_init ] --START--
INFO: Run Behavior\BuildLiteBehavior [ RunTime:0.000051s ]
INFO: [ app_init ] --END-- [ RunTime:0.001242s ]
INFO: [ app_begin ] --START--
INFO: Run Behavior\ReadHtmlCacheBehavior [ RunTime:0.000977s ]
INFO: [ app_begin ] --END-- [ RunTime:0.001117s ]
ERR: SQLSTATE[HY000] [1045] Access denied for user 'root'@'localhost' (using password: NO)

[ 2016-09-12T10:16:50+08:00 ] ::1 /Project/ftms/index.php/Admin/Login/validation_login.html
INFO: [ app_init ] --START--
INFO: Run Behavior\BuildLiteBehavior [ RunTime:0.000039s ]
INFO: [ app_init ] --END-- [ RunTime:0.001754s ]
INFO: [ app_begin ] --START--
INFO: Run Behavior\ReadHtmlCacheBehavior [ RunTime:0.001129s ]
INFO: [ app_begin ] --END-- [ RunTime:0.001301s ]
ERR: SQLSTATE[HY000] [1049] Unknown database 'admin'

[ 2016-09-12T10:16:52+08:00 ] ::1 /Project/ftms/index.php/Admin/Login/validation_login.html
INFO: [ app_init ] --START--
INFO: Run Behavior\BuildLiteBehavior [ RunTime:0.000054s ]
INFO: [ app_init ] --END-- [ RunTime:0.001645s ]
INFO: [ app_begin ] --START--
INFO: Run Behavior\ReadHtmlCacheBehavior [ RunTime:0.001805s ]
INFO: [ app_begin ] --END-- [ RunTime:0.002701s ]
ERR: SQLSTATE[HY000] [1049] Unknown database 'admin'

[ 2016-09-12T10:16:52+08:00 ] ::1 /Project/ftms/index.php/Admin/Login/validation_login.html
INFO: [ app_init ] --START--
INFO: Run Behavior\BuildLiteBehavior [ RunTime:0.000033s ]
INFO: [ app_init ] --END-- [ RunTime:0.000991s ]
INFO: [ app_begin ] --START--
INFO: Run Behavior\ReadHtmlCacheBehavior [ RunTime:0.000973s ]
INFO: [ app_begin ] --END-- [ RunTime:0.001112s ]
ERR: SQLSTATE[HY000] [1049] Unknown database 'admin'

[ 2016-09-12T10:17:29+08:00 ] ::1 /Project/ftms/index.php/Admin/Login/validation_login.html
INFO: [ app_init ] --START--
INFO: Run Behavior\BuildLiteBehavior [ RunTime:0.000028s ]
INFO: [ app_init ] --END-- [ RunTime:0.000969s ]
INFO: [ app_begin ] --START--
INFO: Run Behavior\ReadHtmlCacheBehavior [ RunTime:0.001102s ]
INFO: [ app_begin ] --END-- [ RunTime:0.001227s ]
ERR: SQLSTATE[HY000] [1045] Access denied for user 'root'@'localhost' (using password: NO)

[ 2016-09-12T10:19:09+08:00 ] ::1 /Project/ftms/index.php/Admin/Login/validation_login.html
INFO: [ app_init ] --START--
INFO: Run Behavior\BuildLiteBehavior [ RunTime:0.000050s ]
INFO: [ app_init ] --END-- [ RunTime:0.001375s ]
INFO: [ app_begin ] --START--
INFO: Run Behavior\ReadHtmlCacheBehavior [ RunTime:0.001531s ]
INFO: [ app_begin ] --END-- [ RunTime:0.001712s ]
ERR: SQLSTATE[HY000] [1045] Access denied for user 'root'@'localhost' (using password: NO)

[ 2016-09-12T10:19:12+08:00 ] ::1 /Project/ftms/index.php/Admin/
INFO: [ app_init ] --START--
INFO: Run Behavior\BuildLiteBehavior [ RunTime:0.000028s ]
INFO: [ app_init ] --END-- [ RunTime:0.000975s ]
INFO: [ app_begin ] --START--
INFO: Run Behavior\ReadHtmlCacheBehavior [ RunTime:0.000859s ]
INFO: [ app_begin ] --END-- [ RunTime:0.000983s ]
INFO: [ view_parse ] --START--
INFO: [ template_filter ] --START--
INFO: Run Behavior\ContentReplaceBehavior [ RunTime:0.000085s ]
INFO: [ template_filter ] --END-- [ RunTime:0.000207s ]
INFO: Run Behavior\ParseTemplateBehavior [ RunTime:0.012485s ]
INFO: [ view_parse ] --END-- [ RunTime:0.012613s ]
INFO: [ view_filter ] --START--
INFO: Run Behavior\WriteHtmlCacheBehavior [ RunTime:0.000911s ]
INFO: Run Behavior\TokenBuildBehavior [ RunTime:0.001068s ]
INFO: [ view_filter ] --END-- [ RunTime:0.002154s ]

[ 2016-09-12T10:19:15+08:00 ] ::1 /Project/ftms/index.php/Admin/Login/login.html
INFO: [ app_init ] --START--
INFO: Run Behavior\BuildLiteBehavior [ RunTime:0.000027s ]
INFO: [ app_init ] --END-- [ RunTime:0.000861s ]
INFO: [ app_begin ] --START--
INFO: Run Behavior\ReadHtmlCacheBehavior [ RunTime:0.000864s ]
INFO: [ app_begin ] --END-- [ RunTime:0.000989s ]
INFO: [ view_parse ] --START--
INFO: [ template_filter ] --START--
INFO: Run Behavior\ContentReplaceBehavior [ RunTime:0.000115s ]
INFO: [ template_filter ] --END-- [ RunTime:0.000250s ]
INFO: Run Behavior\ParseTemplateBehavior [ RunTime:0.010338s ]
INFO: [ view_parse ] --END-- [ RunTime:0.010462s ]
INFO: [ view_filter ] --START--
INFO: Run Behavior\WriteHtmlCacheBehavior [ RunTime:0.000919s ]
INFO: Run Behavior\TokenBuildBehavior [ RunTime:0.001118s ]
INFO: [ view_filter ] --END-- [ RunTime:0.002212s ]
INFO: [ app_end ] --START--
INFO: Run Behavior\ShowPageTraceBehavior [ RunTime:0.001079s ]
INFO: [ app_end ] --END-- [ RunTime:0.001193s ]

[ 2016-09-12T10:19:18+08:00 ] ::1 /Project/ftms/index.php/Admin/Login/validation_login.html
INFO: [ app_init ] --START--
INFO: Run Behavior\BuildLiteBehavior [ RunTime:0.000032s ]
INFO: [ app_init ] --END-- [ RunTime:0.000987s ]
INFO: [ app_begin ] --START--
INFO: Run Behavior\ReadHtmlCacheBehavior [ RunTime:0.000861s ]
INFO: [ app_begin ] --END-- [ RunTime:0.000989s ]
ERR: SQLSTATE[HY000] [1045] Access denied for user 'root'@'localhost' (using password: NO)

[ 2016-09-12T10:22:09+08:00 ] ::1 /Project/ftms/index.php/Admin/Login/validation_login.html
INFO: [ app_init ] --START--
INFO: Run Behavior\BuildLiteBehavior [ RunTime:0.000031s ]
INFO: [ app_init ] --END-- [ RunTime:0.000988s ]
INFO: [ app_begin ] --START--
INFO: Run Behavior\ReadHtmlCacheBehavior [ RunTime:0.001476s ]
INFO: [ app_begin ] --END-- [ RunTime:0.001613s ]
ERR: SQLSTATE[HY000] [1045] Access denied for user 'root'@'localhost' (using password: NO)

[ 2016-09-12T10:23:24+08:00 ] ::1 /Project/ftms/index.php/Admin/
INFO: [ app_init ] --START--
INFO: Run Behavior\BuildLiteBehavior [ RunTime:0.000036s ]
INFO: [ app_init ] --END-- [ RunTime:0.003495s ]
INFO: [ app_begin ] --START--
INFO: Run Behavior\ReadHtmlCacheBehavior [ RunTime:0.001136s ]
INFO: [ app_begin ] --END-- [ RunTime:0.001325s ]
INFO: [ view_parse ] --START--
INFO: [ template_filter ] --START--
INFO: Run Behavior\ContentReplaceBehavior [ RunTime:0.000142s ]
INFO: [ template_filter ] --END-- [ RunTime:0.000406s ]
INFO: Run Behavior\ParseTemplateBehavior [ RunTime:0.012670s ]
INFO: [ view_parse ] --END-- [ RunTime:0.012809s ]
INFO: [ view_filter ] --START--
INFO: Run Behavior\WriteHtmlCacheBehavior [ RunTime:0.000923s ]
INFO: Run Behavior\TokenBuildBehavior [ RunTime:0.001058s ]
INFO: [ view_filter ] --END-- [ RunTime:0.002160s ]

[ 2016-09-12T10:23:27+08:00 ] ::1 /Project/ftms/index.php/Admin/Login/login.html
INFO: [ app_init ] --START--
INFO: Run Behavior\BuildLiteBehavior [ RunTime:0.000039s ]
INFO: [ app_init ] --END-- [ RunTime:0.001167s ]
INFO: [ app_begin ] --START--
INFO: Run Behavior\ReadHtmlCacheBehavior [ RunTime:0.001199s ]
INFO: [ app_begin ] --END-- [ RunTime:0.001377s ]
INFO: [ view_parse ] --START--
INFO: [ template_filter ] --START--
INFO: Run Behavior\ContentReplaceBehavior [ RunTime:0.000156s ]
INFO: [ template_filter ] --END-- [ RunTime:0.000333s ]
INFO: Run Behavior\ParseTemplateBehavior [ RunTime:0.012371s ]
INFO: [ view_parse ] --END-- [ RunTime:0.012554s ]
INFO: [ view_filter ] --START--
INFO: Run Behavior\WriteHtmlCacheBehavior [ RunTime:0.001272s ]
INFO: Run Behavior\TokenBuildBehavior [ RunTime:0.002428s ]
INFO: [ view_filter ] --END-- [ RunTime:0.004037s ]
INFO: [ app_end ] --START--
INFO: Run Behavior\ShowPageTraceBehavior [ RunTime:0.002565s ]
INFO: [ app_end ] --END-- [ RunTime:0.002831s ]

[ 2016-09-12T10:23:29+08:00 ] ::1 /Project/ftms/index.php/Admin/Login/validation_login.html
INFO: [ app_init ] --START--
INFO: Run Behavior\BuildLiteBehavior [ RunTime:0.000056s ]
INFO: [ app_init ] --END-- [ RunTime:0.001563s ]
INFO: [ app_begin ] --START--
INFO: Run Behavior\ReadHtmlCacheBehavior [ RunTime:0.000849s ]
INFO: [ app_begin ] --END-- [ RunTime:0.000979s ]
ERR: SQLSTATE[HY000] [1045] Access denied for user 'root'@'localhost' (using password: NO)

[ 2016-09-12T10:24:25+08:00 ] ::1 /Project/ftms/index.php/Admin/Login/validation_login.html
INFO: [ app_init ] --START--
INFO: Run Behavior\BuildLiteBehavior [ RunTime:0.000033s ]
INFO: [ app_init ] --END-- [ RunTime:0.001064s ]
INFO: [ app_begin ] --START--
INFO: Run Behavior\ReadHtmlCacheBehavior [ RunTime:0.002201s ]
INFO: [ app_begin ] --END-- [ RunTime:0.002385s ]
ERR: SQLSTATE[HY000] [1045] Access denied for user 'root'@'localhost' (using password: NO)

[ 2016-09-12T10:24:31+08:00 ] ::1 /Project/ftms/index.php/Admin/
INFO: [ app_init ] --START--
INFO: Run Behavior\BuildLiteBehavior [ RunTime:0.000031s ]
INFO: [ app_init ] --END-- [ RunTime:0.000973s ]
INFO: [ app_begin ] --START--
INFO: Run Behavior\ReadHtmlCacheBehavior [ RunTime:0.001452s ]
INFO: [ app_begin ] --END-- [ RunTime:0.001680s ]
INFO: [ view_parse ] --START--
INFO: [ template_filter ] --START--
INFO: Run Behavior\ContentReplaceBehavior [ RunTime:0.000111s ]
INFO: [ template_filter ] --END-- [ RunTime:0.000259s ]
INFO: Run Behavior\ParseTemplateBehavior [ RunTime:0.010925s ]
INFO: [ view_parse ] --END-- [ RunTime:0.011109s ]
INFO: [ view_filter ] --START--
INFO: Run Behavior\WriteHtmlCacheBehavior [ RunTime:0.002828s ]
INFO: Run Behavior\TokenBuildBehavior [ RunTime:0.002281s ]
INFO: [ view_filter ] --END-- [ RunTime:0.005554s ]

[ 2016-09-12T10:24:34+08:00 ] ::1 /Project/ftms/index.php/Admin/Login/login.html
INFO: [ app_init ] --START--
INFO: Run Behavior\BuildLiteBehavior [ RunTime:0.000043s ]
INFO: [ app_init ] --END-- [ RunTime:0.001464s ]
INFO: [ app_begin ] --START--
INFO: Run Behavior\ReadHtmlCacheBehavior [ RunTime:0.000887s ]
INFO: [ app_begin ] --END-- [ RunTime:0.001012s ]
INFO: [ view_parse ] --START--
INFO: [ template_filter ] --START--
INFO: Run Behavior\ContentReplaceBehavior [ RunTime:0.000109s ]
INFO: [ template_filter ] --END-- [ RunTime:0.000351s ]
INFO: Run Behavior\ParseTemplateBehavior [ RunTime:0.010993s ]
INFO: [ view_parse ] --END-- [ RunTime:0.011133s ]
INFO: [ view_filter ] --START--
INFO: Run Behavior\WriteHtmlCacheBehavior [ RunTime:0.001069s ]
INFO: Run Behavior\TokenBuildBehavior [ RunTime:0.001318s ]
INFO: [ view_filter ] --END-- [ RunTime:0.002603s ]
INFO: [ app_end ] --START--
INFO: Run Behavior\ShowPageTraceBehavior [ RunTime:0.001274s ]
INFO: [ app_end ] --END-- [ RunTime:0.001418s ]

[ 2016-09-12T10:24:38+08:00 ] ::1 /Project/ftms/index.php/Admin/Login/validation_login.html
INFO: [ app_init ] --START--
INFO: Run Behavior\BuildLiteBehavior [ RunTime:0.000051s ]
INFO: [ app_init ] --END-- [ RunTime:0.001820s ]
INFO: [ app_begin ] --START--
INFO: Run Behavior\ReadHtmlCacheBehavior [ RunTime:0.000995s ]
INFO: [ app_begin ] --END-- [ RunTime:0.001150s ]
ERR: SQLSTATE[HY000] [1045] Access denied for user 'root'@'localhost' (using password: NO)

[ 2016-09-12T10:26:52+08:00 ] ::1 /Project/ftms/index.php/Admin/Login/validation_login.html
INFO: [ app_init ] --START--
INFO: Run Behavior\BuildLiteBehavior [ RunTime:0.000027s ]
INFO: [ app_init ] --END-- [ RunTime:0.000911s ]
INFO: [ app_begin ] --START--
INFO: Run Behavior\ReadHtmlCacheBehavior [ RunTime:0.001188s ]
INFO: [ app_begin ] --END-- [ RunTime:0.001437s ]
SQL: SHOW COLUMNS FROM `adminmanage` [ RunTime:0.0297s ]
SQL: SELECT `aid`,`username` FROM `adminmanage` WHERE ( username='' and passwd='d41d8cd98f00b204e9800998ecf8427e' ) LIMIT 1   [ RunTime:0.0183s ]
INFO: [ view_parse ] --START--
INFO: [ template_filter ] --START--
INFO: Run Behavior\ContentReplaceBehavior [ RunTime:0.000085s ]
INFO: [ template_filter ] --END-- [ RunTime:0.000204s ]
INFO: Run Behavior\ParseTemplateBehavior [ RunTime:0.009101s ]
INFO: [ view_parse ] --END-- [ RunTime:0.009240s ]
INFO: [ view_filter ] --START--
INFO: Run Behavior\WriteHtmlCacheBehavior [ RunTime:0.000941s ]
INFO: Run Behavior\TokenBuildBehavior [ RunTime:0.001068s ]
INFO: [ view_filter ] --END-- [ RunTime:0.002186s ]

[ 2016-09-12T10:26:55+08:00 ] ::1 /Project/ftms/index.php/Admin/Login/login.html
INFO: [ app_init ] --START--
INFO: Run Behavior\BuildLiteBehavior [ RunTime:0.000034s ]
INFO: [ app_init ] --END-- [ RunTime:0.001034s ]
INFO: [ app_begin ] --START--
INFO: Run Behavior\ReadHtmlCacheBehavior [ RunTime:0.001024s ]
INFO: [ app_begin ] --END-- [ RunTime:0.001172s ]
INFO: [ view_parse ] --START--
INFO: [ template_filter ] --START--
INFO: Run Behavior\ContentReplaceBehavior [ RunTime:0.000130s ]
INFO: [ template_filter ] --END-- [ RunTime:0.000281s ]
INFO: Run Behavior\ParseTemplateBehavior [ RunTime:0.011487s ]
INFO: [ view_parse ] --END-- [ RunTime:0.011636s ]
INFO: [ view_filter ] --START--
INFO: Run Behavior\WriteHtmlCacheBehavior [ RunTime:0.001093s ]
INFO: Run Behavior\TokenBuildBehavior [ RunTime:0.001364s ]
INFO: [ view_filter ] --END-- [ RunTime:0.002674s ]
INFO: [ app_end ] --START--
INFO: Run Behavior\ShowPageTraceBehavior [ RunTime:0.001310s ]
INFO: [ app_end ] --END-- [ RunTime:0.001452s ]

[ 2016-09-12T10:26:58+08:00 ] ::1 /Project/ftms/index.php/Admin/Login/validation_login.html
INFO: [ app_init ] --START--
INFO: Run Behavior\BuildLiteBehavior [ RunTime:0.000027s ]
INFO: [ app_init ] --END-- [ RunTime:0.000818s ]
INFO: [ app_begin ] --START--
INFO: Run Behavior\ReadHtmlCacheBehavior [ RunTime:0.002131s ]
INFO: [ app_begin ] --END-- [ RunTime:0.002358s ]
SQL: SHOW COLUMNS FROM `adminmanage` [ RunTime:0.0527s ]
SQL: SELECT `aid`,`username` FROM `adminmanage` WHERE ( username='admin' and passwd='202cb962ac59075b964b07152d234b70' ) LIMIT 1   [ RunTime:0.0006s ]
INFO: [ view_parse ] --START--
INFO: [ template_filter ] --START--
INFO: Run Behavior\ContentReplaceBehavior [ RunTime:0.000088s ]
INFO: [ template_filter ] --END-- [ RunTime:0.000214s ]
INFO: Run Behavior\ParseTemplateBehavior [ RunTime:0.009221s ]
INFO: [ view_parse ] --END-- [ RunTime:0.009369s ]
INFO: [ view_filter ] --START--
INFO: Run Behavior\WriteHtmlCacheBehavior [ RunTime:0.001027s ]
INFO: Run Behavior\TokenBuildBehavior [ RunTime:0.001117s ]
INFO: [ view_filter ] --END-- [ RunTime:0.002350s ]
INFO: [ app_end ] --START--
INFO: Run Behavior\ShowPageTraceBehavior [ RunTime:0.001208s ]
INFO: [ app_end ] --END-- [ RunTime:0.001336s ]

[ 2016-09-12T10:27:01+08:00 ] ::1 /Project/ftms/index.php/Admin/Index/index.html
INFO: [ app_init ] --START--
INFO: Run Behavior\BuildLiteBehavior [ RunTime:0.000052s ]
INFO: [ app_init ] --END-- [ RunTime:0.001584s ]
INFO: [ app_begin ] --START--
INFO: Run Behavior\ReadHtmlCacheBehavior [ RunTime:0.001624s ]
INFO: [ app_begin ] --END-- [ RunTime:0.001867s ]
INFO: [ view_parse ] --START--
INFO: [ template_filter ] --START--
INFO: Run Behavior\ContentReplaceBehavior [ RunTime:0.000666s ]
INFO: [ template_filter ] --END-- [ RunTime:0.000792s ]
INFO: Run Behavior\ParseTemplateBehavior [ RunTime:0.074542s ]
INFO: [ view_parse ] --END-- [ RunTime:0.074785s ]
INFO: [ view_filter ] --START--
INFO: Run Behavior\WriteHtmlCacheBehavior [ RunTime:0.001025s ]
INFO: Run Behavior\TokenBuildBehavior [ RunTime:0.002874s ]
INFO: [ view_filter ] --END-- [ RunTime:0.004098s ]
INFO: [ app_end ] --START--
INFO: Run Behavior\ShowPageTraceBehavior [ RunTime:0.001719s ]
INFO: [ app_end ] --END-- [ RunTime:0.001946s ]

[ 2016-09-12T10:28:01+08:00 ] ::1 /Project/ftms/index.php/Admin/Dealers/dealers_list.html
INFO: [ app_init ] --START--
INFO: Run Behavior\BuildLiteBehavior [ RunTime:0.000038s ]
INFO: [ app_init ] --END-- [ RunTime:0.001144s ]
INFO: [ app_begin ] --START--
INFO: Run Behavior\ReadHtmlCacheBehavior [ RunTime:0.000889s ]
INFO: [ app_begin ] --END-- [ RunTime:0.001012s ]
INFO: [ view_parse ] --START--
INFO: [ template_filter ] --START--
INFO: Run Behavior\ContentReplaceBehavior [ RunTime:0.000148s ]
INFO: [ template_filter ] --END-- [ RunTime:0.000427s ]
INFO: Run Behavior\ParseTemplateBehavior [ RunTime:0.059782s ]
INFO: [ view_parse ] --END-- [ RunTime:0.059935s ]
INFO: [ view_filter ] --START--
INFO: Run Behavior\WriteHtmlCacheBehavior [ RunTime:0.001318s ]
INFO: Run Behavior\TokenBuildBehavior [ RunTime:0.001158s ]
INFO: [ view_filter ] --END-- [ RunTime:0.002715s ]
INFO: [ app_end ] --START--
INFO: Run Behavior\ShowPageTraceBehavior [ RunTime:0.001242s ]
INFO: [ app_end ] --END-- [ RunTime:0.001374s ]

[ 2016-09-12T10:41:55+08:00 ] ::1 /Project/ftms/index.php/Admin/Dealers/dealers_list.html
INFO: [ app_init ] --START--
INFO: Run Behavior\BuildLiteBehavior [ RunTime:0.000032s ]
INFO: [ app_init ] --END-- [ RunTime:0.001045s ]
INFO: [ app_begin ] --START--
INFO: Run Behavior\ReadHtmlCacheBehavior [ RunTime:0.001478s ]
INFO: [ app_begin ] --END-- [ RunTime:0.001739s ]
ERR: SQLSTATE[42S02]: Base table or view not found: 1146 Table 'admin.dealers_manage' doesn't exist

[ 2016-09-12T10:42:19+08:00 ] ::1 /Project/ftms/index.php/Admin/Dealers/dealers_list.html
INFO: [ app_init ] --START--
INFO: Run Behavior\BuildLiteBehavior [ RunTime:0.000027s ]
INFO: [ app_init ] --END-- [ RunTime:0.000829s ]
INFO: [ app_begin ] --START--
INFO: Run Behavior\ReadHtmlCacheBehavior [ RunTime:0.001049s ]
INFO: [ app_begin ] --END-- [ RunTime:0.001230s ]
SQL: SHOW COLUMNS FROM `dealer_manage` [ RunTime:0.0068s ]
SQL: SELECT * FROM `dealer_manage` WHERE ( display_status=1 )  [ RunTime:0.0007s ]

[ 2016-09-12T10:42:39+08:00 ] ::1 /Project/ftms/index.php/Admin/Dealers/dealers_list.html
INFO: [ app_init ] --START--
INFO: Run Behavior\BuildLiteBehavior [ RunTime:0.000027s ]
INFO: [ app_init ] --END-- [ RunTime:0.000836s ]
INFO: [ app_begin ] --START--
INFO: Run Behavior\ReadHtmlCacheBehavior [ RunTime:0.000842s ]
INFO: [ app_begin ] --END-- [ RunTime:0.000963s ]
SQL: SHOW COLUMNS FROM `dealer_manage` [ RunTime:0.0064s ]
SQL: SELECT * FROM `dealer_manage` WHERE ( display_status=1 ) LIMIT 1   [ RunTime:0.0004s ]

[ 2016-09-12T10:46:22+08:00 ] ::1 /Project/ftms/index.php/Admin/Dealers/dealers_list.html
INFO: [ app_init ] --START--
INFO: Run Behavior\BuildLiteBehavior [ RunTime:0.000059s ]
INFO: [ app_init ] --END-- [ RunTime:0.001927s ]
INFO: [ app_begin ] --START--
INFO: Run Behavior\ReadHtmlCacheBehavior [ RunTime:0.001494s ]
INFO: [ app_begin ] --END-- [ RunTime:0.001673s ]
SQL: SHOW COLUMNS FROM `dealer_manage` [ RunTime:0.0069s ]
SQL: SELECT * FROM `dealer_manage` WHERE ( display_status=1 ) LIMIT 1   [ RunTime:0.0005s ]

[ 2016-09-12T10:46:25+08:00 ] ::1 /Project/ftms/index.php/Admin/Dealers/dealers_list.html
INFO: [ app_init ] --START--
INFO: Run Behavior\BuildLiteBehavior [ RunTime:0.000047s ]
INFO: [ app_init ] --END-- [ RunTime:0.001164s ]
INFO: [ app_begin ] --START--
INFO: Run Behavior\ReadHtmlCacheBehavior [ RunTime:0.000878s ]
INFO: [ app_begin ] --END-- [ RunTime:0.001004s ]
SQL: SHOW COLUMNS FROM `dealer_manage` [ RunTime:0.0110s ]
SQL: SELECT * FROM `dealer_manage` WHERE ( display_status=1 ) LIMIT 1   [ RunTime:0.0009s ]

[ 2016-09-12T10:46:33+08:00 ] ::1 /Project/ftms/index.php/Admin/Dealers/dealers_list.html
INFO: [ app_init ] --START--
INFO: Run Behavior\BuildLiteBehavior [ RunTime:0.000027s ]
INFO: [ app_init ] --END-- [ RunTime:0.000836s ]
INFO: [ app_begin ] --START--
INFO: Run Behavior\ReadHtmlCacheBehavior [ RunTime:0.001502s ]
INFO: [ app_begin ] --END-- [ RunTime:0.001634s ]
SQL: SHOW COLUMNS FROM `dealer_manage` [ RunTime:0.0110s ]
SQL: SELECT * FROM `dealer_manage` WHERE ( display_status=1 )  [ RunTime:0.0005s ]

[ 2016-09-12T10:48:49+08:00 ] ::1 /Project/ftms/index.php/Admin/Dealers/dealers_list.html
INFO: [ app_init ] --START--
INFO: Run Behavior\BuildLiteBehavior [ RunTime:0.000046s ]
INFO: [ app_init ] --END-- [ RunTime:0.001496s ]
INFO: [ app_begin ] --START--
INFO: Run Behavior\ReadHtmlCacheBehavior [ RunTime:0.002523s ]
INFO: [ app_begin ] --END-- [ RunTime:0.002752s ]
SQL: SHOW COLUMNS FROM `dealer_manage` [ RunTime:0.0104s ]
SQL: SELECT * FROM `dealer_manage` WHERE ( display_status=1 )  [ RunTime:0.0006s ]

[ 2016-09-12T10:58:38+08:00 ] ::1 /Project/ftms/index.php/Admin/Dealers/dealers_list.html
INFO: [ app_init ] --START--
INFO: Run Behavior\BuildLiteBehavior [ RunTime:0.000047s ]
INFO: [ app_init ] --END-- [ RunTime:0.001415s ]
INFO: [ app_begin ] --START--
INFO: Run Behavior\ReadHtmlCacheBehavior [ RunTime:0.001253s ]
INFO: [ app_begin ] --END-- [ RunTime:0.001412s ]
SQL: SHOW COLUMNS FROM `dealer_manage` [ RunTime:0.0099s ]
SQL: SELECT * FROM `dealer_manage` WHERE ( display_status=1 )  [ RunTime:0.0005s ]
INFO: [ view_parse ] --START--
INFO: [ template_filter ] --START--
INFO: Run Behavior\ContentReplaceBehavior [ RunTime:0.000152s ]
INFO: [ template_filter ] --END-- [ RunTime:0.000365s ]
NOTIC: [8] Use of undefined constant dealer_id - assumed 'dealer_id' E:\wamp\wamp\www\Project\ftms\Runtime\Cache\Admin\01240b37f3d9f7e13229e4f53dc7a7f8.php 第 23 行.
NOTIC: [8] Use of undefined constant dealer_name - assumed 'dealer_name' E:\wamp\wamp\www\Project\ftms\Runtime\Cache\Admin\01240b37f3d9f7e13229e4f53dc7a7f8.php 第 24 行.
INFO: Run Behavior\ParseTemplateBehavior [ RunTime:0.085418s ]
INFO: [ view_parse ] --END-- [ RunTime:0.085634s ]
INFO: [ view_filter ] --START--
INFO: Run Behavior\WriteHtmlCacheBehavior [ RunTime:0.001058s ]
INFO: Run Behavior\TokenBuildBehavior [ RunTime:0.001077s ]
INFO: [ view_filter ] --END-- [ RunTime:0.002336s ]
INFO: [ app_end ] --START--
INFO: Run Behavior\ShowPageTraceBehavior [ RunTime:0.001144s ]
INFO: [ app_end ] --END-- [ RunTime:0.001269s ]

[ 2016-09-12T10:58:57+08:00 ] ::1 /Project/ftms/index.php/Admin/Dealers/dealers_list.html
INFO: [ app_init ] --START--
INFO: Run Behavior\BuildLiteBehavior [ RunTime:0.000027s ]
INFO: [ app_init ] --END-- [ RunTime:0.000866s ]
INFO: [ app_begin ] --START--
INFO: Run Behavior\ReadHtmlCacheBehavior [ RunTime:0.000874s ]
INFO: [ app_begin ] --END-- [ RunTime:0.000998s ]
SQL: SHOW COLUMNS FROM `dealer_manage` [ RunTime:0.1322s ]
SQL: SELECT * FROM `dealer_manage` WHERE ( display_status=1 )  [ RunTime:0.0014s ]
INFO: [ view_parse ] --START--
INFO: [ template_filter ] --START--
INFO: Run Behavior\ContentReplaceBehavior [ RunTime:0.000152s ]
INFO: [ template_filter ] --END-- [ RunTime:0.000373s ]
NOTIC: [8] Use of undefined constant dealer_id - assumed 'dealer_id' E:\wamp\wamp\www\Project\ftms\Runtime\Cache\Admin\01240b37f3d9f7e13229e4f53dc7a7f8.php 第 23 行.
NOTIC: [8] Use of undefined constant dealer_name - assumed 'dealer_name' E:\wamp\wamp\www\Project\ftms\Runtime\Cache\Admin\01240b37f3d9f7e13229e4f53dc7a7f8.php 第 24 行.
INFO: Run Behavior\ParseTemplateBehavior [ RunTime:0.020109s ]
INFO: [ view_parse ] --END-- [ RunTime:0.020609s ]
INFO: [ view_filter ] --START--
INFO: Run Behavior\WriteHtmlCacheBehavior [ RunTime:0.001755s ]
INFO: Run Behavior\TokenBuildBehavior [ RunTime:0.001909s ]
INFO: [ view_filter ] --END-- [ RunTime:0.004007s ]
INFO: [ app_end ] --START--
INFO: Run Behavior\ShowPageTraceBehavior [ RunTime:0.002010s ]
INFO: [ app_end ] --END-- [ RunTime:0.002228s ]

[ 2016-09-12T11:00:26+08:00 ] ::1 /Project/ftms/index.php/Admin/Dealers/dealers_list.html
INFO: [ app_init ] --START--
INFO: Run Behavior\BuildLiteBehavior [ RunTime:0.000027s ]
INFO: [ app_init ] --END-- [ RunTime:0.000986s ]
INFO: [ app_begin ] --START--
INFO: Run Behavior\ReadHtmlCacheBehavior [ RunTime:0.000911s ]
INFO: [ app_begin ] --END-- [ RunTime:0.001038s ]
SQL: SHOW COLUMNS FROM `dealer_manage` [ RunTime:0.0061s ]
SQL: SELECT * FROM `dealer_manage` WHERE ( display_status=1 )  [ RunTime:0.0005s ]
INFO: [ view_parse ] --START--
INFO: [ template_filter ] --START--
INFO: Run Behavior\ContentReplaceBehavior [ RunTime:0.000163s ]
INFO: [ template_filter ] --END-- [ RunTime:0.000410s ]
NOTIC: [8] Use of undefined constant dealer_id - assumed 'dealer_id' E:\wamp\wamp\www\Project\ftms\Runtime\Cache\Admin\01240b37f3d9f7e13229e4f53dc7a7f8.php 第 23 行.
NOTIC: [8] Use of undefined constant dealer_name - assumed 'dealer_name' E:\wamp\wamp\www\Project\ftms\Runtime\Cache\Admin\01240b37f3d9f7e13229e4f53dc7a7f8.php 第 24 行.
NOTIC: [8] Use of undefined constant province - assumed 'province' E:\wamp\wamp\www\Project\ftms\Runtime\Cache\Admin\01240b37f3d9f7e13229e4f53dc7a7f8.php 第 25 行.
NOTIC: [8] Use of undefined constant city - assumed 'city' E:\wamp\wamp\www\Project\ftms\Runtime\Cache\Admin\01240b37f3d9f7e13229e4f53dc7a7f8.php 第 26 行.
NOTIC: [8] Use of undefined constant address - assumed 'address' E:\wamp\wamp\www\Project\ftms\Runtime\Cache\Admin\01240b37f3d9f7e13229e4f53dc7a7f8.php 第 27 行.
INFO: Run Behavior\ParseTemplateBehavior [ RunTime:0.013508s ]
INFO: [ view_parse ] --END-- [ RunTime:0.013641s ]
INFO: [ view_filter ] --START--
INFO: Run Behavior\WriteHtmlCacheBehavior [ RunTime:0.001043s ]
INFO: Run Behavior\TokenBuildBehavior [ RunTime:0.001072s ]
INFO: [ view_filter ] --END-- [ RunTime:0.002299s ]
INFO: [ app_end ] --START--
INFO: Run Behavior\ShowPageTraceBehavior [ RunTime:0.001113s ]
INFO: [ app_end ] --END-- [ RunTime:0.001225s ]

[ 2016-09-12T11:00:50+08:00 ] ::1 /Project/ftms/index.php/Admin/Dealers/dealers_list.html
INFO: [ app_init ] --START--
INFO: Run Behavior\BuildLiteBehavior [ RunTime:0.000031s ]
INFO: [ app_init ] --END-- [ RunTime:0.001510s ]
INFO: [ app_begin ] --START--
INFO: Run Behavior\ReadHtmlCacheBehavior [ RunTime:0.001030s ]
INFO: [ app_begin ] --END-- [ RunTime:0.001158s ]
SQL: SHOW COLUMNS FROM `dealer_manage` [ RunTime:0.0065s ]
SQL: SELECT * FROM `dealer_manage` WHERE ( display_status=1 )  [ RunTime:0.0008s ]
INFO: [ view_parse ] --START--
INFO: [ template_filter ] --START--
INFO: Run Behavior\ContentReplaceBehavior [ RunTime:0.000148s ]
INFO: [ template_filter ] --END-- [ RunTime:0.000360s ]
NOTIC: [8] Use of undefined constant dealer_id - assumed 'dealer_id' E:\wamp\wamp\www\Project\ftms\Runtime\Cache\Admin\01240b37f3d9f7e13229e4f53dc7a7f8.php 第 23 行.
NOTIC: [8] Use of undefined constant dealer_name - assumed 'dealer_name' E:\wamp\wamp\www\Project\ftms\Runtime\Cache\Admin\01240b37f3d9f7e13229e4f53dc7a7f8.php 第 24 行.
NOTIC: [8] Use of undefined constant province - assumed 'province' E:\wamp\wamp\www\Project\ftms\Runtime\Cache\Admin\01240b37f3d9f7e13229e4f53dc7a7f8.php 第 25 行.
NOTIC: [8] Use of undefined constant city - assumed 'city' E:\wamp\wamp\www\Project\ftms\Runtime\Cache\Admin\01240b37f3d9f7e13229e4f53dc7a7f8.php 第 26 行.
NOTIC: [8] Use of undefined constant address - assumed 'address' E:\wamp\wamp\www\Project\ftms\Runtime\Cache\Admin\01240b37f3d9f7e13229e4f53dc7a7f8.php 第 27 行.
INFO: Run Behavior\ParseTemplateBehavior [ RunTime:0.015136s ]
INFO: [ view_parse ] --END-- [ RunTime:0.015262s ]
INFO: [ view_filter ] --START--
INFO: Run Behavior\WriteHtmlCacheBehavior [ RunTime:0.001078s ]
INFO: Run Behavior\TokenBuildBehavior [ RunTime:0.001006s ]
INFO: [ view_filter ] --END-- [ RunTime:0.002270s ]
INFO: [ app_end ] --START--
INFO: Run Behavior\ShowPageTraceBehavior [ RunTime:0.001054s ]
INFO: [ app_end ] --END-- [ RunTime:0.001168s ]

[ 2016-09-12T11:01:16+08:00 ] ::1 /Project/ftms/index.php/Admin/Dealers/dealers_list.html
INFO: [ app_init ] --START--
INFO: Run Behavior\BuildLiteBehavior [ RunTime:0.000053s ]
INFO: [ app_init ] --END-- [ RunTime:0.001627s ]
INFO: [ app_begin ] --START--
INFO: Run Behavior\ReadHtmlCacheBehavior [ RunTime:0.001863s ]
INFO: [ app_begin ] --END-- [ RunTime:0.002150s ]
SQL: SHOW COLUMNS FROM `dealer_manage` [ RunTime:0.0068s ]
SQL: SELECT * FROM `dealer_manage` WHERE ( display_status=1 )  [ RunTime:0.0005s ]
INFO: [ view_parse ] --START--
INFO: [ template_filter ] --START--
INFO: Run Behavior\ContentReplaceBehavior [ RunTime:0.000113s ]
INFO: [ template_filter ] --END-- [ RunTime:0.000275s ]
NOTIC: [8] Use of undefined constant dealer_id - assumed 'dealer_id' E:\wamp\wamp\www\Project\ftms\Runtime\Cache\Admin\01240b37f3d9f7e13229e4f53dc7a7f8.php 第 23 行.
NOTIC: [8] Use of undefined constant dealer_name - assumed 'dealer_name' E:\wamp\wamp\www\Project\ftms\Runtime\Cache\Admin\01240b37f3d9f7e13229e4f53dc7a7f8.php 第 24 行.
NOTIC: [8] Use of undefined constant province - assumed 'province' E:\wamp\wamp\www\Project\ftms\Runtime\Cache\Admin\01240b37f3d9f7e13229e4f53dc7a7f8.php 第 25 行.
NOTIC: [8] Use of undefined constant city - assumed 'city' E:\wamp\wamp\www\Project\ftms\Runtime\Cache\Admin\01240b37f3d9f7e13229e4f53dc7a7f8.php 第 26 行.
NOTIC: [8] Use of undefined constant address - assumed 'address' E:\wamp\wamp\www\Project\ftms\Runtime\Cache\Admin\01240b37f3d9f7e13229e4f53dc7a7f8.php 第 27 行.
INFO: Run Behavior\ParseTemplateBehavior [ RunTime:0.020303s ]
INFO: [ view_parse ] --END-- [ RunTime:0.020492s ]
INFO: [ view_filter ] --START--
INFO: Run Behavior\WriteHtmlCacheBehavior [ RunTime:0.001552s ]
INFO: Run Behavior\TokenBuildBehavior [ RunTime:0.001763s ]
INFO: [ view_filter ] --END-- [ RunTime:0.003681s ]
INFO: [ app_end ] --START--
INFO: Run Behavior\ShowPageTraceBehavior [ RunTime:0.001914s ]
INFO: [ app_end ] --END-- [ RunTime:0.002148s ]

[ 2016-09-12T11:03:40+08:00 ] ::1 /Project/ftms/index.php/Admin/Dealers/dealers_list.html
INFO: [ app_init ] --START--
INFO: Run Behavior\BuildLiteBehavior [ RunTime:0.000028s ]
INFO: [ app_init ] --END-- [ RunTime:0.000925s ]
INFO: [ app_begin ] --START--
INFO: Run Behavior\ReadHtmlCacheBehavior [ RunTime:0.001225s ]
INFO: [ app_begin ] --END-- [ RunTime:0.001389s ]
SQL: SHOW COLUMNS FROM `dealer_manage` [ RunTime:0.0086s ]
SQL: SELECT * FROM `dealer_manage` WHERE ( display_status=1 )  [ RunTime:0.0008s ]
INFO: [ view_parse ] --START--
INFO: [ template_filter ] --START--
INFO: Run Behavior\ContentReplaceBehavior [ RunTime:0.000154s ]
INFO: [ template_filter ] --END-- [ RunTime:0.000375s ]
NOTIC: [8] Use of undefined constant dealer_id - assumed 'dealer_id' E:\wamp\wamp\www\Project\ftms\Runtime\Cache\Admin\01240b37f3d9f7e13229e4f53dc7a7f8.php 第 23 行.
NOTIC: [8] Use of undefined constant dealer_name - assumed 'dealer_name' E:\wamp\wamp\www\Project\ftms\Runtime\Cache\Admin\01240b37f3d9f7e13229e4f53dc7a7f8.php 第 24 行.
NOTIC: [8] Use of undefined constant province - assumed 'province' E:\wamp\wamp\www\Project\ftms\Runtime\Cache\Admin\01240b37f3d9f7e13229e4f53dc7a7f8.php 第 25 行.
NOTIC: [8] Use of undefined constant city - assumed 'city' E:\wamp\wamp\www\Project\ftms\Runtime\Cache\Admin\01240b37f3d9f7e13229e4f53dc7a7f8.php 第 26 行.
NOTIC: [8] Use of undefined constant address - assumed 'address' E:\wamp\wamp\www\Project\ftms\Runtime\Cache\Admin\01240b37f3d9f7e13229e4f53dc7a7f8.php 第 27 行.
NOTIC: [8] Use of undefined constant mobile - assumed 'mobile' E:\wamp\wamp\www\Project\ftms\Runtime\Cache\Admin\01240b37f3d9f7e13229e4f53dc7a7f8.php 第 28 行.
NOTIC: [8] Use of undefined constant dealer_url - assumed 'dealer_url' E:\wamp\wamp\www\Project\ftms\Runtime\Cache\Admin\01240b37f3d9f7e13229e4f53dc7a7f8.php 第 29 行.
NOTIC: [8] Use of undefined constant certificate - assumed 'certificate' E:\wamp\wamp\www\Project\ftms\Runtime\Cache\Admin\01240b37f3d9f7e13229e4f53dc7a7f8.php 第 30 行.
NOTIC: [8] Use of undefined constant detail - assumed 'detail' E:\wamp\wamp\www\Project\ftms\Runtime\Cache\Admin\01240b37f3d9f7e13229e4f53dc7a7f8.php 第 31 行.
NOTIC: [8] Undefined index: detail E:\wamp\wamp\www\Project\ftms\Runtime\Cache\Admin\01240b37f3d9f7e13229e4f53dc7a7f8.php 第 31 行.
INFO: Run Behavior\ParseTemplateBehavior [ RunTime:0.020332s ]
INFO: [ view_parse ] --END-- [ RunTime:0.020512s ]
INFO: [ view_filter ] --START--
INFO: Run Behavior\WriteHtmlCacheBehavior [ RunTime:0.001671s ]
INFO: Run Behavior\TokenBuildBehavior [ RunTime:0.001578s ]
INFO: [ view_filter ] --END-- [ RunTime:0.003478s ]
INFO: [ app_end ] --START--
INFO: Run Behavior\ShowPageTraceBehavior [ RunTime:0.001422s ]
INFO: [ app_end ] --END-- [ RunTime:0.001585s ]

[ 2016-09-12T11:04:00+08:00 ] ::1 /Project/ftms/index.php/Admin/Dealers/dealers_list.html
INFO: [ app_init ] --START--
INFO: Run Behavior\BuildLiteBehavior [ RunTime:0.000026s ]
INFO: [ app_init ] --END-- [ RunTime:0.000835s ]
INFO: [ app_begin ] --START--
INFO: Run Behavior\ReadHtmlCacheBehavior [ RunTime:0.001389s ]
INFO: [ app_begin ] --END-- [ RunTime:0.001543s ]
SQL: SHOW COLUMNS FROM `dealer_manage` [ RunTime:0.0070s ]
SQL: SELECT * FROM `dealer_manage` WHERE ( display_status=1 )  [ RunTime:0.0004s ]
INFO: [ view_parse ] --START--
INFO: [ template_filter ] --START--
INFO: Run Behavior\ContentReplaceBehavior [ RunTime:0.000085s ]
INFO: [ template_filter ] --END-- [ RunTime:0.000208s ]
NOTIC: [8] Use of undefined constant dealer_id - assumed 'dealer_id' E:\wamp\wamp\www\Project\ftms\Runtime\Cache\Admin\01240b37f3d9f7e13229e4f53dc7a7f8.php 第 23 行.
NOTIC: [8] Use of undefined constant dealer_name - assumed 'dealer_name' E:\wamp\wamp\www\Project\ftms\Runtime\Cache\Admin\01240b37f3d9f7e13229e4f53dc7a7f8.php 第 24 行.
NOTIC: [8] Use of undefined constant province - assumed 'province' E:\wamp\wamp\www\Project\ftms\Runtime\Cache\Admin\01240b37f3d9f7e13229e4f53dc7a7f8.php 第 25 行.
NOTIC: [8] Use of undefined constant city - assumed 'city' E:\wamp\wamp\www\Project\ftms\Runtime\Cache\Admin\01240b37f3d9f7e13229e4f53dc7a7f8.php 第 26 行.
NOTIC: [8] Use of undefined constant address - assumed 'address' E:\wamp\wamp\www\Project\ftms\Runtime\Cache\Admin\01240b37f3d9f7e13229e4f53dc7a7f8.php 第 27 行.
NOTIC: [8] Use of undefined constant mobile - assumed 'mobile' E:\wamp\wamp\www\Project\ftms\Runtime\Cache\Admin\01240b37f3d9f7e13229e4f53dc7a7f8.php 第 28 行.
NOTIC: [8] Use of undefined constant dealer_url - assumed 'dealer_url' E:\wamp\wamp\www\Project\ftms\Runtime\Cache\Admin\01240b37f3d9f7e13229e4f53dc7a7f8.php 第 29 行.
NOTIC: [8] Use of undefined constant certificate - assumed 'certificate' E:\wamp\wamp\www\Project\ftms\Runtime\Cache\Admin\01240b37f3d9f7e13229e4f53dc7a7f8.php 第 30 行.
NOTIC: [8] Use of undefined constant details - assumed 'details' E:\wamp\wamp\www\Project\ftms\Runtime\Cache\Admin\01240b37f3d9f7e13229e4f53dc7a7f8.php 第 31 行.
INFO: Run Behavior\ParseTemplateBehavior [ RunTime:0.015013s ]
INFO: [ view_parse ] --END-- [ RunTime:0.015133s ]
INFO: [ view_filter ] --START--
INFO: Run Behavior\WriteHtmlCacheBehavior [ RunTime:0.000926s ]
INFO: Run Behavior\TokenBuildBehavior [ RunTime:0.001050s ]
INFO: [ view_filter ] --END-- [ RunTime:0.002150s ]
INFO: [ app_end ] --START--
INFO: Run Behavior\ShowPageTraceBehavior [ RunTime:0.002702s ]
INFO: [ app_end ] --END-- [ RunTime:0.002941s ]

[ 2016-09-12T18:28:55+08:00 ] 127.0.0.1 /ftms/index.php/admin
INFO: [ app_init ] --START--
INFO: Run Behavior\BuildLiteBehavior [ RunTime:0.000058s ]
INFO: [ app_init ] --END-- [ RunTime:0.001285s ]
INFO: [ app_begin ] --START--
INFO: Run Behavior\ReadHtmlCacheBehavior [ RunTime:0.000994s ]
INFO: [ app_begin ] --END-- [ RunTime:0.001136s ]
INFO: [ view_parse ] --START--
INFO: [ template_filter ] --START--
INFO: Run Behavior\ContentReplaceBehavior [ RunTime:0.000100s ]
INFO: [ template_filter ] --END-- [ RunTime:0.000226s ]
INFO: Run Behavior\ParseTemplateBehavior [ RunTime:0.010539s ]
INFO: [ view_parse ] --END-- [ RunTime:0.010742s ]
INFO: [ view_filter ] --START--
INFO: Run Behavior\WriteHtmlCacheBehavior [ RunTime:0.000881s ]
INFO: Run Behavior\TokenBuildBehavior [ RunTime:0.001078s ]
INFO: [ view_filter ] --END-- [ RunTime:0.002141s ]

[ 2016-09-12T18:28:58+08:00 ] 127.0.0.1 /ftms/index.php/Admin/Login/login.html
INFO: [ app_init ] --START--
INFO: Run Behavior\BuildLiteBehavior [ RunTime:0.000036s ]
INFO: [ app_init ] --END-- [ RunTime:0.001109s ]
INFO: [ app_begin ] --START--
INFO: Run Behavior\ReadHtmlCacheBehavior [ RunTime:0.000988s ]
INFO: [ app_begin ] --END-- [ RunTime:0.001133s ]
INFO: [ view_parse ] --START--
INFO: [ template_filter ] --START--
INFO: Run Behavior\ContentReplaceBehavior [ RunTime:0.000107s ]
INFO: [ template_filter ] --END-- [ RunTime:0.000231s ]
INFO: Run Behavior\ParseTemplateBehavior [ RunTime:0.010294s ]
INFO: [ view_parse ] --END-- [ RunTime:0.010480s ]
INFO: [ view_filter ] --START--
INFO: Run Behavior\WriteHtmlCacheBehavior [ RunTime:0.000810s ]
INFO: Run Behavior\TokenBuildBehavior [ RunTime:0.001034s ]
INFO: [ view_filter ] --END-- [ RunTime:0.002018s ]
INFO: [ app_end ] --START--
INFO: Run Behavior\ShowPageTraceBehavior [ RunTime:0.001017s ]
INFO: [ app_end ] --END-- [ RunTime:0.001159s ]

[ 2016-09-12T18:29:00+08:00 ] 127.0.0.1 /ftms/index.php/Admin/Login/validation_login.html
INFO: [ app_init ] --START--
INFO: Run Behavior\BuildLiteBehavior [ RunTime:0.000026s ]
INFO: [ app_init ] --END-- [ RunTime:0.000808s ]
INFO: [ app_begin ] --START--
INFO: Run Behavior\ReadHtmlCacheBehavior [ RunTime:0.000924s ]
INFO: [ app_begin ] --END-- [ RunTime:0.001049s ]
SQL: SHOW COLUMNS FROM `adminmanage` [ RunTime:0.1348s ]
SQL: SELECT `aid`,`username` FROM `adminmanage` WHERE ( username='' and passwd='d41d8cd98f00b204e9800998ecf8427e' ) LIMIT 1   [ RunTime:0.0216s ]
INFO: [ view_parse ] --START--
INFO: [ template_filter ] --START--
INFO: Run Behavior\ContentReplaceBehavior [ RunTime:0.000085s ]
INFO: [ template_filter ] --END-- [ RunTime:0.000205s ]
INFO: Run Behavior\ParseTemplateBehavior [ RunTime:0.008963s ]
INFO: [ view_parse ] --END-- [ RunTime:0.009108s ]
INFO: [ view_filter ] --START--
INFO: Run Behavior\WriteHtmlCacheBehavior [ RunTime:0.000682s ]
INFO: Run Behavior\TokenBuildBehavior [ RunTime:0.000866s ]
INFO: [ view_filter ] --END-- [ RunTime:0.001741s ]

[ 2016-09-12T18:29:03+08:00 ] 127.0.0.1 /ftms/index.php/Admin/Login/login.html
INFO: [ app_init ] --START--
INFO: Run Behavior\BuildLiteBehavior [ RunTime:0.000050s ]
INFO: [ app_init ] --END-- [ RunTime:0.002142s ]
INFO: [ app_begin ] --START--
INFO: Run Behavior\ReadHtmlCacheBehavior [ RunTime:0.001511s ]
INFO: [ app_begin ] --END-- [ RunTime:0.001728s ]
INFO: [ view_parse ] --START--
INFO: [ template_filter ] --START--
INFO: Run Behavior\ContentReplaceBehavior [ RunTime:0.000107s ]
INFO: [ template_filter ] --END-- [ RunTime:0.000227s ]
INFO: Run Behavior\ParseTemplateBehavior [ RunTime:0.009849s ]
INFO: [ view_parse ] --END-- [ RunTime:0.009976s ]
INFO: [ view_filter ] --START--
INFO: Run Behavior\WriteHtmlCacheBehavior [ RunTime:0.000717s ]
INFO: Run Behavior\TokenBuildBehavior [ RunTime:0.000945s ]
INFO: [ view_filter ] --END-- [ RunTime:0.001838s ]
INFO: [ app_end ] --START--
INFO: Run Behavior\ShowPageTraceBehavior [ RunTime:0.000934s ]
INFO: [ app_end ] --END-- [ RunTime:0.001049s ]

[ 2016-09-12T18:29:04+08:00 ] 127.0.0.1 /ftms/index.php/Admin/Login/validation_login.html
INFO: [ app_init ] --START--
INFO: Run Behavior\BuildLiteBehavior [ RunTime:0.000031s ]
INFO: [ app_init ] --END-- [ RunTime:0.000997s ]
INFO: [ app_begin ] --START--
INFO: Run Behavior\ReadHtmlCacheBehavior [ RunTime:0.001026s ]
INFO: [ app_begin ] --END-- [ RunTime:0.001174s ]
SQL: SHOW COLUMNS FROM `adminmanage` [ RunTime:0.0064s ]
SQL: SELECT `aid`,`username` FROM `adminmanage` WHERE ( username='' and passwd='d41d8cd98f00b204e9800998ecf8427e' ) LIMIT 1   [ RunTime:0.0005s ]
INFO: [ view_parse ] --START--
INFO: [ template_filter ] --START--
INFO: Run Behavior\ContentReplaceBehavior [ RunTime:0.000090s ]
INFO: [ template_filter ] --END-- [ RunTime:0.000207s ]
INFO: Run Behavior\ParseTemplateBehavior [ RunTime:0.009086s ]
INFO: [ view_parse ] --END-- [ RunTime:0.009412s ]
INFO: [ view_filter ] --START--
INFO: Run Behavior\WriteHtmlCacheBehavior [ RunTime:0.001053s ]
INFO: Run Behavior\TokenBuildBehavior [ RunTime:0.001614s ]
INFO: [ view_filter ] --END-- [ RunTime:0.003014s ]

[ 2016-09-12T18:29:07+08:00 ] 127.0.0.1 /ftms/index.php/Admin/Login/login.html
INFO: [ app_init ] --START--
INFO: Run Behavior\BuildLiteBehavior [ RunTime:0.000055s ]
INFO: [ app_init ] --END-- [ RunTime:0.001111s ]
INFO: [ app_begin ] --START--
INFO: Run Behavior\ReadHtmlCacheBehavior [ RunTime:0.000961s ]
INFO: [ app_begin ] --END-- [ RunTime:0.001088s ]
INFO: [ view_parse ] --START--
INFO: [ template_filter ] --START--
INFO: Run Behavior\ContentReplaceBehavior [ RunTime:0.000106s ]
INFO: [ template_filter ] --END-- [ RunTime:0.000227s ]
INFO: Run Behavior\ParseTemplateBehavior [ RunTime:0.008650s ]
INFO: [ view_parse ] --END-- [ RunTime:0.008800s ]
INFO: [ view_filter ] --START--
INFO: Run Behavior\WriteHtmlCacheBehavior [ RunTime:0.000766s ]
INFO: Run Behavior\TokenBuildBehavior [ RunTime:0.001835s ]
INFO: [ view_filter ] --END-- [ RunTime:0.002983s ]
INFO: [ app_end ] --START--
INFO: Run Behavior\ShowPageTraceBehavior [ RunTime:0.001404s ]
INFO: [ app_end ] --END-- [ RunTime:0.001565s ]

[ 2016-09-12T18:29:15+08:00 ] 127.0.0.1 /ftms/index.php/Admin/Login/validation_login.html
INFO: [ app_init ] --START--
INFO: Run Behavior\BuildLiteBehavior [ RunTime:0.000044s ]
INFO: [ app_init ] --END-- [ RunTime:0.001414s ]
INFO: [ app_begin ] --START--
INFO: Run Behavior\ReadHtmlCacheBehavior [ RunTime:0.003417s ]
INFO: [ app_begin ] --END-- [ RunTime:0.003725s ]
SQL: SHOW COLUMNS FROM `adminmanage` [ RunTime:0.0665s ]
SQL: SELECT `aid`,`username` FROM `adminmanage` WHERE ( username='admin' and passwd='202cb962ac59075b964b07152d234b70' ) LIMIT 1   [ RunTime:0.0006s ]
INFO: [ view_parse ] --START--
INFO: [ template_filter ] --START--
INFO: Run Behavior\ContentReplaceBehavior [ RunTime:0.000167s ]
INFO: [ template_filter ] --END-- [ RunTime:0.000418s ]
INFO: Run Behavior\ParseTemplateBehavior [ RunTime:0.014405s ]
INFO: [ view_parse ] --END-- [ RunTime:0.014604s ]
INFO: [ view_filter ] --START--
INFO: Run Behavior\WriteHtmlCacheBehavior [ RunTime:0.001003s ]
INFO: Run Behavior\TokenBuildBehavior [ RunTime:0.001041s ]
INFO: [ view_filter ] --END-- [ RunTime:0.002231s ]
INFO: [ app_end ] --START--
INFO: Run Behavior\ShowPageTraceBehavior [ RunTime:0.001093s ]
INFO: [ app_end ] --END-- [ RunTime:0.001207s ]

[ 2016-09-12T18:29:18+08:00 ] 127.0.0.1 /ftms/index.php/Admin/Index/index.html
INFO: [ app_init ] --START--
INFO: Run Behavior\BuildLiteBehavior [ RunTime:0.000075s ]
INFO: [ app_init ] --END-- [ RunTime:0.001812s ]
INFO: [ app_begin ] --START--
INFO: Run Behavior\ReadHtmlCacheBehavior [ RunTime:0.001256s ]
INFO: [ app_begin ] --END-- [ RunTime:0.001447s ]
INFO: [ view_parse ] --START--
INFO: [ template_filter ] --START--
INFO: Run Behavior\ContentReplaceBehavior [ RunTime:0.000743s ]
INFO: [ template_filter ] --END-- [ RunTime:0.000899s ]
INFO: Run Behavior\ParseTemplateBehavior [ RunTime:0.035049s ]
INFO: [ view_parse ] --END-- [ RunTime:0.035300s ]
INFO: [ view_filter ] --START--
INFO: Run Behavior\WriteHtmlCacheBehavior [ RunTime:0.001164s ]
INFO: Run Behavior\TokenBuildBehavior [ RunTime:0.002680s ]
INFO: [ view_filter ] --END-- [ RunTime:0.004114s ]
INFO: [ app_end ] --START--
INFO: Run Behavior\ShowPageTraceBehavior [ RunTime:0.001972s ]
INFO: [ app_end ] --END-- [ RunTime:0.002253s ]

[ 2016-09-12T18:30:23+08:00 ] 127.0.0.1 /ftms/index.php/Admin/Index/index.html
INFO: [ app_init ] --START--
INFO: Run Behavior\BuildLiteBehavior [ RunTime:0.000028s ]
INFO: [ app_init ] --END-- [ RunTime:0.001298s ]
INFO: [ app_begin ] --START--
INFO: Run Behavior\ReadHtmlCacheBehavior [ RunTime:0.001091s ]
INFO: [ app_begin ] --END-- [ RunTime:0.001216s ]
INFO: [ view_parse ] --START--
INFO: [ template_filter ] --START--
INFO: Run Behavior\ContentReplaceBehavior [ RunTime:0.000706s ]
INFO: [ template_filter ] --END-- [ RunTime:0.000855s ]
INFO: Run Behavior\ParseTemplateBehavior [ RunTime:0.034218s ]
INFO: [ view_parse ] --END-- [ RunTime:0.034352s ]
INFO: [ view_filter ] --START--
INFO: Run Behavior\WriteHtmlCacheBehavior [ RunTime:0.001156s ]
INFO: Run Behavior\TokenBuildBehavior [ RunTime:0.004129s ]
INFO: [ view_filter ] --END-- [ RunTime:0.005575s ]
INFO: [ app_end ] --START--
INFO: Run Behavior\ShowPageTraceBehavior [ RunTime:0.002007s ]
INFO: [ app_end ] --END-- [ RunTime:0.002327s ]

[ 2016-09-12T18:30:27+08:00 ] 127.0.0.1 /ftms/index.php/Admin/Dealers/dealers_list.html
INFO: [ app_init ] --START--
INFO: Run Behavior\BuildLiteBehavior [ RunTime:0.000027s ]
INFO: [ app_init ] --END-- [ RunTime:0.000883s ]
INFO: [ app_begin ] --START--
INFO: Run Behavior\ReadHtmlCacheBehavior [ RunTime:0.000888s ]
INFO: [ app_begin ] --END-- [ RunTime:0.001006s ]
SQL: SHOW COLUMNS FROM `dealer_manage` [ RunTime:0.1094s ]
SQL: SELECT * FROM `dealer_manage` WHERE ( display_status=1 )  [ RunTime:0.0006s ]
INFO: [ view_parse ] --START--
INFO: [ template_filter ] --START--
INFO: Run Behavior\ContentReplaceBehavior [ RunTime:0.000082s ]
INFO: [ template_filter ] --END-- [ RunTime:0.000200s ]
NOTIC: [8] Use of undefined constant dealer_id - assumed 'dealer_id' E:\lamp\ftms\Runtime\Cache\Admin\01240b37f3d9f7e13229e4f53dc7a7f8.php 第 23 行.
NOTIC: [8] Use of undefined constant dealer_name - assumed 'dealer_name' E:\lamp\ftms\Runtime\Cache\Admin\01240b37f3d9f7e13229e4f53dc7a7f8.php 第 24 行.
NOTIC: [8] Use of undefined constant province - assumed 'province' E:\lamp\ftms\Runtime\Cache\Admin\01240b37f3d9f7e13229e4f53dc7a7f8.php 第 25 行.
NOTIC: [8] Use of undefined constant city - assumed 'city' E:\lamp\ftms\Runtime\Cache\Admin\01240b37f3d9f7e13229e4f53dc7a7f8.php 第 26 行.
NOTIC: [8] Use of undefined constant address - assumed 'address' E:\lamp\ftms\Runtime\Cache\Admin\01240b37f3d9f7e13229e4f53dc7a7f8.php 第 27 行.
NOTIC: [8] Use of undefined constant mobile - assumed 'mobile' E:\lamp\ftms\Runtime\Cache\Admin\01240b37f3d9f7e13229e4f53dc7a7f8.php 第 28 行.
NOTIC: [8] Use of undefined constant dealer_url - assumed 'dealer_url' E:\lamp\ftms\Runtime\Cache\Admin\01240b37f3d9f7e13229e4f53dc7a7f8.php 第 29 行.
NOTIC: [8] Use of undefined constant certificate - assumed 'certificate' E:\lamp\ftms\Runtime\Cache\Admin\01240b37f3d9f7e13229e4f53dc7a7f8.php 第 30 行.
NOTIC: [8] Use of undefined constant details - assumed 'details' E:\lamp\ftms\Runtime\Cache\Admin\01240b37f3d9f7e13229e4f53dc7a7f8.php 第 31 行.
INFO: Run Behavior\ParseTemplateBehavior [ RunTime:0.024010s ]
INFO: [ view_parse ] --END-- [ RunTime:0.024163s ]
INFO: [ view_filter ] --START--
INFO: Run Behavior\WriteHtmlCacheBehavior [ RunTime:0.000839s ]
INFO: Run Behavior\TokenBuildBehavior [ RunTime:0.000828s ]
INFO: [ view_filter ] --END-- [ RunTime:0.001880s ]
INFO: [ app_end ] --START--
INFO: Run Behavior\ShowPageTraceBehavior [ RunTime:0.001537s ]
INFO: [ app_end ] --END-- [ RunTime:0.001721s ]

[ 2016-09-12T18:31:04+08:00 ] 127.0.0.1 /ftms/index.php/Admin/Dealers/dealers_list.html
INFO: [ app_init ] --START--
INFO: Run Behavior\BuildLiteBehavior [ RunTime:0.000032s ]
INFO: [ app_init ] --END-- [ RunTime:0.001065s ]
INFO: [ app_begin ] --START--
INFO: Run Behavior\ReadHtmlCacheBehavior [ RunTime:0.000891s ]
INFO: [ app_begin ] --END-- [ RunTime:0.001031s ]
SQL: SHOW COLUMNS FROM `dealer_manage` [ RunTime:0.0117s ]
SQL: SELECT * FROM `dealer_manage` WHERE ( display_status=1 )  [ RunTime:0.0007s ]
INFO: [ view_parse ] --START--
INFO: [ template_filter ] --START--
INFO: Run Behavior\ContentReplaceBehavior [ RunTime:0.000166s ]
INFO: [ template_filter ] --END-- [ RunTime:0.000407s ]
NOTIC: [8] Use of undefined constant dealer_id - assumed 'dealer_id' E:\lamp\ftms\Runtime\Cache\Admin\01240b37f3d9f7e13229e4f53dc7a7f8.php 第 23 行.
NOTIC: [8] Use of undefined constant dealer_name - assumed 'dealer_name' E:\lamp\ftms\Runtime\Cache\Admin\01240b37f3d9f7e13229e4f53dc7a7f8.php 第 24 行.
NOTIC: [8] Use of undefined constant province - assumed 'province' E:\lamp\ftms\Runtime\Cache\Admin\01240b37f3d9f7e13229e4f53dc7a7f8.php 第 25 行.
NOTIC: [8] Use of undefined constant city - assumed 'city' E:\lamp\ftms\Runtime\Cache\Admin\01240b37f3d9f7e13229e4f53dc7a7f8.php 第 26 行.
NOTIC: [8] Use of undefined constant address - assumed 'address' E:\lamp\ftms\Runtime\Cache\Admin\01240b37f3d9f7e13229e4f53dc7a7f8.php 第 27 行.
NOTIC: [8] Use of undefined constant mobile - assumed 'mobile' E:\lamp\ftms\Runtime\Cache\Admin\01240b37f3d9f7e13229e4f53dc7a7f8.php 第 28 行.
NOTIC: [8] Use of undefined constant dealer_url - assumed 'dealer_url' E:\lamp\ftms\Runtime\Cache\Admin\01240b37f3d9f7e13229e4f53dc7a7f8.php 第 29 行.
NOTIC: [8] Use of undefined constant certificate - assumed 'certificate' E:\lamp\ftms\Runtime\Cache\Admin\01240b37f3d9f7e13229e4f53dc7a7f8.php 第 30 行.
NOTIC: [8] Use of undefined constant details - assumed 'details' E:\lamp\ftms\Runtime\Cache\Admin\01240b37f3d9f7e13229e4f53dc7a7f8.php 第 31 行.
INFO: Run Behavior\ParseTemplateBehavior [ RunTime:0.013521s ]
INFO: [ view_parse ] --END-- [ RunTime:0.013710s ]
INFO: [ view_filter ] --START--
INFO: Run Behavior\WriteHtmlCacheBehavior [ RunTime:0.001238s ]
INFO: Run Behavior\TokenBuildBehavior [ RunTime:0.001637s ]
INFO: [ view_filter ] --END-- [ RunTime:0.003253s ]
INFO: [ app_end ] --START--
INFO: Run Behavior\ShowPageTraceBehavior [ RunTime:0.001160s ]
INFO: [ app_end ] --END-- [ RunTime:0.001314s ]

[ 2016-09-12T18:31:09+08:00 ] 127.0.0.1 /ftms/index.php/Admin/Information/information_add.html
INFO: [ app_init ] --START--
INFO: Run Behavior\BuildLiteBehavior [ RunTime:0.000027s ]
INFO: [ app_init ] --END-- [ RunTime:0.000870s ]
INFO: [ app_begin ] --START--
INFO: Run Behavior\ReadHtmlCacheBehavior [ RunTime:0.000943s ]
INFO: [ app_begin ] --END-- [ RunTime:0.001069s ]
INFO: [ view_parse ] --START--
INFO: [ template_filter ] --START--
INFO: Run Behavior\ContentReplaceBehavior [ RunTime:0.000071s ]
INFO: [ template_filter ] --END-- [ RunTime:0.000224s ]
INFO: Run Behavior\ParseTemplateBehavior [ RunTime:0.008615s ]
INFO: [ view_parse ] --END-- [ RunTime:0.008803s ]
INFO: [ view_filter ] --START--
INFO: Run Behavior\WriteHtmlCacheBehavior [ RunTime:0.000782s ]
INFO: Run Behavior\TokenBuildBehavior [ RunTime:0.000851s ]
INFO: [ view_filter ] --END-- [ RunTime:0.001810s ]
INFO: [ app_end ] --START--
INFO: Run Behavior\ShowPageTraceBehavior [ RunTime:0.000946s ]
INFO: [ app_end ] --END-- [ RunTime:0.001060s ]

