[ 2016-10-07T19:49:47+08:00 ] 127.0.0.1 /ftms/index.php/admin
INFO: [ app_init ] --START--
INFO: Run Behavior\BuildLiteBehavior [ RunTime:0.000055s ]
INFO: [ app_init ] --END-- [ RunTime:0.002909s ]
INFO: [ app_begin ] --START--
INFO: Run Behavior\ReadHtmlCacheBehavior [ RunTime:0.000906s ]
INFO: [ app_begin ] --END-- [ RunTime:0.001061s ]
INFO: [ view_parse ] --START--
INFO: [ template_filter ] --START--
INFO: Run Behavior\ContentReplaceBehavior [ RunTime:0.000242s ]
INFO: [ template_filter ] --END-- [ RunTime:0.000583s ]
INFO: Run Behavior\ParseTemplateBehavior [ RunTime:0.146007s ]
INFO: [ view_parse ] --END-- [ RunTime:0.146432s ]
INFO: [ view_filter ] --START--
INFO: Run Behavior\WriteHtmlCacheBehavior [ RunTime:0.003051s ]
INFO: Run Behavior\TokenBuildBehavior [ RunTime:0.010763s ]
INFO: [ view_filter ] --END-- [ RunTime:0.014759s ]

[ 2016-10-07T19:49:50+08:00 ] 127.0.0.1 /ftms/index.php/Admin/Login/login.html
INFO: [ app_init ] --START--
INFO: Run Behavior\BuildLiteBehavior [ RunTime:0.000118s ]
INFO: [ app_init ] --END-- [ RunTime:0.002077s ]
INFO: [ app_begin ] --START--
INFO: Run Behavior\ReadHtmlCacheBehavior [ RunTime:0.001998s ]
INFO: [ app_begin ] --END-- [ RunTime:0.002437s ]
INFO: [ view_parse ] --START--
INFO: [ template_filter ] --START--
INFO: Run Behavior\ContentReplaceBehavior [ RunTime:0.000214s ]
INFO: [ template_filter ] --END-- [ RunTime:0.000474s ]
INFO: Run Behavior\ParseTemplateBehavior [ RunTime:0.024408s ]
INFO: [ view_parse ] --END-- [ RunTime:0.024657s ]
INFO: [ view_filter ] --START--
INFO: Run Behavior\WriteHtmlCacheBehavior [ RunTime:0.001448s ]
INFO: Run Behavior\TokenBuildBehavior [ RunTime:0.001921s ]
INFO: [ view_filter ] --END-- [ RunTime:0.003838s ]
INFO: [ app_end ] --START--
INFO: Run Behavior\ShowPageTraceBehavior [ RunTime:0.001580s ]
INFO: [ app_end ] --END-- [ RunTime:0.001905s ]

[ 2016-10-07T19:49:55+08:00 ] 127.0.0.1 /ftms/index.php/Admin/Login/validation_login.html
INFO: [ app_init ] --START--
INFO: Run Behavior\BuildLiteBehavior [ RunTime:0.000054s ]
INFO: [ app_init ] --END-- [ RunTime:0.001356s ]
INFO: [ app_begin ] --START--
INFO: Run Behavior\ReadHtmlCacheBehavior [ RunTime:0.002265s ]
INFO: [ app_begin ] --END-- [ RunTime:0.002744s ]
SQL: SELECT `aid`,`username` FROM `ftms_adminmanage` WHERE ( username='admin' and passwd='202cb962ac59075b964b07152d234b70' ) LIMIT 1   [ RunTime:0.0041s ]
INFO: [ view_parse ] --START--
INFO: [ template_filter ] --START--
INFO: Run Behavior\ContentReplaceBehavior [ RunTime:0.000278s ]
INFO: [ template_filter ] --END-- [ RunTime:0.000667s ]
INFO: Run Behavior\ParseTemplateBehavior [ RunTime:0.028425s ]
INFO: [ view_parse ] --END-- [ RunTime:0.028848s ]
INFO: [ view_filter ] --START--
INFO: Run Behavior\WriteHtmlCacheBehavior [ RunTime:0.002253s ]
INFO: Run Behavior\TokenBuildBehavior [ RunTime:0.001880s ]
INFO: [ view_filter ] --END-- [ RunTime:0.004697s ]
INFO: [ app_end ] --START--
INFO: Run Behavior\ShowPageTraceBehavior [ RunTime:0.002871s ]
INFO: [ app_end ] --END-- [ RunTime:0.003452s ]

[ 2016-10-07T19:49:59+08:00 ] 127.0.0.1 /ftms/index.php/Admin/Index/index.html
INFO: [ app_init ] --START--
INFO: Run Behavior\BuildLiteBehavior [ RunTime:0.000083s ]
INFO: [ app_init ] --END-- [ RunTime:0.002285s ]
INFO: [ app_begin ] --START--
INFO: Run Behavior\ReadHtmlCacheBehavior [ RunTime:0.002229s ]
INFO: [ app_begin ] --END-- [ RunTime:0.002622s ]
INFO: [ view_parse ] --START--
INFO: [ template_filter ] --START--
INFO: Run Behavior\ContentReplaceBehavior [ RunTime:0.002237s ]
INFO: [ template_filter ] --END-- [ RunTime:0.002655s ]
INFO: Run Behavior\ParseTemplateBehavior [ RunTime:0.140624s ]
INFO: [ view_parse ] --END-- [ RunTime:0.141017s ]
INFO: [ view_filter ] --START--
INFO: Run Behavior\WriteHtmlCacheBehavior [ RunTime:0.002457s ]
INFO: Run Behavior\TokenBuildBehavior [ RunTime:0.002094s ]
INFO: [ view_filter ] --END-- [ RunTime:0.005122s ]
INFO: [ app_end ] --START--
INFO: Run Behavior\ShowPageTraceBehavior [ RunTime:0.006636s ]
INFO: [ app_end ] --END-- [ RunTime:0.007351s ]

[ 2016-10-07T19:50:10+08:00 ] 127.0.0.1 /ftms/index.php/Admin/Cartool/first_drive.html
INFO: [ app_init ] --START--
INFO: Run Behavior\BuildLiteBehavior [ RunTime:0.000082s ]
INFO: [ app_init ] --END-- [ RunTime:0.002303s ]
INFO: [ app_begin ] --START--
INFO: Run Behavior\ReadHtmlCacheBehavior [ RunTime:0.002788s ]
INFO: [ app_begin ] --END-- [ RunTime:0.003360s ]
INFO: [ view_parse ] --START--
INFO: [ template_filter ] --START--
INFO: Run Behavior\ContentReplaceBehavior [ RunTime:0.001270s ]
INFO: [ template_filter ] --END-- [ RunTime:0.002041s ]
NOTIC: [8] Undefined variable: draft E:\lamp\ftms\Runtime\Cache\Admin\f2b65ea4bc5dbd050037d1938ddd8b4c.php 第 436 行.
INFO: Run Behavior\ParseTemplateBehavior [ RunTime:0.119058s ]
INFO: [ view_parse ] --END-- [ RunTime:0.119410s ]
INFO: [ view_filter ] --START--
INFO: Run Behavior\WriteHtmlCacheBehavior [ RunTime:0.001568s ]
INFO: Run Behavior\TokenBuildBehavior [ RunTime:0.001282s ]
INFO: [ view_filter ] --END-- [ RunTime:0.003205s ]
INFO: [ app_end ] --START--
INFO: Run Behavior\ShowPageTraceBehavior [ RunTime:0.002193s ]
INFO: [ app_end ] --END-- [ RunTime:0.004217s ]

[ 2016-10-07T19:50:20+08:00 ] 127.0.0.1 /ftms/index.php/Admin/Cartool/offer_consulting.html
INFO: [ app_init ] --START--
INFO: Run Behavior\BuildLiteBehavior [ RunTime:0.000032s ]
INFO: [ app_init ] --END-- [ RunTime:0.000982s ]
INFO: [ app_begin ] --START--
INFO: Run Behavior\ReadHtmlCacheBehavior [ RunTime:0.000883s ]
INFO: [ app_begin ] --END-- [ RunTime:0.001028s ]
INFO: [ view_parse ] --START--
INFO: [ template_filter ] --START--
INFO: Run Behavior\ContentReplaceBehavior [ RunTime:0.000325s ]
INFO: [ template_filter ] --END-- [ RunTime:0.000482s ]
INFO: Run Behavior\ParseTemplateBehavior [ RunTime:0.037137s ]
INFO: [ view_parse ] --END-- [ RunTime:0.037298s ]
INFO: [ view_filter ] --START--
INFO: Run Behavior\WriteHtmlCacheBehavior [ RunTime:0.001028s ]
INFO: Run Behavior\TokenBuildBehavior [ RunTime:0.000800s ]
INFO: [ view_filter ] --END-- [ RunTime:0.002042s ]
INFO: [ app_end ] --START--
INFO: Run Behavior\ShowPageTraceBehavior [ RunTime:0.001438s ]
INFO: [ app_end ] --END-- [ RunTime:0.001708s ]

[ 2016-10-07T20:04:03+08:00 ] 127.0.0.1 /ftms/index.php/Admin/Cartool/offer_consulting.html
INFO: [ app_init ] --START--
INFO: Run Behavior\BuildLiteBehavior [ RunTime:0.000057s ]
INFO: [ app_init ] --END-- [ RunTime:0.001132s ]
INFO: [ app_begin ] --START--
INFO: Run Behavior\ReadHtmlCacheBehavior [ RunTime:0.001633s ]
INFO: [ app_begin ] --END-- [ RunTime:0.002122s ]
INFO: [ view_parse ] --START--
INFO: [ template_filter ] --START--
INFO: Run Behavior\ContentReplaceBehavior [ RunTime:0.000328s ]
INFO: [ template_filter ] --END-- [ RunTime:0.000494s ]
INFO: Run Behavior\ParseTemplateBehavior [ RunTime:0.052402s ]
INFO: [ view_parse ] --END-- [ RunTime:0.052669s ]
INFO: [ view_filter ] --START--
INFO: Run Behavior\WriteHtmlCacheBehavior [ RunTime:0.003903s ]
INFO: Run Behavior\TokenBuildBehavior [ RunTime:0.001606s ]
INFO: [ view_filter ] --END-- [ RunTime:0.006286s ]
INFO: [ app_end ] --START--
INFO: Run Behavior\ShowPageTraceBehavior [ RunTime:0.002400s ]
INFO: [ app_end ] --END-- [ RunTime:0.002678s ]

[ 2016-10-07T20:04:09+08:00 ] 127.0.0.1 /ftms/index.php/Admin/Activity/activity_list.html
INFO: [ app_init ] --START--
INFO: Run Behavior\BuildLiteBehavior [ RunTime:0.000057s ]
INFO: [ app_init ] --END-- [ RunTime:0.034038s ]
INFO: [ app_begin ] --START--
INFO: Run Behavior\ReadHtmlCacheBehavior [ RunTime:0.002622s ]
INFO: [ app_begin ] --END-- [ RunTime:0.003023s ]
SQL: SELECT COUNT(*) AS tp_count FROM `ftms_activity` WHERE (  check_status=1 and display_status=1 ) LIMIT 1   [ RunTime:0.0383s ]
SQL: SELECT * FROM `ftms_activity` WHERE (  check_status=1 and display_status=1 ) LIMIT 0,5   [ RunTime:0.0031s ]
INFO: [ view_parse ] --START--
INFO: [ template_filter ] --START--
INFO: Run Behavior\ContentReplaceBehavior [ RunTime:0.001031s ]
INFO: [ template_filter ] --END-- [ RunTime:0.001441s ]
NOTIC: [8] Undefined variable: data E:\lamp\ftms\Runtime\Cache\Admin\f3ebdf351aab182d35b163f3694406c2.php 第 415 行.
NOTIC: [8] Undefined variable: data E:\lamp\ftms\Runtime\Cache\Admin\f3ebdf351aab182d35b163f3694406c2.php 第 428 行.
INFO: Run Behavior\ParseTemplateBehavior [ RunTime:0.154953s ]
INFO: [ view_parse ] --END-- [ RunTime:0.155351s ]
INFO: [ view_filter ] --START--
INFO: Run Behavior\WriteHtmlCacheBehavior [ RunTime:0.003667s ]
INFO: Run Behavior\TokenBuildBehavior [ RunTime:0.001762s ]
INFO: [ view_filter ] --END-- [ RunTime:0.006358s ]
INFO: [ app_end ] --START--
INFO: Run Behavior\ShowPageTraceBehavior [ RunTime:0.002181s ]
INFO: [ app_end ] --END-- [ RunTime:0.002617s ]

[ 2016-10-07T20:04:17+08:00 ] 127.0.0.1 /ftms/index.php/Admin/Cartool/check_dealers.html
INFO: [ app_init ] --START--
INFO: Run Behavior\BuildLiteBehavior [ RunTime:0.000031s ]
INFO: [ app_init ] --END-- [ RunTime:0.000899s ]
INFO: [ app_begin ] --START--
INFO: Run Behavior\ReadHtmlCacheBehavior [ RunTime:0.001007s ]
INFO: [ app_begin ] --END-- [ RunTime:0.001136s ]
INFO: [ view_parse ] --START--
INFO: [ template_filter ] --START--
INFO: Run Behavior\ContentReplaceBehavior [ RunTime:0.000278s ]
INFO: [ template_filter ] --END-- [ RunTime:0.000408s ]
INFO: Run Behavior\ParseTemplateBehavior [ RunTime:0.029963s ]
INFO: [ view_parse ] --END-- [ RunTime:0.030086s ]
INFO: [ view_filter ] --START--
INFO: Run Behavior\WriteHtmlCacheBehavior [ RunTime:0.000881s ]
INFO: Run Behavior\TokenBuildBehavior [ RunTime:0.000828s ]
INFO: [ view_filter ] --END-- [ RunTime:0.001885s ]
INFO: [ app_end ] --START--
INFO: Run Behavior\ShowPageTraceBehavior [ RunTime:0.001303s ]
INFO: [ app_end ] --END-- [ RunTime:0.001505s ]

[ 2016-10-07T20:04:33+08:00 ] 127.0.0.1 /ftms/index.php/Admin/Dealers/dealers_list.html
INFO: [ app_init ] --START--
INFO: Run Behavior\BuildLiteBehavior [ RunTime:0.000083s ]
INFO: [ app_init ] --END-- [ RunTime:0.002261s ]
INFO: [ app_begin ] --START--
INFO: Run Behavior\ReadHtmlCacheBehavior [ RunTime:0.002590s ]
INFO: [ app_begin ] --END-- [ RunTime:0.002997s ]
NOTIC: [8] Undefined index: type E:\lamp\ftms\App\Admin\Controller\DealersController.class.php 第 13 行.
SQL: SELECT COUNT(*) AS tp_count FROM `ftms_dealers` WHERE (  display_status=1 and is_delete=1 ) LIMIT 1   [ RunTime:0.0021s ]
SQL: SELECT * FROM `ftms_dealers` WHERE (  display_status=1 and is_delete=1 ) LIMIT 0,15   [ RunTime:0.0036s ]
INFO: [ view_parse ] --START--
INFO: [ template_filter ] --START--
INFO: Run Behavior\ContentReplaceBehavior [ RunTime:0.000982s ]
INFO: [ template_filter ] --END-- [ RunTime:0.001422s ]
INFO: Run Behavior\ParseTemplateBehavior [ RunTime:0.125444s ]
INFO: [ view_parse ] --END-- [ RunTime:0.125770s ]
INFO: [ view_filter ] --START--
INFO: Run Behavior\WriteHtmlCacheBehavior [ RunTime:0.001503s ]
INFO: Run Behavior\TokenBuildBehavior [ RunTime:0.001407s ]
INFO: [ view_filter ] --END-- [ RunTime:0.003270s ]
INFO: [ app_end ] --START--
INFO: Run Behavior\ShowPageTraceBehavior [ RunTime:0.003281s ]
INFO: [ app_end ] --END-- [ RunTime:0.003718s ]

[ 2016-10-07T20:04:48+08:00 ] 127.0.0.1 /ftms/index.php/Admin/Dealers/dealers_list.html?search=%E5%B9%B4%E5%85%AB%E6%96%B9
INFO: [ app_init ] --START--
INFO: Run Behavior\BuildLiteBehavior [ RunTime:0.000084s ]
INFO: [ app_init ] --END-- [ RunTime:0.002858s ]
INFO: [ app_begin ] --START--
INFO: Run Behavior\ReadHtmlCacheBehavior [ RunTime:0.002854s ]
INFO: [ app_begin ] --END-- [ RunTime:0.003268s ]
NOTIC: [8] Undefined index: type E:\lamp\ftms\App\Admin\Controller\DealersController.class.php 第 13 行.
SQL: SELECT COUNT(*) AS tp_count FROM `ftms_dealers` WHERE (  display_status=1 and is_delete=1 and code like '%年八方%' ) LIMIT 1   [ RunTime:0.0313s ]
SQL: SELECT * FROM `ftms_dealers` WHERE (  display_status=1 and is_delete=1 and code like '%年八方%' ) LIMIT 0,15   [ RunTime:0.0027s ]
INFO: [ view_parse ] --START--
INFO: [ template_filter ] --START--
INFO: Run Behavior\ContentReplaceBehavior [ RunTime:0.001025s ]
INFO: [ template_filter ] --END-- [ RunTime:0.001424s ]
INFO: Run Behavior\ParseTemplateBehavior [ RunTime:0.125606s ]
INFO: [ view_parse ] --END-- [ RunTime:0.126017s ]
INFO: [ view_filter ] --START--
INFO: Run Behavior\WriteHtmlCacheBehavior [ RunTime:0.003914s ]
INFO: Run Behavior\TokenBuildBehavior [ RunTime:0.002842s ]
INFO: [ view_filter ] --END-- [ RunTime:0.007527s ]
INFO: [ app_end ] --START--
INFO: Run Behavior\ShowPageTraceBehavior [ RunTime:0.003050s ]
INFO: [ app_end ] --END-- [ RunTime:0.003481s ]

[ 2016-10-07T20:08:37+08:00 ] 127.0.0.1 /ftms/index.php/Admin/Cartool/check_dealers.html
INFO: [ app_init ] --START--
INFO: Run Behavior\BuildLiteBehavior [ RunTime:0.000027s ]
INFO: [ app_init ] --END-- [ RunTime:0.000786s ]
INFO: [ app_begin ] --START--
INFO: Run Behavior\ReadHtmlCacheBehavior [ RunTime:0.000924s ]
INFO: [ app_begin ] --END-- [ RunTime:0.001047s ]
INFO: [ view_parse ] --START--
INFO: [ template_filter ] --START--
INFO: Run Behavior\ContentReplaceBehavior [ RunTime:0.000276s ]
INFO: [ template_filter ] --END-- [ RunTime:0.000413s ]
INFO: Run Behavior\ParseTemplateBehavior [ RunTime:0.029851s ]
INFO: [ view_parse ] --END-- [ RunTime:0.029978s ]
INFO: [ view_filter ] --START--
INFO: Run Behavior\WriteHtmlCacheBehavior [ RunTime:0.001048s ]
INFO: Run Behavior\TokenBuildBehavior [ RunTime:0.001085s ]
INFO: [ view_filter ] --END-- [ RunTime:0.002414s ]
INFO: [ app_end ] --START--
INFO: Run Behavior\ShowPageTraceBehavior [ RunTime:0.004158s ]
INFO: [ app_end ] --END-- [ RunTime:0.004411s ]

[ 2016-10-07T20:09:50+08:00 ] 127.0.0.1 /ftms/index.php/Admin/Cartool/check_dealers.html
INFO: [ app_init ] --START--
INFO: Run Behavior\BuildLiteBehavior [ RunTime:0.000112s ]
INFO: [ app_init ] --END-- [ RunTime:0.002918s ]
INFO: [ app_begin ] --START--
INFO: Run Behavior\ReadHtmlCacheBehavior [ RunTime:0.002777s ]
INFO: [ app_begin ] --END-- [ RunTime:0.003185s ]
INFO: [ view_parse ] --START--
INFO: [ template_filter ] --START--
INFO: Run Behavior\ContentReplaceBehavior [ RunTime:0.000886s ]
INFO: [ template_filter ] --END-- [ RunTime:0.001273s ]
INFO: Run Behavior\ParseTemplateBehavior [ RunTime:0.100447s ]
INFO: [ view_parse ] --END-- [ RunTime:0.100989s ]
INFO: [ view_filter ] --START--
INFO: Run Behavior\WriteHtmlCacheBehavior [ RunTime:0.002292s ]
INFO: Run Behavior\TokenBuildBehavior [ RunTime:0.002021s ]
INFO: [ view_filter ] --END-- [ RunTime:0.004959s ]
INFO: [ app_end ] --START--
INFO: Run Behavior\ShowPageTraceBehavior [ RunTime:0.003325s ]
INFO: [ app_end ] --END-- [ RunTime:0.003841s ]

[ 2016-10-07T20:10:10+08:00 ] 127.0.0.1 /ftms/index.php/Admin/Cartool/check_dealers.html
INFO: [ app_init ] --START--
INFO: Run Behavior\BuildLiteBehavior [ RunTime:0.000084s ]
INFO: [ app_init ] --END-- [ RunTime:0.002206s ]
INFO: [ app_begin ] --START--
INFO: Run Behavior\ReadHtmlCacheBehavior [ RunTime:0.004131s ]
INFO: [ app_begin ] --END-- [ RunTime:0.004461s ]
INFO: [ view_parse ] --START--
INFO: [ template_filter ] --START--
INFO: Run Behavior\ContentReplaceBehavior [ RunTime:0.000528s ]
INFO: [ template_filter ] --END-- [ RunTime:0.000768s ]
INFO: Run Behavior\ParseTemplateBehavior [ RunTime:0.057041s ]
INFO: [ view_parse ] --END-- [ RunTime:0.057291s ]
INFO: [ view_filter ] --START--
INFO: Run Behavior\WriteHtmlCacheBehavior [ RunTime:0.001031s ]
INFO: Run Behavior\TokenBuildBehavior [ RunTime:0.001022s ]
INFO: [ view_filter ] --END-- [ RunTime:0.002388s ]
INFO: [ app_end ] --START--
INFO: Run Behavior\ShowPageTraceBehavior [ RunTime:0.001451s ]
INFO: [ app_end ] --END-- [ RunTime:0.001731s ]

[ 2016-10-07T20:25:01+08:00 ] 127.0.0.1 /ftms/index.php/Admin/cartool/check_dealers.html
INFO: [ app_init ] --START--
INFO: Run Behavior\BuildLiteBehavior [ RunTime:0.000032s ]
INFO: [ app_init ] --END-- [ RunTime:0.001137s ]
INFO: [ app_begin ] --START--
INFO: Run Behavior\ReadHtmlCacheBehavior [ RunTime:0.001057s ]
INFO: [ app_begin ] --END-- [ RunTime:0.001210s ]
NOTIC: [8] Undefined variable: model E:\lamp\ftms\App\Admin\Controller\CartoolController.class.php 第 51 行.

[ 2016-10-07T20:25:34+08:00 ] 127.0.0.1 /ftms/index.php/Admin/cartool/check_dealers.html
INFO: [ app_init ] --START--
INFO: Run Behavior\BuildLiteBehavior [ RunTime:0.000033s ]
INFO: [ app_init ] --END-- [ RunTime:0.000870s ]
INFO: [ app_begin ] --START--
INFO: Run Behavior\ReadHtmlCacheBehavior [ RunTime:0.000894s ]
INFO: [ app_begin ] --END-- [ RunTime:0.001050s ]
NOTIC: [8] Undefined variable: model E:\lamp\ftms\App\Admin\Controller\CartoolController.class.php 第 51 行.

[ 2016-10-07T20:25:45+08:00 ] 127.0.0.1 /ftms/index.php/Admin/Cartool/check_dealers.html
INFO: [ app_init ] --START--
INFO: Run Behavior\BuildLiteBehavior [ RunTime:0.000047s ]
INFO: [ app_init ] --END-- [ RunTime:0.000908s ]
INFO: [ app_begin ] --START--
INFO: Run Behavior\ReadHtmlCacheBehavior [ RunTime:0.000747s ]
INFO: [ app_begin ] --END-- [ RunTime:0.000902s ]
INFO: [ view_parse ] --START--
INFO: [ template_filter ] --START--
INFO: Run Behavior\ContentReplaceBehavior [ RunTime:0.000426s ]
INFO: [ template_filter ] --END-- [ RunTime:0.000624s ]
INFO: Run Behavior\ParseTemplateBehavior [ RunTime:0.043865s ]
INFO: [ view_parse ] --END-- [ RunTime:0.044034s ]
INFO: [ view_filter ] --START--
INFO: Run Behavior\WriteHtmlCacheBehavior [ RunTime:0.001148s ]
INFO: Run Behavior\TokenBuildBehavior [ RunTime:0.001152s ]
INFO: [ view_filter ] --END-- [ RunTime:0.002595s ]
INFO: [ app_end ] --START--
INFO: Run Behavior\ShowPageTraceBehavior [ RunTime:0.002155s ]
INFO: [ app_end ] --END-- [ RunTime:0.002510s ]

[ 2016-10-07T20:25:51+08:00 ] 127.0.0.1 /ftms/index.php/Admin/cartool/dealers.html
INFO: [ app_init ] --START--
INFO: Run Behavior\BuildLiteBehavior [ RunTime:0.000031s ]
INFO: [ app_init ] --END-- [ RunTime:0.000902s ]
INFO: [ app_begin ] --START--
INFO: Run Behavior\ReadHtmlCacheBehavior [ RunTime:0.001040s ]
INFO: [ app_begin ] --END-- [ RunTime:0.001212s ]
NOTIC: [8] Undefined variable: model E:\lamp\ftms\App\Admin\Controller\CartoolController.class.php 第 67 行.

[ 2016-10-07T20:28:12+08:00 ] 127.0.0.1 /ftms/index.php/Admin/cartool/dealers.html
INFO: [ app_init ] --START--
INFO: Run Behavior\BuildLiteBehavior [ RunTime:0.000031s ]
INFO: [ app_init ] --END-- [ RunTime:0.000918s ]
INFO: [ app_begin ] --START--
INFO: Run Behavior\ReadHtmlCacheBehavior [ RunTime:0.001121s ]
INFO: [ app_begin ] --END-- [ RunTime:0.001289s ]

[ 2016-10-07T20:30:19+08:00 ] 127.0.0.1 /ftms/index.php/Admin/cartool/dealers.html
INFO: [ app_init ] --START--
INFO: Run Behavior\BuildLiteBehavior [ RunTime:0.000032s ]
INFO: [ app_init ] --END-- [ RunTime:0.000947s ]
INFO: [ app_begin ] --START--
INFO: Run Behavior\ReadHtmlCacheBehavior [ RunTime:0.001108s ]
INFO: [ app_begin ] --END-- [ RunTime:0.001268s ]
ERR: SQLSTATE[42S22]: Column not found: 1054 Unknown column '年八方' in 'where clause'

[ 2016-10-07T20:31:18+08:00 ] 127.0.0.1 /ftms/index.php/Admin/Dealers/dealers_list.html
INFO: [ app_init ] --START--
INFO: Run Behavior\BuildLiteBehavior [ RunTime:0.000032s ]
INFO: [ app_init ] --END-- [ RunTime:0.000843s ]
INFO: [ app_begin ] --START--
INFO: Run Behavior\ReadHtmlCacheBehavior [ RunTime:0.000873s ]
INFO: [ app_begin ] --END-- [ RunTime:0.001056s ]
NOTIC: [8] Undefined index: type E:\lamp\ftms\App\Admin\Controller\DealersController.class.php 第 13 行.
SQL: SELECT COUNT(*) AS tp_count FROM `ftms_dealers` WHERE (  display_status=1 and is_delete=1 ) LIMIT 1   [ RunTime:0.0005s ]
SQL: SELECT * FROM `ftms_dealers` WHERE (  display_status=1 and is_delete=1 ) LIMIT 0,15   [ RunTime:0.0011s ]
INFO: [ view_parse ] --START--
INFO: [ template_filter ] --START--
INFO: Run Behavior\ContentReplaceBehavior [ RunTime:0.000285s ]
INFO: [ template_filter ] --END-- [ RunTime:0.000401s ]
INFO: Run Behavior\ParseTemplateBehavior [ RunTime:0.041287s ]
INFO: [ view_parse ] --END-- [ RunTime:0.041420s ]
INFO: [ view_filter ] --START--
INFO: Run Behavior\WriteHtmlCacheBehavior [ RunTime:0.000937s ]
INFO: Run Behavior\TokenBuildBehavior [ RunTime:0.001002s ]
INFO: [ view_filter ] --END-- [ RunTime:0.002156s ]
INFO: [ app_end ] --START--
INFO: Run Behavior\ShowPageTraceBehavior [ RunTime:0.002060s ]
INFO: [ app_end ] --END-- [ RunTime:0.003694s ]

[ 2016-10-07T20:32:30+08:00 ] 127.0.0.1 /ftms/index.php/Admin/Cartool/check_dealers.html
INFO: [ app_init ] --START--
INFO: Run Behavior\BuildLiteBehavior [ RunTime:0.000031s ]
INFO: [ app_init ] --END-- [ RunTime:0.000905s ]
INFO: [ app_begin ] --START--
INFO: Run Behavior\ReadHtmlCacheBehavior [ RunTime:0.001096s ]
INFO: [ app_begin ] --END-- [ RunTime:0.001246s ]
INFO: [ view_parse ] --START--
INFO: [ template_filter ] --START--
INFO: Run Behavior\ContentReplaceBehavior [ RunTime:0.000314s ]
INFO: [ template_filter ] --END-- [ RunTime:0.000461s ]
INFO: Run Behavior\ParseTemplateBehavior [ RunTime:0.033565s ]
INFO: [ view_parse ] --END-- [ RunTime:0.033714s ]
INFO: [ view_filter ] --START--
INFO: Run Behavior\WriteHtmlCacheBehavior [ RunTime:0.000792s ]
INFO: Run Behavior\TokenBuildBehavior [ RunTime:0.000798s ]
INFO: [ view_filter ] --END-- [ RunTime:0.001813s ]
INFO: [ app_end ] --START--
INFO: Run Behavior\ShowPageTraceBehavior [ RunTime:0.001868s ]
INFO: [ app_end ] --END-- [ RunTime:0.002141s ]

[ 2016-10-07T20:32:39+08:00 ] 127.0.0.1 /ftms/index.php/Admin/cartool/dealers.html
INFO: [ app_init ] --START--
INFO: Run Behavior\BuildLiteBehavior [ RunTime:0.000034s ]
INFO: [ app_init ] --END-- [ RunTime:0.000876s ]
INFO: [ app_begin ] --START--
INFO: Run Behavior\ReadHtmlCacheBehavior [ RunTime:0.000876s ]
INFO: [ app_begin ] --END-- [ RunTime:0.001047s ]
ERR: SQLSTATE[42000]: Syntax error or access violation: 1064 You have an error in your SQL syntax; check the manual that corresponds to your MySQL server version for the right syntax to use near '% 年% ) LIMIT 1' at line 1

[ 2016-10-07T20:33:58+08:00 ] 127.0.0.1 /ftms/index.php/Admin/cartool/dealers.html
INFO: [ app_init ] --START--
INFO: Run Behavior\BuildLiteBehavior [ RunTime:0.000032s ]
INFO: [ app_init ] --END-- [ RunTime:0.000850s ]
INFO: [ app_begin ] --START--
INFO: Run Behavior\ReadHtmlCacheBehavior [ RunTime:0.000962s ]
INFO: [ app_begin ] --END-- [ RunTime:0.001126s ]
SQL: SELECT * FROM `ftms_dealers` WHERE (  dealer_name like '%年%' ) LIMIT 1   [ RunTime:0.0009s ]
INFO: [ view_parse ] --START--
INFO: [ template_filter ] --START--
INFO: Run Behavior\ContentReplaceBehavior [ RunTime:0.000356s ]
INFO: [ template_filter ] --END-- [ RunTime:0.000518s ]
NOTIC: [8] Undefined variable: list E:\lamp\ftms\Runtime\Cache\Admin\39e1e818c9c6d4984ee8da1645f4b193.php 第 485 行.
NOTIC: [8] Undefined variable: list E:\lamp\ftms\Runtime\Cache\Admin\39e1e818c9c6d4984ee8da1645f4b193.php 第 486 行.
NOTIC: [8] Undefined variable: list E:\lamp\ftms\Runtime\Cache\Admin\39e1e818c9c6d4984ee8da1645f4b193.php 第 487 行.
NOTIC: [8] Undefined variable: list E:\lamp\ftms\Runtime\Cache\Admin\39e1e818c9c6d4984ee8da1645f4b193.php 第 488 行.
NOTIC: [8] Undefined variable: list E:\lamp\ftms\Runtime\Cache\Admin\39e1e818c9c6d4984ee8da1645f4b193.php 第 489 行.
NOTIC: [8] Undefined variable: list E:\lamp\ftms\Runtime\Cache\Admin\39e1e818c9c6d4984ee8da1645f4b193.php 第 490 行.
NOTIC: [8] Undefined variable: list E:\lamp\ftms\Runtime\Cache\Admin\39e1e818c9c6d4984ee8da1645f4b193.php 第 490 行.
NOTIC: [8] Undefined variable: list E:\lamp\ftms\Runtime\Cache\Admin\39e1e818c9c6d4984ee8da1645f4b193.php 第 490 行.
NOTIC: [8] Undefined variable: list E:\lamp\ftms\Runtime\Cache\Admin\39e1e818c9c6d4984ee8da1645f4b193.php 第 490 行.
NOTIC: [8] Undefined variable: list E:\lamp\ftms\Runtime\Cache\Admin\39e1e818c9c6d4984ee8da1645f4b193.php 第 490 行.
NOTIC: [8] Undefined variable: show E:\lamp\ftms\Runtime\Cache\Admin\39e1e818c9c6d4984ee8da1645f4b193.php 第 502 行.
INFO: Run Behavior\ParseTemplateBehavior [ RunTime:0.039365s ]
INFO: [ view_parse ] --END-- [ RunTime:0.039521s ]
INFO: [ view_filter ] --START--
INFO: Run Behavior\WriteHtmlCacheBehavior [ RunTime:0.000931s ]
INFO: Run Behavior\TokenBuildBehavior [ RunTime:0.001506s ]
INFO: [ view_filter ] --END-- [ RunTime:0.002783s ]
INFO: [ app_end ] --START--
INFO: Run Behavior\ShowPageTraceBehavior [ RunTime:0.001826s ]
INFO: [ app_end ] --END-- [ RunTime:0.002112s ]

[ 2016-10-07T20:34:46+08:00 ] 127.0.0.1 /ftms/index.php/Admin/cartool/dealers.html
INFO: [ app_init ] --START--
INFO: Run Behavior\BuildLiteBehavior [ RunTime:0.000034s ]
INFO: [ app_init ] --END-- [ RunTime:0.001059s ]
INFO: [ app_begin ] --START--
INFO: Run Behavior\ReadHtmlCacheBehavior [ RunTime:0.001609s ]
INFO: [ app_begin ] --END-- [ RunTime:0.001826s ]
SQL: SELECT * FROM `ftms_dealers` WHERE (  dealer_name like '%年%' ) LIMIT 1   [ RunTime:0.0008s ]

[ 2016-10-07T20:36:05+08:00 ] 127.0.0.1 /ftms/index.php/Admin/cartool/dealers.html
INFO: [ app_init ] --START--
INFO: Run Behavior\BuildLiteBehavior [ RunTime:0.000032s ]
INFO: [ app_init ] --END-- [ RunTime:0.000853s ]
INFO: [ app_begin ] --START--
INFO: Run Behavior\ReadHtmlCacheBehavior [ RunTime:0.001671s ]
INFO: [ app_begin ] --END-- [ RunTime:0.002354s ]
SQL: SELECT * FROM `ftms_dealers` WHERE (  dealer_name like '%年%' ) LIMIT 1   [ RunTime:0.0011s ]

[ 2016-10-07T20:36:24+08:00 ] 127.0.0.1 /ftms/index.php/Admin/cartool/dealers.html
INFO: [ app_init ] --START--
INFO: Run Behavior\BuildLiteBehavior [ RunTime:0.000032s ]
INFO: [ app_init ] --END-- [ RunTime:0.000849s ]
INFO: [ app_begin ] --START--
INFO: Run Behavior\ReadHtmlCacheBehavior [ RunTime:0.000866s ]
INFO: [ app_begin ] --END-- [ RunTime:0.001017s ]
SQL: SELECT * FROM `ftms_dealers` WHERE (  dealer_name like '%年%' ) LIMIT 1   [ RunTime:0.0008s ]

[ 2016-10-07T20:37:00+08:00 ] 127.0.0.1 /ftms/index.php/Admin/Cartool/check_dealers.html
INFO: [ app_init ] --START--
INFO: Run Behavior\BuildLiteBehavior [ RunTime:0.000035s ]
INFO: [ app_init ] --END-- [ RunTime:0.001053s ]
INFO: [ app_begin ] --START--
INFO: Run Behavior\ReadHtmlCacheBehavior [ RunTime:0.001111s ]
INFO: [ app_begin ] --END-- [ RunTime:0.001270s ]
INFO: [ view_parse ] --START--
INFO: [ template_filter ] --START--
INFO: Run Behavior\ContentReplaceBehavior [ RunTime:0.000330s ]
INFO: [ template_filter ] --END-- [ RunTime:0.000481s ]
INFO: Run Behavior\ParseTemplateBehavior [ RunTime:0.042500s ]
INFO: [ view_parse ] --END-- [ RunTime:0.042708s ]
INFO: [ view_filter ] --START--
INFO: Run Behavior\WriteHtmlCacheBehavior [ RunTime:0.001113s ]
INFO: Run Behavior\TokenBuildBehavior [ RunTime:0.001179s ]
INFO: [ view_filter ] --END-- [ RunTime:0.002590s ]
INFO: [ app_end ] --START--
INFO: Run Behavior\ShowPageTraceBehavior [ RunTime:0.001809s ]
INFO: [ app_end ] --END-- [ RunTime:0.002395s ]

[ 2016-10-07T20:37:04+08:00 ] 127.0.0.1 /ftms/index.php/Admin/cartool/dealers.html
INFO: [ app_init ] --START--
INFO: Run Behavior\BuildLiteBehavior [ RunTime:0.000033s ]
INFO: [ app_init ] --END-- [ RunTime:0.000880s ]
INFO: [ app_begin ] --START--
INFO: Run Behavior\ReadHtmlCacheBehavior [ RunTime:0.000871s ]
INFO: [ app_begin ] --END-- [ RunTime:0.001022s ]
SQL: SELECT * FROM `ftms_dealers` WHERE (  dealer_name like '%年%' ) LIMIT 1   [ RunTime:0.0008s ]

[ 2016-10-07T20:42:56+08:00 ] 127.0.0.1 /ftms/index.php/Admin/Cartool/check_dealers.html
INFO: [ app_init ] --START--
INFO: Run Behavior\BuildLiteBehavior [ RunTime:0.000071s ]
INFO: [ app_init ] --END-- [ RunTime:0.001903s ]
INFO: [ app_begin ] --START--
INFO: Run Behavior\ReadHtmlCacheBehavior [ RunTime:0.000916s ]
INFO: [ app_begin ] --END-- [ RunTime:0.001052s ]
INFO: [ view_parse ] --START--
INFO: [ template_filter ] --START--
INFO: Run Behavior\ContentReplaceBehavior [ RunTime:0.000254s ]
INFO: [ template_filter ] --END-- [ RunTime:0.000376s ]
INFO: Run Behavior\ParseTemplateBehavior [ RunTime:0.028709s ]
INFO: [ view_parse ] --END-- [ RunTime:0.028833s ]
INFO: [ view_filter ] --START--
INFO: Run Behavior\WriteHtmlCacheBehavior [ RunTime:0.000976s ]
INFO: Run Behavior\TokenBuildBehavior [ RunTime:0.000854s ]
INFO: [ view_filter ] --END-- [ RunTime:0.002009s ]
INFO: [ app_end ] --START--
INFO: Run Behavior\ShowPageTraceBehavior [ RunTime:0.003191s ]
INFO: [ app_end ] --END-- [ RunTime:0.003426s ]

[ 2016-10-07T20:43:02+08:00 ] 127.0.0.1 /ftms/index.php/Admin/cartool/dealers.html
INFO: [ app_init ] --START--
INFO: Run Behavior\BuildLiteBehavior [ RunTime:0.000027s ]
INFO: [ app_init ] --END-- [ RunTime:0.000840s ]
INFO: [ app_begin ] --START--
INFO: Run Behavior\ReadHtmlCacheBehavior [ RunTime:0.000962s ]
INFO: [ app_begin ] --END-- [ RunTime:0.001090s ]
SQL: SELECT * FROM `ftms_dealers` WHERE (  dealer_name like '%年%' ) LIMIT 1   [ RunTime:0.0008s ]

[ 2016-10-07T20:43:27+08:00 ] 127.0.0.1 /ftms/index.php/Admin/cartool/dealers.html
INFO: [ app_init ] --START--
INFO: Run Behavior\BuildLiteBehavior [ RunTime:0.000027s ]
INFO: [ app_init ] --END-- [ RunTime:0.000735s ]
INFO: [ app_begin ] --START--
INFO: Run Behavior\ReadHtmlCacheBehavior [ RunTime:0.000768s ]
INFO: [ app_begin ] --END-- [ RunTime:0.000893s ]
SQL: SELECT * FROM `ftms_dealers` WHERE (  dealer_name like '%年%' )  [ RunTime:0.0008s ]

[ 2016-10-07T20:43:31+08:00 ] 127.0.0.1 /ftms/index.php/Admin/cartool/dealers.html
INFO: [ app_init ] --START--
INFO: Run Behavior\BuildLiteBehavior [ RunTime:0.000026s ]
INFO: [ app_init ] --END-- [ RunTime:0.000715s ]
INFO: [ app_begin ] --START--
INFO: Run Behavior\ReadHtmlCacheBehavior [ RunTime:0.000800s ]
INFO: [ app_begin ] --END-- [ RunTime:0.000921s ]
INFO: [ view_parse ] --START--
INFO: [ template_filter ] --START--
INFO: Run Behavior\ContentReplaceBehavior [ RunTime:0.000295s ]
INFO: [ template_filter ] --END-- [ RunTime:0.000448s ]
NOTIC: [8] Undefined variable: dealers E:\lamp\ftms\Runtime\Cache\Admin\39e1e818c9c6d4984ee8da1645f4b193.php 第 484 行.
NOTIC: [8] Undefined variable: list E:\lamp\ftms\Runtime\Cache\Admin\39e1e818c9c6d4984ee8da1645f4b193.php 第 485 行.
NOTIC: [8] Undefined variable: list E:\lamp\ftms\Runtime\Cache\Admin\39e1e818c9c6d4984ee8da1645f4b193.php 第 486 行.
NOTIC: [8] Undefined variable: list E:\lamp\ftms\Runtime\Cache\Admin\39e1e818c9c6d4984ee8da1645f4b193.php 第 487 行.
NOTIC: [8] Undefined variable: list E:\lamp\ftms\Runtime\Cache\Admin\39e1e818c9c6d4984ee8da1645f4b193.php 第 488 行.
NOTIC: [8] Undefined variable: list E:\lamp\ftms\Runtime\Cache\Admin\39e1e818c9c6d4984ee8da1645f4b193.php 第 489 行.
NOTIC: [8] Undefined variable: list E:\lamp\ftms\Runtime\Cache\Admin\39e1e818c9c6d4984ee8da1645f4b193.php 第 490 行.
NOTIC: [8] Undefined variable: list E:\lamp\ftms\Runtime\Cache\Admin\39e1e818c9c6d4984ee8da1645f4b193.php 第 490 行.
NOTIC: [8] Undefined variable: list E:\lamp\ftms\Runtime\Cache\Admin\39e1e818c9c6d4984ee8da1645f4b193.php 第 490 行.
NOTIC: [8] Undefined variable: list E:\lamp\ftms\Runtime\Cache\Admin\39e1e818c9c6d4984ee8da1645f4b193.php 第 490 行.
NOTIC: [8] Undefined variable: list E:\lamp\ftms\Runtime\Cache\Admin\39e1e818c9c6d4984ee8da1645f4b193.php 第 490 行.
NOTIC: [8] Undefined variable: show E:\lamp\ftms\Runtime\Cache\Admin\39e1e818c9c6d4984ee8da1645f4b193.php 第 502 行.
INFO: Run Behavior\ParseTemplateBehavior [ RunTime:0.035805s ]
INFO: [ view_parse ] --END-- [ RunTime:0.035927s ]
INFO: [ view_filter ] --START--
INFO: Run Behavior\WriteHtmlCacheBehavior [ RunTime:0.000993s ]
INFO: Run Behavior\TokenBuildBehavior [ RunTime:0.000793s ]
INFO: [ view_filter ] --END-- [ RunTime:0.001987s ]
INFO: [ app_end ] --START--
INFO: Run Behavior\ShowPageTraceBehavior [ RunTime:0.001620s ]
INFO: [ app_end ] --END-- [ RunTime:0.002628s ]

[ 2016-10-07T20:43:46+08:00 ] 127.0.0.1 /ftms/index.php/Admin/cartool/dealers.html
INFO: [ app_init ] --START--
INFO: Run Behavior\BuildLiteBehavior [ RunTime:0.000028s ]
INFO: [ app_init ] --END-- [ RunTime:0.000797s ]
INFO: [ app_begin ] --START--
INFO: Run Behavior\ReadHtmlCacheBehavior [ RunTime:0.000826s ]
INFO: [ app_begin ] --END-- [ RunTime:0.000949s ]
INFO: [ view_parse ] --START--
INFO: [ template_filter ] --START--
INFO: Run Behavior\ContentReplaceBehavior [ RunTime:0.000304s ]
INFO: [ template_filter ] --END-- [ RunTime:0.000425s ]
NOTIC: [8] Undefined variable: dealers E:\lamp\ftms\Runtime\Cache\Admin\39e1e818c9c6d4984ee8da1645f4b193.php 第 484 行.
NOTIC: [8] Undefined variable: list E:\lamp\ftms\Runtime\Cache\Admin\39e1e818c9c6d4984ee8da1645f4b193.php 第 485 行.
NOTIC: [8] Undefined variable: list E:\lamp\ftms\Runtime\Cache\Admin\39e1e818c9c6d4984ee8da1645f4b193.php 第 486 行.
NOTIC: [8] Undefined variable: list E:\lamp\ftms\Runtime\Cache\Admin\39e1e818c9c6d4984ee8da1645f4b193.php 第 487 行.
NOTIC: [8] Undefined variable: list E:\lamp\ftms\Runtime\Cache\Admin\39e1e818c9c6d4984ee8da1645f4b193.php 第 488 行.
NOTIC: [8] Undefined variable: list E:\lamp\ftms\Runtime\Cache\Admin\39e1e818c9c6d4984ee8da1645f4b193.php 第 489 行.
NOTIC: [8] Undefined variable: list E:\lamp\ftms\Runtime\Cache\Admin\39e1e818c9c6d4984ee8da1645f4b193.php 第 490 行.
NOTIC: [8] Undefined variable: list E:\lamp\ftms\Runtime\Cache\Admin\39e1e818c9c6d4984ee8da1645f4b193.php 第 490 行.
NOTIC: [8] Undefined variable: list E:\lamp\ftms\Runtime\Cache\Admin\39e1e818c9c6d4984ee8da1645f4b193.php 第 490 行.
NOTIC: [8] Undefined variable: list E:\lamp\ftms\Runtime\Cache\Admin\39e1e818c9c6d4984ee8da1645f4b193.php 第 490 行.
NOTIC: [8] Undefined variable: list E:\lamp\ftms\Runtime\Cache\Admin\39e1e818c9c6d4984ee8da1645f4b193.php 第 490 行.
NOTIC: [8] Undefined variable: show E:\lamp\ftms\Runtime\Cache\Admin\39e1e818c9c6d4984ee8da1645f4b193.php 第 502 行.
INFO: Run Behavior\ParseTemplateBehavior [ RunTime:0.037334s ]
INFO: [ view_parse ] --END-- [ RunTime:0.037583s ]
INFO: [ view_filter ] --START--
INFO: Run Behavior\WriteHtmlCacheBehavior [ RunTime:0.001414s ]
INFO: Run Behavior\TokenBuildBehavior [ RunTime:0.001254s ]
INFO: [ view_filter ] --END-- [ RunTime:0.003061s ]
INFO: [ app_end ] --START--
INFO: Run Behavior\ShowPageTraceBehavior [ RunTime:0.001927s ]
INFO: [ app_end ] --END-- [ RunTime:0.002180s ]

[ 2016-10-07T20:43:47+08:00 ] 127.0.0.1 /ftms/index.php/Admin/cartool/dealers.html
INFO: [ app_init ] --START--
INFO: Run Behavior\BuildLiteBehavior [ RunTime:0.000029s ]
INFO: [ app_init ] --END-- [ RunTime:0.000670s ]
INFO: [ app_begin ] --START--
INFO: Run Behavior\ReadHtmlCacheBehavior [ RunTime:0.000679s ]
INFO: [ app_begin ] --END-- [ RunTime:0.000799s ]
INFO: [ view_parse ] --START--
INFO: [ template_filter ] --START--
INFO: Run Behavior\ContentReplaceBehavior [ RunTime:0.000294s ]
INFO: [ template_filter ] --END-- [ RunTime:0.000421s ]
NOTIC: [8] Undefined variable: dealers E:\lamp\ftms\Runtime\Cache\Admin\39e1e818c9c6d4984ee8da1645f4b193.php 第 484 行.
NOTIC: [8] Undefined variable: list E:\lamp\ftms\Runtime\Cache\Admin\39e1e818c9c6d4984ee8da1645f4b193.php 第 485 行.
NOTIC: [8] Undefined variable: list E:\lamp\ftms\Runtime\Cache\Admin\39e1e818c9c6d4984ee8da1645f4b193.php 第 486 行.
NOTIC: [8] Undefined variable: list E:\lamp\ftms\Runtime\Cache\Admin\39e1e818c9c6d4984ee8da1645f4b193.php 第 487 行.
NOTIC: [8] Undefined variable: list E:\lamp\ftms\Runtime\Cache\Admin\39e1e818c9c6d4984ee8da1645f4b193.php 第 488 行.
NOTIC: [8] Undefined variable: list E:\lamp\ftms\Runtime\Cache\Admin\39e1e818c9c6d4984ee8da1645f4b193.php 第 489 行.
NOTIC: [8] Undefined variable: list E:\lamp\ftms\Runtime\Cache\Admin\39e1e818c9c6d4984ee8da1645f4b193.php 第 490 行.
NOTIC: [8] Undefined variable: list E:\lamp\ftms\Runtime\Cache\Admin\39e1e818c9c6d4984ee8da1645f4b193.php 第 490 行.
NOTIC: [8] Undefined variable: list E:\lamp\ftms\Runtime\Cache\Admin\39e1e818c9c6d4984ee8da1645f4b193.php 第 490 行.
NOTIC: [8] Undefined variable: list E:\lamp\ftms\Runtime\Cache\Admin\39e1e818c9c6d4984ee8da1645f4b193.php 第 490 行.
NOTIC: [8] Undefined variable: list E:\lamp\ftms\Runtime\Cache\Admin\39e1e818c9c6d4984ee8da1645f4b193.php 第 490 行.
NOTIC: [8] Undefined variable: show E:\lamp\ftms\Runtime\Cache\Admin\39e1e818c9c6d4984ee8da1645f4b193.php 第 502 行.
INFO: Run Behavior\ParseTemplateBehavior [ RunTime:0.033034s ]
INFO: [ view_parse ] --END-- [ RunTime:0.033155s ]
INFO: [ view_filter ] --START--
INFO: Run Behavior\WriteHtmlCacheBehavior [ RunTime:0.000967s ]
INFO: Run Behavior\TokenBuildBehavior [ RunTime:0.001600s ]
INFO: [ view_filter ] --END-- [ RunTime:0.002831s ]
INFO: [ app_end ] --START--
INFO: Run Behavior\ShowPageTraceBehavior [ RunTime:0.001460s ]
INFO: [ app_end ] --END-- [ RunTime:0.001729s ]

[ 2016-10-07T20:44:17+08:00 ] 127.0.0.1 /ftms/index.php/Admin/cartool/dealers.html
INFO: [ app_init ] --START--
INFO: Run Behavior\BuildLiteBehavior [ RunTime:0.000088s ]
INFO: [ app_init ] --END-- [ RunTime:0.002407s ]
INFO: [ app_begin ] --START--
INFO: Run Behavior\ReadHtmlCacheBehavior [ RunTime:0.002852s ]
INFO: [ app_begin ] --END-- [ RunTime:0.003372s ]
INFO: [ view_parse ] --START--
INFO: [ template_filter ] --START--
INFO: Run Behavior\ContentReplaceBehavior [ RunTime:0.000909s ]
INFO: [ template_filter ] --END-- [ RunTime:0.001293s ]
NOTIC: [8] Undefined variable: dealers E:\lamp\ftms\Runtime\Cache\Admin\39e1e818c9c6d4984ee8da1645f4b193.php 第 484 行.
NOTIC: [8] Undefined variable: list E:\lamp\ftms\Runtime\Cache\Admin\39e1e818c9c6d4984ee8da1645f4b193.php 第 485 行.
NOTIC: [8] Undefined variable: list E:\lamp\ftms\Runtime\Cache\Admin\39e1e818c9c6d4984ee8da1645f4b193.php 第 486 行.
NOTIC: [8] Undefined variable: list E:\lamp\ftms\Runtime\Cache\Admin\39e1e818c9c6d4984ee8da1645f4b193.php 第 487 行.
NOTIC: [8] Undefined variable: list E:\lamp\ftms\Runtime\Cache\Admin\39e1e818c9c6d4984ee8da1645f4b193.php 第 488 行.
NOTIC: [8] Undefined variable: list E:\lamp\ftms\Runtime\Cache\Admin\39e1e818c9c6d4984ee8da1645f4b193.php 第 489 行.
NOTIC: [8] Undefined variable: list E:\lamp\ftms\Runtime\Cache\Admin\39e1e818c9c6d4984ee8da1645f4b193.php 第 490 行.
NOTIC: [8] Undefined variable: list E:\lamp\ftms\Runtime\Cache\Admin\39e1e818c9c6d4984ee8da1645f4b193.php 第 490 行.
NOTIC: [8] Undefined variable: list E:\lamp\ftms\Runtime\Cache\Admin\39e1e818c9c6d4984ee8da1645f4b193.php 第 490 行.
NOTIC: [8] Undefined variable: list E:\lamp\ftms\Runtime\Cache\Admin\39e1e818c9c6d4984ee8da1645f4b193.php 第 490 行.
NOTIC: [8] Undefined variable: list E:\lamp\ftms\Runtime\Cache\Admin\39e1e818c9c6d4984ee8da1645f4b193.php 第 490 行.
NOTIC: [8] Undefined variable: show E:\lamp\ftms\Runtime\Cache\Admin\39e1e818c9c6d4984ee8da1645f4b193.php 第 502 行.
INFO: Run Behavior\ParseTemplateBehavior [ RunTime:0.111061s ]
INFO: [ view_parse ] --END-- [ RunTime:0.111438s ]
INFO: [ view_filter ] --START--
INFO: Run Behavior\WriteHtmlCacheBehavior [ RunTime:0.002341s ]
INFO: Run Behavior\TokenBuildBehavior [ RunTime:0.006338s ]
INFO: [ view_filter ] --END-- [ RunTime:0.009978s ]
INFO: [ app_end ] --START--
INFO: Run Behavior\ShowPageTraceBehavior [ RunTime:0.003823s ]
INFO: [ app_end ] --END-- [ RunTime:0.004553s ]

[ 2016-10-07T20:44:42+08:00 ] 127.0.0.1 /ftms/index.php/Admin/cartool/dealers.html
INFO: [ app_init ] --START--
INFO: Run Behavior\BuildLiteBehavior [ RunTime:0.000055s ]
INFO: [ app_init ] --END-- [ RunTime:0.001597s ]
INFO: [ app_begin ] --START--
INFO: Run Behavior\ReadHtmlCacheBehavior [ RunTime:0.001921s ]
INFO: [ app_begin ] --END-- [ RunTime:0.002192s ]
INFO: [ view_parse ] --START--
INFO: [ template_filter ] --START--
INFO: Run Behavior\ContentReplaceBehavior [ RunTime:0.000601s ]
INFO: [ template_filter ] --END-- [ RunTime:0.000860s ]
NOTIC: [8] Undefined variable: dealers E:\lamp\ftms\Runtime\Cache\Admin\39e1e818c9c6d4984ee8da1645f4b193.php 第 484 行.
NOTIC: [8] Undefined variable: list E:\lamp\ftms\Runtime\Cache\Admin\39e1e818c9c6d4984ee8da1645f4b193.php 第 485 行.
NOTIC: [8] Undefined variable: list E:\lamp\ftms\Runtime\Cache\Admin\39e1e818c9c6d4984ee8da1645f4b193.php 第 486 行.
NOTIC: [8] Undefined variable: list E:\lamp\ftms\Runtime\Cache\Admin\39e1e818c9c6d4984ee8da1645f4b193.php 第 487 行.
NOTIC: [8] Undefined variable: list E:\lamp\ftms\Runtime\Cache\Admin\39e1e818c9c6d4984ee8da1645f4b193.php 第 488 行.
NOTIC: [8] Undefined variable: list E:\lamp\ftms\Runtime\Cache\Admin\39e1e818c9c6d4984ee8da1645f4b193.php 第 489 行.
NOTIC: [8] Undefined variable: list E:\lamp\ftms\Runtime\Cache\Admin\39e1e818c9c6d4984ee8da1645f4b193.php 第 490 行.
NOTIC: [8] Undefined variable: list E:\lamp\ftms\Runtime\Cache\Admin\39e1e818c9c6d4984ee8da1645f4b193.php 第 490 行.
NOTIC: [8] Undefined variable: list E:\lamp\ftms\Runtime\Cache\Admin\39e1e818c9c6d4984ee8da1645f4b193.php 第 490 行.
NOTIC: [8] Undefined variable: list E:\lamp\ftms\Runtime\Cache\Admin\39e1e818c9c6d4984ee8da1645f4b193.php 第 490 行.
NOTIC: [8] Undefined variable: list E:\lamp\ftms\Runtime\Cache\Admin\39e1e818c9c6d4984ee8da1645f4b193.php 第 490 行.
NOTIC: [8] Undefined variable: show E:\lamp\ftms\Runtime\Cache\Admin\39e1e818c9c6d4984ee8da1645f4b193.php 第 502 行.
INFO: Run Behavior\ParseTemplateBehavior [ RunTime:0.069478s ]
INFO: [ view_parse ] --END-- [ RunTime:0.069736s ]
INFO: [ view_filter ] --START--
INFO: Run Behavior\WriteHtmlCacheBehavior [ RunTime:0.001590s ]
INFO: Run Behavior\TokenBuildBehavior [ RunTime:0.001611s ]
INFO: [ view_filter ] --END-- [ RunTime:0.003599s ]
INFO: [ app_end ] --START--
INFO: Run Behavior\ShowPageTraceBehavior [ RunTime:0.002992s ]
INFO: [ app_end ] --END-- [ RunTime:0.003492s ]

[ 2016-10-07T20:44:48+08:00 ] 127.0.0.1 /ftms/index.php/Admin/Cartool/check_dealers.html
INFO: [ app_init ] --START--
INFO: Run Behavior\BuildLiteBehavior [ RunTime:0.000031s ]
INFO: [ app_init ] --END-- [ RunTime:0.000906s ]
INFO: [ app_begin ] --START--
INFO: Run Behavior\ReadHtmlCacheBehavior [ RunTime:0.001131s ]
INFO: [ app_begin ] --END-- [ RunTime:0.001321s ]
INFO: [ view_parse ] --START--
INFO: [ template_filter ] --START--
INFO: Run Behavior\ContentReplaceBehavior [ RunTime:0.000318s ]
INFO: [ template_filter ] --END-- [ RunTime:0.000467s ]
INFO: Run Behavior\ParseTemplateBehavior [ RunTime:0.032985s ]
INFO: [ view_parse ] --END-- [ RunTime:0.033131s ]
INFO: [ view_filter ] --START--
INFO: Run Behavior\WriteHtmlCacheBehavior [ RunTime:0.000854s ]
INFO: Run Behavior\TokenBuildBehavior [ RunTime:0.003107s ]
INFO: [ view_filter ] --END-- [ RunTime:0.004248s ]
INFO: [ app_end ] --START--
INFO: Run Behavior\ShowPageTraceBehavior [ RunTime:0.001686s ]
INFO: [ app_end ] --END-- [ RunTime:0.001965s ]

[ 2016-10-07T20:44:56+08:00 ] 127.0.0.1 /ftms/index.php/Admin/cartool/dealers.html
INFO: [ app_init ] --START--
INFO: Run Behavior\BuildLiteBehavior [ RunTime:0.000031s ]
INFO: [ app_init ] --END-- [ RunTime:0.000827s ]
INFO: [ app_begin ] --START--
INFO: Run Behavior\ReadHtmlCacheBehavior [ RunTime:0.000852s ]
INFO: [ app_begin ] --END-- [ RunTime:0.001002s ]
SQL: SELECT * FROM `ftms_dealers` WHERE (  dealer_name like '%年八方%' )  [ RunTime:0.0009s ]

[ 2016-10-07T20:46:14+08:00 ] 127.0.0.1 /ftms/index.php/Admin/Dealers/dealers_list.html
INFO: [ app_init ] --START--
INFO: Run Behavior\BuildLiteBehavior [ RunTime:0.000031s ]
INFO: [ app_init ] --END-- [ RunTime:0.000842s ]
INFO: [ app_begin ] --START--
INFO: Run Behavior\ReadHtmlCacheBehavior [ RunTime:0.000868s ]
INFO: [ app_begin ] --END-- [ RunTime:0.001014s ]
NOTIC: [8] Undefined index: type E:\lamp\ftms\App\Admin\Controller\DealersController.class.php 第 13 行.
SQL: SELECT COUNT(*) AS tp_count FROM `ftms_dealers` WHERE (  display_status=1 and is_delete=1 ) LIMIT 1   [ RunTime:0.0004s ]
SQL: SELECT * FROM `ftms_dealers` WHERE (  display_status=1 and is_delete=1 ) LIMIT 0,15   [ RunTime:0.0009s ]
INFO: [ view_parse ] --START--
INFO: [ template_filter ] --START--
INFO: Run Behavior\ContentReplaceBehavior [ RunTime:0.000507s ]
INFO: [ template_filter ] --END-- [ RunTime:0.000753s ]
INFO: Run Behavior\ParseTemplateBehavior [ RunTime:0.071090s ]
INFO: [ view_parse ] --END-- [ RunTime:0.071257s ]
INFO: [ view_filter ] --START--
INFO: Run Behavior\WriteHtmlCacheBehavior [ RunTime:0.001004s ]
INFO: Run Behavior\TokenBuildBehavior [ RunTime:0.001033s ]
INFO: [ view_filter ] --END-- [ RunTime:0.002331s ]
INFO: [ app_end ] --START--
INFO: Run Behavior\ShowPageTraceBehavior [ RunTime:0.001291s ]
INFO: [ app_end ] --END-- [ RunTime:0.001516s ]

[ 2016-10-07T20:46:18+08:00 ] 127.0.0.1 /ftms/index.php/Admin/Dealers/dealers_list.html?search=%E5%B9%B4
INFO: [ app_init ] --START--
INFO: Run Behavior\BuildLiteBehavior [ RunTime:0.000059s ]
INFO: [ app_init ] --END-- [ RunTime:0.002324s ]
INFO: [ app_begin ] --START--
INFO: Run Behavior\ReadHtmlCacheBehavior [ RunTime:0.000971s ]
INFO: [ app_begin ] --END-- [ RunTime:0.001187s ]
NOTIC: [8] Undefined index: type E:\lamp\ftms\App\Admin\Controller\DealersController.class.php 第 13 行.
SQL: SELECT COUNT(*) AS tp_count FROM `ftms_dealers` WHERE (  display_status=1 and is_delete=1 and code like '%年%' ) LIMIT 1   [ RunTime:0.0006s ]
SQL: SELECT * FROM `ftms_dealers` WHERE (  display_status=1 and is_delete=1 and code like '%年%' ) LIMIT 0,15   [ RunTime:0.0009s ]
INFO: [ view_parse ] --START--
INFO: [ template_filter ] --START--
INFO: Run Behavior\ContentReplaceBehavior [ RunTime:0.000385s ]
INFO: [ template_filter ] --END-- [ RunTime:0.000531s ]
INFO: Run Behavior\ParseTemplateBehavior [ RunTime:0.041581s ]
INFO: [ view_parse ] --END-- [ RunTime:0.041742s ]
INFO: [ view_filter ] --START--
INFO: Run Behavior\WriteHtmlCacheBehavior [ RunTime:0.000781s ]
INFO: Run Behavior\TokenBuildBehavior [ RunTime:0.001414s ]
INFO: [ view_filter ] --END-- [ RunTime:0.002480s ]
INFO: [ app_end ] --START--
INFO: Run Behavior\ShowPageTraceBehavior [ RunTime:0.001208s ]
INFO: [ app_end ] --END-- [ RunTime:0.001395s ]

[ 2016-10-07T20:58:16+08:00 ] 127.0.0.1 /ftms/index.php/Admin/Dealers/dealers_list.html?search=%E5%B9%B4
INFO: [ app_init ] --START--
INFO: Run Behavior\BuildLiteBehavior [ RunTime:0.000052s ]
INFO: [ app_init ] --END-- [ RunTime:0.001465s ]
INFO: [ app_begin ] --START--
INFO: Run Behavior\ReadHtmlCacheBehavior [ RunTime:0.001713s ]
INFO: [ app_begin ] --END-- [ RunTime:0.001962s ]
NOTIC: [8] Undefined index: type E:\lamp\ftms\App\Admin\Controller\DealersController.class.php 第 13 行.
SQL: SELECT COUNT(*) AS tp_count FROM `ftms_dealers` WHERE (  display_status=1 and is_delete=1 and code like '%年%' ) LIMIT 1   [ RunTime:0.0009s ]
SQL: SELECT * FROM `ftms_dealers` WHERE (  display_status=1 and is_delete=1 and code like '%年%' ) LIMIT 0,15   [ RunTime:0.0013s ]
INFO: [ view_parse ] --START--
INFO: [ template_filter ] --START--
INFO: Run Behavior\ContentReplaceBehavior [ RunTime:0.000625s ]
INFO: [ template_filter ] --END-- [ RunTime:0.000855s ]
INFO: Run Behavior\ParseTemplateBehavior [ RunTime:0.076335s ]
INFO: [ view_parse ] --END-- [ RunTime:0.076593s ]
INFO: [ view_filter ] --START--
INFO: Run Behavior\WriteHtmlCacheBehavior [ RunTime:0.001388s ]
INFO: Run Behavior\TokenBuildBehavior [ RunTime:0.000908s ]
INFO: [ view_filter ] --END-- [ RunTime:0.002570s ]
INFO: [ app_end ] --START--
INFO: Run Behavior\ShowPageTraceBehavior [ RunTime:0.002703s ]
INFO: [ app_end ] --END-- [ RunTime:0.002920s ]

[ 2016-10-07T20:58:37+08:00 ] 127.0.0.1 /ftms/index.php/Admin/Dealers/dealer_add.html
INFO: [ app_init ] --START--
INFO: Run Behavior\BuildLiteBehavior [ RunTime:0.000049s ]
INFO: [ app_init ] --END-- [ RunTime:0.001245s ]
INFO: [ app_begin ] --START--
INFO: Run Behavior\ReadHtmlCacheBehavior [ RunTime:0.001426s ]
INFO: [ app_begin ] --END-- [ RunTime:0.001660s ]
INFO: [ view_parse ] --START--
INFO: [ template_filter ] --START--
INFO: Run Behavior\ContentReplaceBehavior [ RunTime:0.000626s ]
INFO: [ template_filter ] --END-- [ RunTime:0.000868s ]
INFO: Run Behavior\ParseTemplateBehavior [ RunTime:0.085781s ]
INFO: [ view_parse ] --END-- [ RunTime:0.085984s ]
INFO: [ view_filter ] --START--
INFO: Run Behavior\WriteHtmlCacheBehavior [ RunTime:0.001056s ]
INFO: Run Behavior\TokenBuildBehavior [ RunTime:0.000819s ]
INFO: [ view_filter ] --END-- [ RunTime:0.002117s ]
INFO: [ app_end ] --START--
INFO: Run Behavior\ShowPageTraceBehavior [ RunTime:0.002350s ]
INFO: [ app_end ] --END-- [ RunTime:0.002711s ]

