[ 2016-10-06T21:25:33+08:00 ] 127.0.0.1 /ftms/index.php/admin
INFO: [ app_init ] --START--
INFO: Run Behavior\BuildLiteBehavior [ RunTime:0.000028s ]
INFO: [ app_init ] --END-- [ RunTime:0.000661s ]
INFO: [ app_begin ] --START--
INFO: Run Behavior\ReadHtmlCacheBehavior [ RunTime:0.000804s ]
INFO: [ app_begin ] --END-- [ RunTime:0.000947s ]
INFO: [ view_parse ] --START--
INFO: [ template_filter ] --START--
INFO: Run Behavior\ContentReplaceBehavior [ RunTime:0.000094s ]
INFO: [ template_filter ] --END-- [ RunTime:0.000230s ]
INFO: Run Behavior\ParseTemplateBehavior [ RunTime:0.025360s ]
INFO: [ view_parse ] --END-- [ RunTime:0.025590s ]
INFO: [ view_filter ] --START--
INFO: Run Behavior\WriteHtmlCacheBehavior [ RunTime:0.001167s ]
INFO: Run Behavior\TokenBuildBehavior [ RunTime:0.001934s ]
INFO: [ view_filter ] --END-- [ RunTime:0.003468s ]

[ 2016-10-06T21:25:37+08:00 ] 127.0.0.1 /ftms/index.php/Admin/Login/login.html
INFO: [ app_init ] --START--
INFO: Run Behavior\BuildLiteBehavior [ RunTime:0.000089s ]
INFO: [ app_init ] --END-- [ RunTime:0.001595s ]
INFO: [ app_begin ] --START--
INFO: Run Behavior\ReadHtmlCacheBehavior [ RunTime:0.001434s ]
INFO: [ app_begin ] --END-- [ RunTime:0.001692s ]
INFO: [ view_parse ] --START--
INFO: [ template_filter ] --START--
INFO: Run Behavior\ContentReplaceBehavior [ RunTime:0.000209s ]
INFO: [ template_filter ] --END-- [ RunTime:0.000451s ]
INFO: Run Behavior\ParseTemplateBehavior [ RunTime:0.036804s ]
INFO: [ view_parse ] --END-- [ RunTime:0.037060s ]
INFO: [ view_filter ] --START--
INFO: Run Behavior\WriteHtmlCacheBehavior [ RunTime:0.001943s ]
INFO: Run Behavior\TokenBuildBehavior [ RunTime:0.001196s ]
INFO: [ view_filter ] --END-- [ RunTime:0.003505s ]
INFO: [ app_end ] --START--
INFO: Run Behavior\ShowPageTraceBehavior [ RunTime:0.001692s ]
INFO: [ app_end ] --END-- [ RunTime:0.002217s ]

[ 2016-10-06T21:25:46+08:00 ] 127.0.0.1 /ftms/index.php/Admin/Login/validation_login.html
INFO: [ app_init ] --START--
INFO: Run Behavior\BuildLiteBehavior [ RunTime:0.000033s ]
INFO: [ app_init ] --END-- [ RunTime:0.000871s ]
INFO: [ app_begin ] --START--
INFO: Run Behavior\ReadHtmlCacheBehavior [ RunTime:0.001140s ]
INFO: [ app_begin ] --END-- [ RunTime:0.001356s ]
SQL: SELECT `aid`,`username` FROM `ftms_adminmanage` WHERE ( username='admin' and passwd='202cb962ac59075b964b07152d234b70' ) LIMIT 1   [ RunTime:0.0033s ]
INFO: [ view_parse ] --START--
INFO: [ template_filter ] --START--
INFO: Run Behavior\ContentReplaceBehavior [ RunTime:0.000510s ]
INFO: [ template_filter ] --END-- [ RunTime:0.001255s ]
INFO: Run Behavior\ParseTemplateBehavior [ RunTime:0.043428s ]
INFO: [ view_parse ] --END-- [ RunTime:0.043861s ]
INFO: [ view_filter ] --START--
INFO: Run Behavior\WriteHtmlCacheBehavior [ RunTime:0.002270s ]
INFO: Run Behavior\TokenBuildBehavior [ RunTime:0.001939s ]
INFO: [ view_filter ] --END-- [ RunTime:0.004855s ]
INFO: [ app_end ] --START--
INFO: Run Behavior\ShowPageTraceBehavior [ RunTime:0.002528s ]
INFO: [ app_end ] --END-- [ RunTime:0.003028s ]

[ 2016-10-06T21:25:49+08:00 ] 127.0.0.1 /ftms/index.php/Admin/Index/index.html
INFO: [ app_init ] --START--
INFO: Run Behavior\BuildLiteBehavior [ RunTime:0.000178s ]
INFO: [ app_init ] --END-- [ RunTime:0.001071s ]
INFO: [ app_begin ] --START--
INFO: Run Behavior\ReadHtmlCacheBehavior [ RunTime:0.000949s ]
INFO: [ app_begin ] --END-- [ RunTime:0.001148s ]
INFO: [ view_parse ] --START--
INFO: [ template_filter ] --START--
INFO: Run Behavior\ContentReplaceBehavior [ RunTime:0.003770s ]
INFO: [ template_filter ] --END-- [ RunTime:0.004265s ]
INFO: Run Behavior\ParseTemplateBehavior [ RunTime:0.194375s ]
INFO: [ view_parse ] --END-- [ RunTime:0.194605s ]
INFO: [ view_filter ] --START--
INFO: Run Behavior\WriteHtmlCacheBehavior [ RunTime:0.001472s ]
INFO: Run Behavior\TokenBuildBehavior [ RunTime:0.001286s ]
INFO: [ view_filter ] --END-- [ RunTime:0.003123s ]
INFO: [ app_end ] --START--
INFO: Run Behavior\ShowPageTraceBehavior [ RunTime:0.004175s ]
INFO: [ app_end ] --END-- [ RunTime:0.004600s ]

[ 2016-10-06T21:26:05+08:00 ] 127.0.0.1 /ftms/index.php/Admin/Cartool/first_drive.html
INFO: [ app_init ] --START--
INFO: Run Behavior\BuildLiteBehavior [ RunTime:0.000037s ]
INFO: [ app_init ] --END-- [ RunTime:0.001311s ]
INFO: [ app_begin ] --START--
INFO: Run Behavior\ReadHtmlCacheBehavior [ RunTime:0.000997s ]
INFO: [ app_begin ] --END-- [ RunTime:0.001165s ]
INFO: [ view_parse ] --START--
INFO: [ template_filter ] --START--
INFO: Run Behavior\ContentReplaceBehavior [ RunTime:0.001000s ]
INFO: [ template_filter ] --END-- [ RunTime:0.001598s ]
NOTIC: [8] Undefined variable: draft E:\lamp\ftms\Runtime\Cache\Admin\f2b65ea4bc5dbd050037d1938ddd8b4c.php 第 436 行.
INFO: Run Behavior\ParseTemplateBehavior [ RunTime:0.136913s ]
INFO: [ view_parse ] --END-- [ RunTime:0.137089s ]
INFO: [ view_filter ] --START--
INFO: Run Behavior\WriteHtmlCacheBehavior [ RunTime:0.001300s ]
INFO: Run Behavior\TokenBuildBehavior [ RunTime:0.001514s ]
INFO: [ view_filter ] --END-- [ RunTime:0.003296s ]
INFO: [ app_end ] --START--
INFO: Run Behavior\ShowPageTraceBehavior [ RunTime:0.001869s ]
INFO: [ app_end ] --END-- [ RunTime:0.002243s ]

[ 2016-10-06T21:26:15+08:00 ] 127.0.0.1 /ftms/index.php/Admin/Activity/activity_add.html
INFO: [ app_init ] --START--
INFO: Run Behavior\BuildLiteBehavior [ RunTime:0.000047s ]
INFO: [ app_init ] --END-- [ RunTime:0.001826s ]
INFO: [ app_begin ] --START--
INFO: Run Behavior\ReadHtmlCacheBehavior [ RunTime:0.002216s ]
INFO: [ app_begin ] --END-- [ RunTime:0.002445s ]
INFO: [ view_parse ] --START--
INFO: [ template_filter ] --START--
INFO: Run Behavior\ContentReplaceBehavior [ RunTime:0.000449s ]
INFO: [ template_filter ] --END-- [ RunTime:0.000648s ]
INFO: Run Behavior\ParseTemplateBehavior [ RunTime:0.100567s ]
INFO: [ view_parse ] --END-- [ RunTime:0.100985s ]
INFO: [ view_filter ] --START--
INFO: Run Behavior\WriteHtmlCacheBehavior [ RunTime:0.001787s ]
INFO: Run Behavior\TokenBuildBehavior [ RunTime:0.001989s ]
INFO: [ view_filter ] --END-- [ RunTime:0.004322s ]
INFO: [ app_end ] --START--
INFO: Run Behavior\ShowPageTraceBehavior [ RunTime:0.007943s ]
INFO: [ app_end ] --END-- [ RunTime:0.008335s ]

[ 2016-10-06T21:26:22+08:00 ] 127.0.0.1 /ftms/index.php/Admin/Cartool/check_dealers.html
INFO: [ app_init ] --START--
INFO: Run Behavior\BuildLiteBehavior [ RunTime:0.000033s ]
INFO: [ app_init ] --END-- [ RunTime:0.000816s ]
INFO: [ app_begin ] --START--
INFO: Run Behavior\ReadHtmlCacheBehavior [ RunTime:0.001026s ]
INFO: [ app_begin ] --END-- [ RunTime:0.001186s ]
ERR: 模板不存在:./App/Admin/View/Cartool/check_dealers.html

[ 2016-10-06T21:35:08+08:00 ] 127.0.0.1 /ftms/index.php/Admin/Cartool/check_dealers.html
INFO: [ app_init ] --START--
INFO: Run Behavior\BuildLiteBehavior [ RunTime:0.000034s ]
INFO: [ app_init ] --END-- [ RunTime:0.001474s ]
INFO: [ app_begin ] --START--
INFO: Run Behavior\ReadHtmlCacheBehavior [ RunTime:0.002277s ]
INFO: [ app_begin ] --END-- [ RunTime:0.002539s ]
INFO: [ view_parse ] --START--
INFO: [ template_filter ] --START--
INFO: Run Behavior\ContentReplaceBehavior [ RunTime:0.000328s ]
INFO: [ template_filter ] --END-- [ RunTime:0.000480s ]
INFO: Run Behavior\ParseTemplateBehavior [ RunTime:0.067802s ]
INFO: [ view_parse ] --END-- [ RunTime:0.068017s ]
INFO: [ view_filter ] --START--
INFO: Run Behavior\WriteHtmlCacheBehavior [ RunTime:0.005929s ]
INFO: Run Behavior\TokenBuildBehavior [ RunTime:0.001800s ]
INFO: [ view_filter ] --END-- [ RunTime:0.008031s ]
INFO: [ app_end ] --START--
INFO: Run Behavior\ShowPageTraceBehavior [ RunTime:0.002199s ]
INFO: [ app_end ] --END-- [ RunTime:0.002432s ]

[ 2016-10-06T21:35:54+08:00 ] 127.0.0.1 /ftms/index.php/Admin/Cartool/check_dealers.html
INFO: [ app_init ] --START--
INFO: Run Behavior\BuildLiteBehavior [ RunTime:0.000056s ]
INFO: [ app_init ] --END-- [ RunTime:0.002363s ]
INFO: [ app_begin ] --START--
INFO: Run Behavior\ReadHtmlCacheBehavior [ RunTime:0.001802s ]
INFO: [ app_begin ] --END-- [ RunTime:0.002057s ]
INFO: [ view_parse ] --START--
INFO: [ template_filter ] --START--
INFO: Run Behavior\ContentReplaceBehavior [ RunTime:0.000532s ]
INFO: [ template_filter ] --END-- [ RunTime:0.000791s ]
INFO: Run Behavior\ParseTemplateBehavior [ RunTime:0.070552s ]
INFO: [ view_parse ] --END-- [ RunTime:0.070800s ]
INFO: [ view_filter ] --START--
INFO: Run Behavior\WriteHtmlCacheBehavior [ RunTime:0.001519s ]
INFO: Run Behavior\TokenBuildBehavior [ RunTime:0.001861s ]
INFO: [ view_filter ] --END-- [ RunTime:0.005078s ]
INFO: [ app_end ] --START--
INFO: Run Behavior\ShowPageTraceBehavior [ RunTime:0.002363s ]
INFO: [ app_end ] --END-- [ RunTime:0.002623s ]

[ 2016-10-06T21:42:47+08:00 ] 127.0.0.1 /ftms/index.php/Admin/Cartool/offer_consulting.html
INFO: [ app_init ] --START--
INFO: Run Behavior\BuildLiteBehavior [ RunTime:0.000031s ]
INFO: [ app_init ] --END-- [ RunTime:0.000908s ]
INFO: [ app_begin ] --START--
INFO: Run Behavior\ReadHtmlCacheBehavior [ RunTime:0.001157s ]
INFO: [ app_begin ] --END-- [ RunTime:0.001326s ]
ERR: 模板不存在:./App/Admin/View/Cartool/offer_consulting.html

[ 2016-10-06T21:45:14+08:00 ] 127.0.0.1 /ftms/index.php/Admin/Cartool/offer_consulting.html
INFO: [ app_init ] --START--
INFO: Run Behavior\BuildLiteBehavior [ RunTime:0.000063s ]
INFO: [ app_init ] --END-- [ RunTime:0.001631s ]
INFO: [ app_begin ] --START--
INFO: Run Behavior\ReadHtmlCacheBehavior [ RunTime:0.002598s ]
INFO: [ app_begin ] --END-- [ RunTime:0.002878s ]
INFO: [ view_parse ] --START--
INFO: [ template_filter ] --START--
INFO: Run Behavior\ContentReplaceBehavior [ RunTime:0.000537s ]
INFO: [ template_filter ] --END-- [ RunTime:0.000793s ]
INFO: Run Behavior\ParseTemplateBehavior [ RunTime:0.081701s ]
INFO: [ view_parse ] --END-- [ RunTime:0.081958s ]
INFO: [ view_filter ] --START--
INFO: Run Behavior\WriteHtmlCacheBehavior [ RunTime:0.001407s ]
INFO: Run Behavior\TokenBuildBehavior [ RunTime:0.001512s ]
INFO: [ view_filter ] --END-- [ RunTime:0.003285s ]
INFO: [ app_end ] --START--
INFO: Run Behavior\ShowPageTraceBehavior [ RunTime:0.004034s ]
INFO: [ app_end ] --END-- [ RunTime:0.004382s ]

[ 2016-10-06T21:46:30+08:00 ] 127.0.0.1 /ftms/index.php/Admin/Cartool/offer_consulting.html
INFO: [ app_init ] --START--
INFO: Run Behavior\BuildLiteBehavior [ RunTime:0.000052s ]
INFO: [ app_init ] --END-- [ RunTime:0.001362s ]
INFO: [ app_begin ] --START--
INFO: Run Behavior\ReadHtmlCacheBehavior [ RunTime:0.001650s ]
INFO: [ app_begin ] --END-- [ RunTime:0.001926s ]
INFO: [ view_parse ] --START--
INFO: [ template_filter ] --START--
INFO: Run Behavior\ContentReplaceBehavior [ RunTime:0.000612s ]
INFO: [ template_filter ] --END-- [ RunTime:0.000968s ]
INFO: Run Behavior\ParseTemplateBehavior [ RunTime:0.063815s ]
INFO: [ view_parse ] --END-- [ RunTime:0.064061s ]
INFO: [ view_filter ] --START--
INFO: Run Behavior\WriteHtmlCacheBehavior [ RunTime:0.001227s ]
INFO: Run Behavior\TokenBuildBehavior [ RunTime:0.001833s ]
INFO: [ view_filter ] --END-- [ RunTime:0.003434s ]
INFO: [ app_end ] --START--
INFO: Run Behavior\ShowPageTraceBehavior [ RunTime:0.001681s ]
INFO: [ app_end ] --END-- [ RunTime:0.001939s ]

[ 2016-10-06T21:53:03+08:00 ] 127.0.0.1 /ftms/index.php/Admin/Cartool/offer_consulting.html
INFO: [ app_init ] --START--
INFO: Run Behavior\BuildLiteBehavior [ RunTime:0.000047s ]
INFO: [ app_init ] --END-- [ RunTime:0.001403s ]
INFO: [ app_begin ] --START--
INFO: Run Behavior\ReadHtmlCacheBehavior [ RunTime:0.002545s ]
INFO: [ app_begin ] --END-- [ RunTime:0.003733s ]
INFO: [ view_parse ] --START--
INFO: [ template_filter ] --START--
INFO: Run Behavior\ContentReplaceBehavior [ RunTime:0.000819s ]
INFO: [ template_filter ] --END-- [ RunTime:0.001176s ]
INFO: Run Behavior\ParseTemplateBehavior [ RunTime:0.102893s ]
INFO: [ view_parse ] --END-- [ RunTime:0.103202s ]
INFO: [ view_filter ] --START--
INFO: Run Behavior\WriteHtmlCacheBehavior [ RunTime:0.002772s ]
INFO: Run Behavior\TokenBuildBehavior [ RunTime:0.002288s ]
INFO: [ view_filter ] --END-- [ RunTime:0.005598s ]
INFO: [ app_end ] --START--
INFO: Run Behavior\ShowPageTraceBehavior [ RunTime:0.003122s ]
INFO: [ app_end ] --END-- [ RunTime:0.003789s ]

[ 2016-10-06T21:53:05+08:00 ] 127.0.0.1 /ftms/index.php/Admin/cartool/check_dealers.html
INFO: [ app_init ] --START--
INFO: Run Behavior\BuildLiteBehavior [ RunTime:0.000057s ]
INFO: [ app_init ] --END-- [ RunTime:0.001441s ]
INFO: [ app_begin ] --START--
INFO: Run Behavior\ReadHtmlCacheBehavior [ RunTime:0.000865s ]
INFO: [ app_begin ] --END-- [ RunTime:0.001015s ]
INFO: [ view_parse ] --START--
INFO: [ template_filter ] --START--
INFO: Run Behavior\ContentReplaceBehavior [ RunTime:0.000317s ]
INFO: [ template_filter ] --END-- [ RunTime:0.000466s ]
INFO: Run Behavior\ParseTemplateBehavior [ RunTime:0.045601s ]
INFO: [ view_parse ] --END-- [ RunTime:0.045841s ]
INFO: [ view_filter ] --START--
INFO: Run Behavior\WriteHtmlCacheBehavior [ RunTime:0.004523s ]
INFO: Run Behavior\TokenBuildBehavior [ RunTime:0.001284s ]
INFO: [ view_filter ] --END-- [ RunTime:0.006206s ]
INFO: [ app_end ] --START--
INFO: Run Behavior\ShowPageTraceBehavior [ RunTime:0.001657s ]
INFO: [ app_end ] --END-- [ RunTime:0.001898s ]

[ 2016-10-06T21:53:11+08:00 ] 127.0.0.1 /ftms/index.php/Admin/cartool/check_dealers.html
INFO: [ app_init ] --START--
INFO: Run Behavior\BuildLiteBehavior [ RunTime:0.000033s ]
INFO: [ app_init ] --END-- [ RunTime:0.001034s ]
INFO: [ app_begin ] --START--
INFO: Run Behavior\ReadHtmlCacheBehavior [ RunTime:0.000906s ]
INFO: [ app_begin ] --END-- [ RunTime:0.001057s ]
INFO: [ view_parse ] --START--
INFO: [ template_filter ] --START--
INFO: Run Behavior\ContentReplaceBehavior [ RunTime:0.000263s ]
INFO: [ template_filter ] --END-- [ RunTime:0.000443s ]
INFO: Run Behavior\ParseTemplateBehavior [ RunTime:0.037051s ]
INFO: [ view_parse ] --END-- [ RunTime:0.037223s ]
INFO: [ view_filter ] --START--
INFO: Run Behavior\WriteHtmlCacheBehavior [ RunTime:0.000807s ]
INFO: Run Behavior\TokenBuildBehavior [ RunTime:0.001196s ]
INFO: [ view_filter ] --END-- [ RunTime:0.002279s ]
INFO: [ app_end ] --START--
INFO: Run Behavior\ShowPageTraceBehavior [ RunTime:0.001514s ]
INFO: [ app_end ] --END-- [ RunTime:0.002653s ]

[ 2016-10-06T21:53:12+08:00 ] 127.0.0.1 /ftms/index.php/Admin/cartool/check_dealers.html
INFO: [ app_init ] --START--
INFO: Run Behavior\BuildLiteBehavior [ RunTime:0.000033s ]
INFO: [ app_init ] --END-- [ RunTime:0.000849s ]
INFO: [ app_begin ] --START--
INFO: Run Behavior\ReadHtmlCacheBehavior [ RunTime:0.001543s ]
INFO: [ app_begin ] --END-- [ RunTime:0.001859s ]
INFO: [ view_parse ] --START--
INFO: [ template_filter ] --START--
INFO: Run Behavior\ContentReplaceBehavior [ RunTime:0.000490s ]
INFO: [ template_filter ] --END-- [ RunTime:0.000810s ]
INFO: Run Behavior\ParseTemplateBehavior [ RunTime:0.045772s ]
INFO: [ view_parse ] --END-- [ RunTime:0.045998s ]
INFO: [ view_filter ] --START--
INFO: Run Behavior\WriteHtmlCacheBehavior [ RunTime:0.000774s ]
INFO: Run Behavior\TokenBuildBehavior [ RunTime:0.001566s ]
INFO: [ view_filter ] --END-- [ RunTime:0.002697s ]
INFO: [ app_end ] --START--
INFO: Run Behavior\ShowPageTraceBehavior [ RunTime:0.001637s ]
INFO: [ app_end ] --END-- [ RunTime:0.001977s ]

[ 2016-10-06T21:53:17+08:00 ] 127.0.0.1 /ftms/index.php/Admin/Cartool/offer_consulting.html
INFO: [ app_init ] --START--
INFO: Run Behavior\BuildLiteBehavior [ RunTime:0.000036s ]
INFO: [ app_init ] --END-- [ RunTime:0.002702s ]
INFO: [ app_begin ] --START--
INFO: Run Behavior\ReadHtmlCacheBehavior [ RunTime:0.000874s ]
INFO: [ app_begin ] --END-- [ RunTime:0.001024s ]
INFO: [ view_parse ] --START--
INFO: [ template_filter ] --START--
INFO: Run Behavior\ContentReplaceBehavior [ RunTime:0.000363s ]
INFO: [ template_filter ] --END-- [ RunTime:0.000520s ]
INFO: Run Behavior\ParseTemplateBehavior [ RunTime:0.038461s ]
INFO: [ view_parse ] --END-- [ RunTime:0.038602s ]
INFO: [ view_filter ] --START--
INFO: Run Behavior\WriteHtmlCacheBehavior [ RunTime:0.000772s ]
INFO: Run Behavior\TokenBuildBehavior [ RunTime:0.000772s ]
INFO: [ view_filter ] --END-- [ RunTime:0.001862s ]
INFO: [ app_end ] --START--
INFO: Run Behavior\ShowPageTraceBehavior [ RunTime:0.001399s ]
INFO: [ app_end ] --END-- [ RunTime:0.001642s ]

[ 2016-10-06T21:53:23+08:00 ] 127.0.0.1 /ftms/index.php/Admin/cartool/check_dealers.html
INFO: [ app_init ] --START--
INFO: Run Behavior\BuildLiteBehavior [ RunTime:0.000032s ]
INFO: [ app_init ] --END-- [ RunTime:0.001105s ]
INFO: [ app_begin ] --START--
INFO: Run Behavior\ReadHtmlCacheBehavior [ RunTime:0.001120s ]
INFO: [ app_begin ] --END-- [ RunTime:0.001283s ]
INFO: [ view_parse ] --START--
INFO: [ template_filter ] --START--
INFO: Run Behavior\ContentReplaceBehavior [ RunTime:0.000362s ]
INFO: [ template_filter ] --END-- [ RunTime:0.000568s ]
INFO: Run Behavior\ParseTemplateBehavior [ RunTime:0.034328s ]
INFO: [ view_parse ] --END-- [ RunTime:0.034477s ]
INFO: [ view_filter ] --START--
INFO: Run Behavior\WriteHtmlCacheBehavior [ RunTime:0.000779s ]
INFO: Run Behavior\TokenBuildBehavior [ RunTime:0.000883s ]
INFO: [ view_filter ] --END-- [ RunTime:0.001899s ]
INFO: [ app_end ] --START--
INFO: Run Behavior\ShowPageTraceBehavior [ RunTime:0.001792s ]
INFO: [ app_end ] --END-- [ RunTime:0.002097s ]

[ 2016-10-06T21:54:09+08:00 ] 127.0.0.1 /ftms/index.php/Admin/Cartool/offer_consulting.html
INFO: [ app_init ] --START--
INFO: Run Behavior\BuildLiteBehavior [ RunTime:0.000033s ]
INFO: [ app_init ] --END-- [ RunTime:0.000780s ]
INFO: [ app_begin ] --START--
INFO: Run Behavior\ReadHtmlCacheBehavior [ RunTime:0.001379s ]
INFO: [ app_begin ] --END-- [ RunTime:0.001558s ]
INFO: [ view_parse ] --START--
INFO: [ template_filter ] --START--
INFO: Run Behavior\ContentReplaceBehavior [ RunTime:0.000333s ]
INFO: [ template_filter ] --END-- [ RunTime:0.000504s ]
INFO: Run Behavior\ParseTemplateBehavior [ RunTime:0.038741s ]
INFO: [ view_parse ] --END-- [ RunTime:0.038972s ]
INFO: [ view_filter ] --START--
INFO: Run Behavior\WriteHtmlCacheBehavior [ RunTime:0.000982s ]
INFO: Run Behavior\TokenBuildBehavior [ RunTime:0.000940s ]
INFO: [ view_filter ] --END-- [ RunTime:0.002213s ]
INFO: [ app_end ] --START--
INFO: Run Behavior\ShowPageTraceBehavior [ RunTime:0.001529s ]
INFO: [ app_end ] --END-- [ RunTime:0.001820s ]

[ 2016-10-06T21:54:11+08:00 ] 127.0.0.1 /ftms/index.php/Admin/cartool/offer_info.html
INFO: [ app_init ] --START--
INFO: Run Behavior\BuildLiteBehavior [ RunTime:0.000034s ]
INFO: [ app_init ] --END-- [ RunTime:0.002484s ]
INFO: [ app_begin ] --START--
INFO: Run Behavior\ReadHtmlCacheBehavior [ RunTime:0.001313s ]
INFO: [ app_begin ] --END-- [ RunTime:0.001503s ]
INFO: [ view_parse ] --START--
INFO: [ template_filter ] --START--
INFO: Run Behavior\ContentReplaceBehavior [ RunTime:0.000536s ]
INFO: [ template_filter ] --END-- [ RunTime:0.000703s ]
INFO: Run Behavior\ParseTemplateBehavior [ RunTime:0.067405s ]
INFO: [ view_parse ] --END-- [ RunTime:0.067626s ]
INFO: [ view_filter ] --START--
INFO: Run Behavior\WriteHtmlCacheBehavior [ RunTime:0.001339s ]
INFO: Run Behavior\TokenBuildBehavior [ RunTime:0.001218s ]
INFO: [ view_filter ] --END-- [ RunTime:0.003123s ]
INFO: [ app_end ] --START--
INFO: Run Behavior\ShowPageTraceBehavior [ RunTime:0.001433s ]
INFO: [ app_end ] --END-- [ RunTime:0.001704s ]

[ 2016-10-06T21:54:15+08:00 ] 127.0.0.1 /ftms/index.php/Admin/Cartool/calculator.html
INFO: [ app_init ] --START--
INFO: Run Behavior\BuildLiteBehavior [ RunTime:0.000031s ]
INFO: [ app_init ] --END-- [ RunTime:0.000813s ]
INFO: [ app_begin ] --START--
INFO: Run Behavior\ReadHtmlCacheBehavior [ RunTime:0.000962s ]
INFO: [ app_begin ] --END-- [ RunTime:0.001152s ]
ERR: 模板不存在:./App/Admin/View/Cartool/calculator.html

