[ 2016-10-13T17:08:17+08:00 ] 127.0.0.1 /ftms/index.php/admin
INFO: [ app_init ] --START--
INFO: Run Behavior\BuildLiteBehavior [ RunTime:0.000040s ]
INFO: [ app_init ] --END-- [ RunTime:0.001110s ]
INFO: [ app_begin ] --START--
INFO: Run Behavior\ReadHtmlCacheBehavior [ RunTime:0.000710s ]
INFO: [ app_begin ] --END-- [ RunTime:0.000841s ]
INFO: [ view_parse ] --START--
INFO: [ template_filter ] --START--
INFO: Run Behavior\ContentReplaceBehavior [ RunTime:0.000093s ]
INFO: [ template_filter ] --END-- [ RunTime:0.000225s ]
INFO: Run Behavior\ParseTemplateBehavior [ RunTime:0.047026s ]
INFO: [ view_parse ] --END-- [ RunTime:0.047260s ]
INFO: [ view_filter ] --START--
INFO: Run Behavior\WriteHtmlCacheBehavior [ RunTime:0.001869s ]
INFO: Run Behavior\TokenBuildBehavior [ RunTime:0.001317s ]
INFO: [ view_filter ] --END-- [ RunTime:0.003461s ]

[ 2016-10-13T17:08:21+08:00 ] 127.0.0.1 /ftms/index.php/Admin/Login/login.html
INFO: [ app_init ] --START--
INFO: Run Behavior\BuildLiteBehavior [ RunTime:0.000041s ]
INFO: [ app_init ] --END-- [ RunTime:0.001054s ]
INFO: [ app_begin ] --START--
INFO: Run Behavior\ReadHtmlCacheBehavior [ RunTime:0.000943s ]
INFO: [ app_begin ] --END-- [ RunTime:0.001104s ]
INFO: [ view_parse ] --START--
INFO: [ template_filter ] --START--
INFO: Run Behavior\ContentReplaceBehavior [ RunTime:0.000140s ]
INFO: [ template_filter ] --END-- [ RunTime:0.000299s ]
INFO: Run Behavior\ParseTemplateBehavior [ RunTime:0.014334s ]
INFO: [ view_parse ] --END-- [ RunTime:0.014495s ]
INFO: [ view_filter ] --START--
INFO: Run Behavior\WriteHtmlCacheBehavior [ RunTime:0.000967s ]
INFO: Run Behavior\TokenBuildBehavior [ RunTime:0.000804s ]
INFO: [ view_filter ] --END-- [ RunTime:0.002004s ]
INFO: [ app_end ] --START--
INFO: Run Behavior\ShowPageTraceBehavior [ RunTime:0.005920s ]
INFO: [ app_end ] --END-- [ RunTime:0.006158s ]

[ 2016-10-13T17:08:27+08:00 ] 127.0.0.1 /ftms/index.php/Admin/Login/validation_login.html
INFO: [ app_init ] --START--
INFO: Run Behavior\BuildLiteBehavior [ RunTime:0.000067s ]
INFO: [ app_init ] --END-- [ RunTime:0.001965s ]
INFO: [ app_begin ] --START--
INFO: Run Behavior\ReadHtmlCacheBehavior [ RunTime:0.001546s ]
INFO: [ app_begin ] --END-- [ RunTime:0.001788s ]
SQL: SELECT `aid`,`username` FROM `ftms_adminmanage` WHERE ( username='admin' and passwd='202cb962ac59075b964b07152d234b70' ) LIMIT 1   [ RunTime:0.0605s ]
INFO: [ view_parse ] --START--
INFO: [ template_filter ] --START--
INFO: Run Behavior\ContentReplaceBehavior [ RunTime:0.000176s ]
INFO: [ template_filter ] --END-- [ RunTime:0.000415s ]
INFO: Run Behavior\ParseTemplateBehavior [ RunTime:0.023107s ]
INFO: [ view_parse ] --END-- [ RunTime:0.023425s ]
INFO: [ view_filter ] --START--
INFO: Run Behavior\WriteHtmlCacheBehavior [ RunTime:0.001239s ]
INFO: Run Behavior\TokenBuildBehavior [ RunTime:0.001567s ]
INFO: [ view_filter ] --END-- [ RunTime:0.003216s ]
INFO: [ app_end ] --START--
INFO: Run Behavior\ShowPageTraceBehavior [ RunTime:0.001925s ]
INFO: [ app_end ] --END-- [ RunTime:0.002275s ]

[ 2016-10-13T17:08:31+08:00 ] 127.0.0.1 /ftms/index.php/Admin/Index/index.html
INFO: [ app_init ] --START--
INFO: Run Behavior\BuildLiteBehavior [ RunTime:0.000048s ]
INFO: [ app_init ] --END-- [ RunTime:0.001261s ]
INFO: [ app_begin ] --START--
INFO: Run Behavior\ReadHtmlCacheBehavior [ RunTime:0.001237s ]
INFO: [ app_begin ] --END-- [ RunTime:0.001488s ]
INFO: [ view_parse ] --START--
INFO: [ template_filter ] --START--
INFO: Run Behavior\ContentReplaceBehavior [ RunTime:0.001190s ]
INFO: [ template_filter ] --END-- [ RunTime:0.001419s ]
INFO: Run Behavior\ParseTemplateBehavior [ RunTime:0.325199s ]
INFO: [ view_parse ] --END-- [ RunTime:0.325402s ]
INFO: [ view_filter ] --START--
INFO: Run Behavior\WriteHtmlCacheBehavior [ RunTime:0.001552s ]
INFO: Run Behavior\TokenBuildBehavior [ RunTime:0.001161s ]
INFO: [ view_filter ] --END-- [ RunTime:0.003066s ]
INFO: [ app_end ] --START--
INFO: Run Behavior\ShowPageTraceBehavior [ RunTime:0.001706s ]
INFO: [ app_end ] --END-- [ RunTime:0.001968s ]

[ 2016-10-13T17:08:43+08:00 ] 127.0.0.1 /ftms/index.php/Admin/Activity/activity_list.html
INFO: [ app_init ] --START--
INFO: Run Behavior\BuildLiteBehavior [ RunTime:0.000027s ]
INFO: [ app_init ] --END-- [ RunTime:0.000781s ]
INFO: [ app_begin ] --START--
INFO: Run Behavior\ReadHtmlCacheBehavior [ RunTime:0.001523s ]
INFO: [ app_begin ] --END-- [ RunTime:0.001758s ]
SQL: SELECT COUNT(*) AS tp_count FROM `ftms_activity` WHERE (  check_status=1 and display_status=1 ) LIMIT 1   [ RunTime:0.0312s ]
SQL: SELECT * FROM `ftms_activity` WHERE (  check_status=1 and display_status=1 ) LIMIT 0,15   [ RunTime:0.0170s ]
INFO: [ view_parse ] --START--
INFO: [ template_filter ] --START--
INFO: Run Behavior\ContentReplaceBehavior [ RunTime:0.000333s ]
INFO: [ template_filter ] --END-- [ RunTime:0.000476s ]
NOTIC: [8] Undefined variable: data E:\lamp\ftms\Runtime\Cache\Admin\f3ebdf351aab182d35b163f3694406c2.php 第 414 行.
NOTIC: [8] Undefined variable: data E:\lamp\ftms\Runtime\Cache\Admin\f3ebdf351aab182d35b163f3694406c2.php 第 427 行.
INFO: Run Behavior\ParseTemplateBehavior [ RunTime:0.134466s ]
INFO: [ view_parse ] --END-- [ RunTime:0.134722s ]
INFO: [ view_filter ] --START--
INFO: Run Behavior\WriteHtmlCacheBehavior [ RunTime:0.001365s ]
INFO: Run Behavior\TokenBuildBehavior [ RunTime:0.002838s ]
INFO: [ view_filter ] --END-- [ RunTime:0.004585s ]
INFO: [ app_end ] --START--
INFO: Run Behavior\ShowPageTraceBehavior [ RunTime:0.002101s ]
INFO: [ app_end ] --END-- [ RunTime:0.002418s ]

[ 2016-10-13T17:09:05+08:00 ] 127.0.0.1 /ftms/index.php/Admin/Activity/activity_list.html
INFO: [ app_init ] --START--
INFO: Run Behavior\BuildLiteBehavior [ RunTime:0.000026s ]
INFO: [ app_init ] --END-- [ RunTime:0.000823s ]
INFO: [ app_begin ] --START--
INFO: Run Behavior\ReadHtmlCacheBehavior [ RunTime:0.001280s ]
INFO: [ app_begin ] --END-- [ RunTime:0.001453s ]
SQL: SELECT COUNT(*) AS tp_count FROM `ftms_activity` WHERE (  check_status=1 and display_status=1 ) LIMIT 1   [ RunTime:0.0006s ]
SQL: SELECT * FROM `ftms_activity` WHERE (  check_status=1 and display_status=1 ) LIMIT 0,15   [ RunTime:0.0008s ]
INFO: [ view_parse ] --START--
INFO: [ template_filter ] --START--
INFO: Run Behavior\ContentReplaceBehavior [ RunTime:0.000340s ]
INFO: [ template_filter ] --END-- [ RunTime:0.000468s ]
NOTIC: [8] Undefined variable: data E:\lamp\ftms\Runtime\Cache\Admin\f3ebdf351aab182d35b163f3694406c2.php 第 414 行.
NOTIC: [8] Undefined variable: data E:\lamp\ftms\Runtime\Cache\Admin\f3ebdf351aab182d35b163f3694406c2.php 第 427 行.
INFO: Run Behavior\ParseTemplateBehavior [ RunTime:0.041141s ]
INFO: [ view_parse ] --END-- [ RunTime:0.041278s ]
INFO: [ view_filter ] --START--
INFO: Run Behavior\WriteHtmlCacheBehavior [ RunTime:0.001146s ]
INFO: Run Behavior\TokenBuildBehavior [ RunTime:0.001780s ]
INFO: [ view_filter ] --END-- [ RunTime:0.003210s ]
INFO: [ app_end ] --START--
INFO: Run Behavior\ShowPageTraceBehavior [ RunTime:0.001291s ]
INFO: [ app_end ] --END-- [ RunTime:0.001449s ]

[ 2016-10-13T17:10:15+08:00 ] 127.0.0.1 /ftms/index.php/Admin/Dealers/dealers_list.html
INFO: [ app_init ] --START--
INFO: Run Behavior\BuildLiteBehavior [ RunTime:0.000029s ]
INFO: [ app_init ] --END-- [ RunTime:0.001184s ]
INFO: [ app_begin ] --START--
INFO: Run Behavior\ReadHtmlCacheBehavior [ RunTime:0.000988s ]
INFO: [ app_begin ] --END-- [ RunTime:0.001117s ]
NOTIC: [8] Undefined index: type E:\lamp\ftms\App\Admin\Controller\DealersController.class.php 第 13 行.
SQL: SELECT COUNT(*) AS tp_count FROM `ftms_dealers` WHERE (  display_status=1 and is_delete=1 ) LIMIT 1   [ RunTime:0.0008s ]
SQL: SELECT * FROM `ftms_dealers` WHERE (  display_status=1 and is_delete=1 ) LIMIT 0,15   [ RunTime:0.0009s ]
INFO: [ view_parse ] --START--
INFO: [ template_filter ] --START--
INFO: Run Behavior\ContentReplaceBehavior [ RunTime:0.000290s ]
INFO: [ template_filter ] --END-- [ RunTime:0.000407s ]
INFO: Run Behavior\ParseTemplateBehavior [ RunTime:0.050285s ]
INFO: [ view_parse ] --END-- [ RunTime:0.050428s ]
INFO: [ view_filter ] --START--
INFO: Run Behavior\WriteHtmlCacheBehavior [ RunTime:0.000954s ]
INFO: Run Behavior\TokenBuildBehavior [ RunTime:0.000824s ]
INFO: [ view_filter ] --END-- [ RunTime:0.001975s ]
INFO: [ app_end ] --START--
INFO: Run Behavior\ShowPageTraceBehavior [ RunTime:0.001560s ]
INFO: [ app_end ] --END-- [ RunTime:0.001800s ]

[ 2016-10-13T17:35:34+08:00 ] 127.0.0.1 /ftms/index.php/Admin/Dealers/dealers_list.html?search=4t3
INFO: [ app_init ] --START--
INFO: Run Behavior\BuildLiteBehavior [ RunTime:0.000027s ]
INFO: [ app_init ] --END-- [ RunTime:0.001358s ]
INFO: [ app_begin ] --START--
INFO: Run Behavior\ReadHtmlCacheBehavior [ RunTime:0.002500s ]
INFO: [ app_begin ] --END-- [ RunTime:0.002641s ]
NOTIC: [8] Undefined index: type E:\lamp\ftms\App\Admin\Controller\DealersController.class.php 第 13 行.
SQL: SELECT COUNT(*) AS tp_count FROM `ftms_dealers` WHERE (  display_status=1 and is_delete=1 and dealer_name like '%4t3%' ) LIMIT 1   [ RunTime:0.0411s ]
SQL: SELECT * FROM `ftms_dealers` WHERE (  display_status=1 and is_delete=1 and dealer_name like '%4t3%' ) LIMIT 0,15   [ RunTime:0.0029s ]
INFO: [ view_parse ] --START--
INFO: [ template_filter ] --START--
INFO: Run Behavior\ContentReplaceBehavior [ RunTime:0.000783s ]
INFO: [ template_filter ] --END-- [ RunTime:0.001127s ]
INFO: Run Behavior\ParseTemplateBehavior [ RunTime:0.142533s ]
INFO: [ view_parse ] --END-- [ RunTime:0.142814s ]
INFO: [ view_filter ] --START--
INFO: Run Behavior\WriteHtmlCacheBehavior [ RunTime:0.003155s ]
INFO: Run Behavior\TokenBuildBehavior [ RunTime:0.002763s ]
INFO: [ view_filter ] --END-- [ RunTime:0.006432s ]
INFO: [ app_end ] --START--
INFO: Run Behavior\ShowPageTraceBehavior [ RunTime:0.002630s ]
INFO: [ app_end ] --END-- [ RunTime:0.003126s ]

[ 2016-10-13T17:35:38+08:00 ] 127.0.0.1 /ftms/index.php/Admin/Dealers/dealers_list.html?search=
INFO: [ app_init ] --START--
INFO: Run Behavior\BuildLiteBehavior [ RunTime:0.000059s ]
INFO: [ app_init ] --END-- [ RunTime:0.001142s ]
INFO: [ app_begin ] --START--
INFO: Run Behavior\ReadHtmlCacheBehavior [ RunTime:0.000932s ]
INFO: [ app_begin ] --END-- [ RunTime:0.001089s ]
NOTIC: [8] Undefined index: type E:\lamp\ftms\App\Admin\Controller\DealersController.class.php 第 13 行.
SQL: SELECT COUNT(*) AS tp_count FROM `ftms_dealers` WHERE (  display_status=1 and is_delete=1 ) LIMIT 1   [ RunTime:0.0082s ]
SQL: SELECT * FROM `ftms_dealers` WHERE (  display_status=1 and is_delete=1 ) LIMIT 0,15   [ RunTime:0.0011s ]
INFO: [ view_parse ] --START--
INFO: [ template_filter ] --START--
INFO: Run Behavior\ContentReplaceBehavior [ RunTime:0.000583s ]
INFO: [ template_filter ] --END-- [ RunTime:0.000827s ]
INFO: Run Behavior\ParseTemplateBehavior [ RunTime:0.112002s ]
INFO: [ view_parse ] --END-- [ RunTime:0.112270s ]
INFO: [ view_filter ] --START--
INFO: Run Behavior\WriteHtmlCacheBehavior [ RunTime:0.001303s ]
INFO: Run Behavior\TokenBuildBehavior [ RunTime:0.001788s ]
INFO: [ view_filter ] --END-- [ RunTime:0.003459s ]
INFO: [ app_end ] --START--
INFO: Run Behavior\ShowPageTraceBehavior [ RunTime:0.013808s ]
INFO: [ app_end ] --END-- [ RunTime:0.014072s ]

[ 2016-10-13T17:37:09+08:00 ] 127.0.0.1 /ftms/index.php/Admin/Dealers/undisplay.html
INFO: [ app_init ] --START--
INFO: Run Behavior\BuildLiteBehavior [ RunTime:0.000032s ]
INFO: [ app_init ] --END-- [ RunTime:0.000957s ]
INFO: [ app_begin ] --START--
INFO: Run Behavior\ReadHtmlCacheBehavior [ RunTime:0.000760s ]
INFO: [ app_begin ] --END-- [ RunTime:0.000906s ]
SQL: SELECT * FROM `ftms_dealers` WHERE ( display_status=0 and is_delete=1 )  [ RunTime:0.0009s ]
INFO: [ view_parse ] --START--
INFO: [ template_filter ] --START--
INFO: Run Behavior\ContentReplaceBehavior [ RunTime:0.000298s ]
INFO: [ template_filter ] --END-- [ RunTime:0.000417s ]
NOTIC: [8] Undefined index: status E:\lamp\ftms\Runtime\Cache\Admin\66f668029731cd0696675d515afc3e34.php 第 463 行.
NOTIC: [8] Undefined variable: show E:\lamp\ftms\Runtime\Cache\Admin\66f668029731cd0696675d515afc3e34.php 第 471 行.
INFO: Run Behavior\ParseTemplateBehavior [ RunTime:0.069946s ]
INFO: [ view_parse ] --END-- [ RunTime:0.070113s ]
INFO: [ view_filter ] --START--
INFO: Run Behavior\WriteHtmlCacheBehavior [ RunTime:0.000916s ]
INFO: Run Behavior\TokenBuildBehavior [ RunTime:0.000695s ]
INFO: [ view_filter ] --END-- [ RunTime:0.001796s ]
INFO: [ app_end ] --START--
INFO: Run Behavior\ShowPageTraceBehavior [ RunTime:0.001597s ]
INFO: [ app_end ] --END-- [ RunTime:0.001856s ]

[ 2016-10-13T17:38:44+08:00 ] 127.0.0.1 /ftms/index.php/admin
INFO: [ app_init ] --START--
INFO: Run Behavior\BuildLiteBehavior [ RunTime:0.000029s ]
INFO: [ app_init ] --END-- [ RunTime:0.000719s ]
INFO: [ app_begin ] --START--
INFO: Run Behavior\ReadHtmlCacheBehavior [ RunTime:0.001805s ]
INFO: [ app_begin ] --END-- [ RunTime:0.002206s ]
INFO: [ view_parse ] --START--
INFO: [ template_filter ] --START--
INFO: Run Behavior\ContentReplaceBehavior [ RunTime:0.000750s ]
INFO: [ template_filter ] --END-- [ RunTime:0.000883s ]
INFO: Run Behavior\ParseTemplateBehavior [ RunTime:0.066530s ]
INFO: [ view_parse ] --END-- [ RunTime:0.066685s ]
INFO: [ view_filter ] --START--
INFO: Run Behavior\WriteHtmlCacheBehavior [ RunTime:0.000988s ]
INFO: Run Behavior\TokenBuildBehavior [ RunTime:0.000919s ]
INFO: [ view_filter ] --END-- [ RunTime:0.002095s ]
INFO: [ app_end ] --START--
INFO: Run Behavior\ShowPageTraceBehavior [ RunTime:0.001169s ]
INFO: [ app_end ] --END-- [ RunTime:0.001527s ]

[ 2016-10-13T17:38:53+08:00 ] 127.0.0.1 /ftms/index.php/Admin/Dealers/dealers_list.html
INFO: [ app_init ] --START--
INFO: Run Behavior\BuildLiteBehavior [ RunTime:0.000027s ]
INFO: [ app_init ] --END-- [ RunTime:0.000814s ]
INFO: [ app_begin ] --START--
INFO: Run Behavior\ReadHtmlCacheBehavior [ RunTime:0.001101s ]
INFO: [ app_begin ] --END-- [ RunTime:0.001251s ]
NOTIC: [8] Undefined index: type E:\lamp\ftms\App\Admin\Controller\DealersController.class.php 第 13 行.
SQL: SELECT COUNT(*) AS tp_count FROM `ftms_dealers` WHERE (  display_status=1 and is_delete=1 ) LIMIT 1   [ RunTime:0.0656s ]
SQL: SELECT * FROM `ftms_dealers` WHERE (  display_status=1 and is_delete=1 ) LIMIT 0,15   [ RunTime:0.0012s ]
INFO: [ view_parse ] --START--
INFO: [ template_filter ] --START--
INFO: Run Behavior\ContentReplaceBehavior [ RunTime:0.000322s ]
INFO: [ template_filter ] --END-- [ RunTime:0.000439s ]
INFO: Run Behavior\ParseTemplateBehavior [ RunTime:0.046180s ]
INFO: [ view_parse ] --END-- [ RunTime:0.046394s ]
INFO: [ view_filter ] --START--
INFO: Run Behavior\WriteHtmlCacheBehavior [ RunTime:0.001030s ]
INFO: Run Behavior\TokenBuildBehavior [ RunTime:0.000987s ]
INFO: [ view_filter ] --END-- [ RunTime:0.002221s ]
INFO: [ app_end ] --START--
INFO: Run Behavior\ShowPageTraceBehavior [ RunTime:0.001325s ]
INFO: [ app_end ] --END-- [ RunTime:0.001475s ]

[ 2016-10-13T17:39:58+08:00 ] 127.0.0.1 /ftms/index.php/Admin/Dealers/dealers_list.html
INFO: [ app_init ] --START--
INFO: Run Behavior\BuildLiteBehavior [ RunTime:0.000029s ]
INFO: [ app_init ] --END-- [ RunTime:0.000878s ]
INFO: [ app_begin ] --START--
INFO: Run Behavior\ReadHtmlCacheBehavior [ RunTime:0.001060s ]
INFO: [ app_begin ] --END-- [ RunTime:0.001184s ]
INFO: [ view_parse ] --START--
INFO: [ template_filter ] --START--
INFO: Run Behavior\ContentReplaceBehavior [ RunTime:0.000093s ]
INFO: [ template_filter ] --END-- [ RunTime:0.000231s ]
INFO: Run Behavior\ParseTemplateBehavior [ RunTime:0.038125s ]
INFO: [ view_parse ] --END-- [ RunTime:0.038262s ]
INFO: [ view_filter ] --START--
INFO: Run Behavior\WriteHtmlCacheBehavior [ RunTime:0.000932s ]
INFO: Run Behavior\TokenBuildBehavior [ RunTime:0.001040s ]
INFO: [ view_filter ] --END-- [ RunTime:0.002166s ]

[ 2016-10-13T17:40:02+08:00 ] 127.0.0.1 /ftms/index.php/Admin/Login/login.html
INFO: [ app_init ] --START--
INFO: Run Behavior\BuildLiteBehavior [ RunTime:0.000028s ]
INFO: [ app_init ] --END-- [ RunTime:0.000835s ]
INFO: [ app_begin ] --START--
INFO: Run Behavior\ReadHtmlCacheBehavior [ RunTime:0.002442s ]
INFO: [ app_begin ] --END-- [ RunTime:0.002637s ]
INFO: [ view_parse ] --START--
INFO: [ template_filter ] --START--
INFO: Run Behavior\ContentReplaceBehavior [ RunTime:0.000172s ]
INFO: [ template_filter ] --END-- [ RunTime:0.000306s ]
INFO: Run Behavior\ParseTemplateBehavior [ RunTime:0.014030s ]
INFO: [ view_parse ] --END-- [ RunTime:0.014166s ]
INFO: [ view_filter ] --START--
INFO: Run Behavior\WriteHtmlCacheBehavior [ RunTime:0.000943s ]
INFO: Run Behavior\TokenBuildBehavior [ RunTime:0.001024s ]
INFO: [ view_filter ] --END-- [ RunTime:0.002165s ]
INFO: [ app_end ] --START--
INFO: Run Behavior\ShowPageTraceBehavior [ RunTime:0.001538s ]
INFO: [ app_end ] --END-- [ RunTime:0.001740s ]

[ 2016-10-13T17:40:07+08:00 ] 127.0.0.1 /ftms/index.php/Admin/Login/validation_login.html
INFO: [ app_init ] --START--
INFO: Run Behavior\BuildLiteBehavior [ RunTime:0.000025s ]
INFO: [ app_init ] --END-- [ RunTime:0.000815s ]
INFO: [ app_begin ] --START--
INFO: Run Behavior\ReadHtmlCacheBehavior [ RunTime:0.001278s ]
INFO: [ app_begin ] --END-- [ RunTime:0.001415s ]
SQL: SELECT `aid`,`username` FROM `ftms_adminmanage` WHERE ( username='admin' and passwd='202cb962ac59075b964b07152d234b70' ) LIMIT 1   [ RunTime:0.0010s ]
INFO: [ view_parse ] --START--
INFO: [ template_filter ] --START--
INFO: Run Behavior\ContentReplaceBehavior [ RunTime:0.000108s ]
INFO: [ template_filter ] --END-- [ RunTime:0.000261s ]
INFO: Run Behavior\ParseTemplateBehavior [ RunTime:0.011090s ]
INFO: [ view_parse ] --END-- [ RunTime:0.011292s ]
INFO: [ view_filter ] --START--
INFO: Run Behavior\WriteHtmlCacheBehavior [ RunTime:0.001156s ]
INFO: Run Behavior\TokenBuildBehavior [ RunTime:0.001313s ]
INFO: [ view_filter ] --END-- [ RunTime:0.002733s ]
INFO: [ app_end ] --START--
INFO: Run Behavior\ShowPageTraceBehavior [ RunTime:0.002034s ]
INFO: [ app_end ] --END-- [ RunTime:0.002367s ]

[ 2016-10-13T17:40:10+08:00 ] 127.0.0.1 /ftms/index.php/Admin/Index/index.html
INFO: [ app_init ] --START--
INFO: Run Behavior\BuildLiteBehavior [ RunTime:0.000034s ]
INFO: [ app_init ] --END-- [ RunTime:0.002297s ]
INFO: [ app_begin ] --START--
INFO: Run Behavior\ReadHtmlCacheBehavior [ RunTime:0.001242s ]
INFO: [ app_begin ] --END-- [ RunTime:0.001392s ]
INFO: [ view_parse ] --START--
INFO: [ template_filter ] --START--
INFO: Run Behavior\ContentReplaceBehavior [ RunTime:0.001290s ]
INFO: [ template_filter ] --END-- [ RunTime:0.001517s ]
INFO: Run Behavior\ParseTemplateBehavior [ RunTime:0.042144s ]
INFO: [ view_parse ] --END-- [ RunTime:0.042336s ]
INFO: [ view_filter ] --START--
INFO: Run Behavior\WriteHtmlCacheBehavior [ RunTime:0.001366s ]
INFO: Run Behavior\TokenBuildBehavior [ RunTime:0.001195s ]
INFO: [ view_filter ] --END-- [ RunTime:0.002848s ]
INFO: [ app_end ] --START--
INFO: Run Behavior\ShowPageTraceBehavior [ RunTime:0.002685s ]
INFO: [ app_end ] --END-- [ RunTime:0.002917s ]

[ 2016-10-13T17:40:14+08:00 ] 127.0.0.1 /ftms/index.php/Admin/Dealers/dealers_list.html
INFO: [ app_init ] --START--
INFO: Run Behavior\BuildLiteBehavior [ RunTime:0.000028s ]
INFO: [ app_init ] --END-- [ RunTime:0.000811s ]
INFO: [ app_begin ] --START--
INFO: Run Behavior\ReadHtmlCacheBehavior [ RunTime:0.001364s ]
INFO: [ app_begin ] --END-- [ RunTime:0.001591s ]
NOTIC: [8] Undefined index: type E:\lamp\ftms\App\Admin\Controller\DealersController.class.php 第 13 行.
SQL: SELECT COUNT(*) AS tp_count FROM `ftms_dealers` WHERE (  display_status=1 and is_delete=1 ) LIMIT 1   [ RunTime:0.0004s ]
SQL: SELECT * FROM `ftms_dealers` WHERE (  display_status=1 and is_delete=1 ) LIMIT 0,15   [ RunTime:0.0009s ]
INFO: [ view_parse ] --START--
INFO: [ template_filter ] --START--
INFO: Run Behavior\ContentReplaceBehavior [ RunTime:0.000302s ]
INFO: [ template_filter ] --END-- [ RunTime:0.000427s ]
INFO: Run Behavior\ParseTemplateBehavior [ RunTime:0.042108s ]
INFO: [ view_parse ] --END-- [ RunTime:0.042262s ]
INFO: [ view_filter ] --START--
INFO: Run Behavior\WriteHtmlCacheBehavior [ RunTime:0.001694s ]
INFO: Run Behavior\TokenBuildBehavior [ RunTime:0.001304s ]
INFO: [ view_filter ] --END-- [ RunTime:0.003244s ]
INFO: [ app_end ] --START--
INFO: Run Behavior\ShowPageTraceBehavior [ RunTime:0.001836s ]
INFO: [ app_end ] --END-- [ RunTime:0.002042s ]

[ 2016-10-13T17:45:00+08:00 ] 127.0.0.1 /ftms/index.php/Admin/Dealers/dealers_list.html
INFO: [ app_init ] --START--
INFO: Run Behavior\BuildLiteBehavior [ RunTime:0.000027s ]
INFO: [ app_init ] --END-- [ RunTime:0.000910s ]
INFO: [ app_begin ] --START--
INFO: Run Behavior\ReadHtmlCacheBehavior [ RunTime:0.001070s ]
INFO: [ app_begin ] --END-- [ RunTime:0.001235s ]
NOTIC: [8] Undefined index: type E:\lamp\ftms\App\Admin\Controller\DealersController.class.php 第 13 行.
SQL: SELECT COUNT(*) AS tp_count FROM `ftms_dealers` WHERE (  display_status=1 and is_delete=1 ) LIMIT 1   [ RunTime:0.0006s ]
SQL: SELECT * FROM `ftms_dealers` WHERE (  display_status=1 and is_delete=1 ) LIMIT 0,15   [ RunTime:0.0008s ]
INFO: [ view_parse ] --START--
INFO: [ template_filter ] --START--
INFO: Run Behavior\ContentReplaceBehavior [ RunTime:0.000739s ]
INFO: [ template_filter ] --END-- [ RunTime:0.001009s ]
INFO: Run Behavior\ParseTemplateBehavior [ RunTime:0.047582s ]
INFO: [ view_parse ] --END-- [ RunTime:0.047738s ]
INFO: [ view_filter ] --START--
INFO: Run Behavior\WriteHtmlCacheBehavior [ RunTime:0.001051s ]
INFO: Run Behavior\TokenBuildBehavior [ RunTime:0.000979s ]
INFO: [ view_filter ] --END-- [ RunTime:0.002227s ]
INFO: [ app_end ] --START--
INFO: Run Behavior\ShowPageTraceBehavior [ RunTime:0.001627s ]
INFO: [ app_end ] --END-- [ RunTime:0.001808s ]

